INFO:	2023/01/22 08:08:23 main.go:16: Handling requests
[GIN-debug] [WARNING] Running in "debug" mode. Switch to "release" mode in production.
 - using env:	export GIN_MODE=release
 - using code:	gin.SetMode(gin.ReleaseMode)

[GIN-debug] GET    /                         --> github.com/asianchinaboi/backendserver/internal/api/routes/static.staticFiles (2 handlers)
[GIN-debug] POST   /api/admin/reset          --> github.com/asianchinaboi/backendserver/internal/api/routes/admin.reset (4 handlers)
[GIN-debug] POST   /api/admin/banip          --> github.com/asianchinaboi/backendserver/internal/api/routes/admin.banIP (4 handlers)
[GIN-debug] GET    /api/admin/users          --> github.com/asianchinaboi/backendserver/internal/api/routes/admin/users.Get (4 handlers)
[GIN-debug] DELETE /api/admin/users/:userId  --> github.com/asianchinaboi/backendserver/internal/api/routes/admin/users.Delete (4 handlers)
[GIN-debug] PATCH  /api/admin/users/:userId  --> github.com/asianchinaboi/backendserver/internal/api/routes/admin/users.Edit (4 handlers)
[GIN-debug] GET    /api/admin/guilds         --> github.com/asianchinaboi/backendserver/internal/api/routes/admin/guilds.Get (4 handlers)
[GIN-debug] DELETE /api/admin/guilds/:userId --> github.com/asianchinaboi/backendserver/internal/api/routes/admin/guilds.Delete (4 handlers)
[GIN-debug] PATCH  /api/admin/guilds/:userId --> github.com/asianchinaboi/backendserver/internal/api/routes/admin/guilds.Edit (4 handlers)
[GIN-debug] GET    /api/status/              --> github.com/asianchinaboi/backendserver/internal/api/routes/status.ShowStatus (3 handlers)
[GIN-debug] POST   /api/guilds/              --> github.com/asianchinaboi/backendserver/internal/api/routes/guilds.createGuild (4 handlers)
[GIN-debug] POST   /api/guilds/join          --> github.com/asianchinaboi/backendserver/internal/api/routes/guilds.joinGuild (4 handlers)
[GIN-debug] DELETE /api/guilds/:guildId      --> github.com/asianchinaboi/backendserver/internal/api/routes/guilds.deleteGuild (4 handlers)
[GIN-debug] PATCH  /api/guilds/:guildId      --> github.com/asianchinaboi/backendserver/internal/api/routes/guilds.editGuild (4 handlers)
[GIN-debug] GET    /api/guilds/:guildId/settings --> github.com/asianchinaboi/backendserver/internal/api/routes/guilds.getSettings (4 handlers)
[GIN-debug] GET    /api/guilds/:guildId/members --> github.com/asianchinaboi/backendserver/internal/api/routes/guilds/members.Get (4 handlers)
[GIN-debug] DELETE /api/guilds/:guildId/members/:userId --> github.com/asianchinaboi/backendserver/internal/api/routes/guilds/members.Kick (4 handlers)
[GIN-debug] POST   /api/guilds/:guildId/members/:userId/owner --> github.com/asianchinaboi/backendserver/internal/api/routes/guilds/members.ChangeOwner (4 handlers)
[GIN-debug] GET    /api/guilds/:guildId/msgs --> github.com/asianchinaboi/backendserver/internal/api/routes/guilds/msg.Get (4 handlers)
[GIN-debug] POST   /api/guilds/:guildId/msgs --> github.com/asianchinaboi/backendserver/internal/api/routes/guilds/msg.Send (4 handlers)
[GIN-debug] DELETE /api/guilds/:guildId/msgs/:msgId --> github.com/asianchinaboi/backendserver/internal/api/routes/guilds/msg.Delete (4 handlers)
[GIN-debug] PATCH  /api/guilds/:guildId/msgs/:msgId --> github.com/asianchinaboi/backendserver/internal/api/routes/guilds/msg.Edit (4 handlers)
[GIN-debug] DELETE /api/guilds/:guildId/msgs/clear --> github.com/asianchinaboi/backendserver/internal/api/routes/guilds/msg.Clear (4 handlers)
[GIN-debug] POST   /api/guilds/:guildId/msgs/typing --> github.com/asianchinaboi/backendserver/internal/api/routes/guilds/msg.Typing (4 handlers)
[GIN-debug] POST   /api/guilds/:guildId/msgs/read --> github.com/asianchinaboi/backendserver/internal/api/routes/guilds/msg.Read (4 handlers)
[GIN-debug] GET    /api/guilds/:guildId/bans --> github.com/asianchinaboi/backendserver/internal/api/routes/guilds/bans.Get (4 handlers)
[GIN-debug] POST   /api/guilds/:guildId/bans/:userId --> github.com/asianchinaboi/backendserver/internal/api/routes/guilds/bans.Ban (4 handlers)
[GIN-debug] DELETE /api/guilds/:guildId/bans/:userId --> github.com/asianchinaboi/backendserver/internal/api/routes/guilds/bans.Unban (4 handlers)
[GIN-debug] GET    /api/guilds/:guildId/invites --> github.com/asianchinaboi/backendserver/internal/api/routes/guilds/invites.Get (4 handlers)
[GIN-debug] POST   /api/guilds/:guildId/invites --> github.com/asianchinaboi/backendserver/internal/api/routes/guilds/invites.Create (4 handlers)
[GIN-debug] DELETE /api/guilds/:guildId/invites/:invite --> github.com/asianchinaboi/backendserver/internal/api/routes/guilds/invites.Delete (4 handlers)
[GIN-debug] POST   /api/users/               --> github.com/asianchinaboi/backendserver/internal/api/routes/users.userCreate (3 handlers)
[GIN-debug] DELETE /api/users/               --> github.com/asianchinaboi/backendserver/internal/api/routes/users.userDelete (3 handlers)
[GIN-debug] DELETE /api/users/msgs           --> github.com/asianchinaboi/backendserver/internal/api/routes/users.clearUserMsg (3 handlers)
[GIN-debug] POST   /api/users/auth           --> github.com/asianchinaboi/backendserver/internal/api/routes/users.userAuth (3 handlers)
[GIN-debug] PATCH  /api/users/@me            --> github.com/asianchinaboi/backendserver/internal/api/routes/users.editSelf (3 handlers)
[GIN-debug] GET    /api/users/@me            --> github.com/asianchinaboi/backendserver/internal/api/routes/users.getSelfInfo (4 handlers)
[GIN-debug] GET    /api/users/guilds         --> github.com/asianchinaboi/backendserver/internal/api/routes/users.getSelfGuilds (5 handlers)
[GIN-debug] DELETE /api/users/guilds/:guildId --> github.com/asianchinaboi/backendserver/internal/api/routes/users.leaveGuild (6 handlers)
[GIN-debug] GET    /api/ws/                  --> github.com/asianchinaboi/backendserver/internal/api/routes/ws.webSocket (3 handlers)
ERROR:	2023/01/22 08:08:51 static.go:30: CreateFile build\C:: The filename, directory name, or volume label syntax is incorrect.
[GIN-debug] redirecting request 301: /api/status/ --> /api/status/
DEBUG:	2023/01/22 08:11:05 cooldown.go:65: Created new limiter
DEBUG:	2023/01/22 08:11:05 cooldown.go:72: before send chan
DEBUG:	2023/01/22 08:11:05 cooldown.go:37: Started limiter
DEBUG:	2023/01/22 08:11:05 cooldown.go:41: received a msg to add
DEBUG:	2023/01/22 08:11:05 cooldown.go:74: after send chan
DEBUG:	2023/01/22 08:11:05 cooldown.go:15: [::1]:56160
DEBUG:	2023/01/22 08:11:19 cooldown.go:65: Created new limiter
DEBUG:	2023/01/22 08:11:19 cooldown.go:72: before send chan
DEBUG:	2023/01/22 08:11:19 cooldown.go:37: Started limiter
DEBUG:	2023/01/22 08:11:19 cooldown.go:41: received a msg to add
DEBUG:	2023/01/22 08:11:19 cooldown.go:74: after send chan
DEBUG:	2023/01/22 08:11:19 cooldown.go:15: [::1]:56164
DEBUG:	2023/01/22 08:11:21 cooldown.go:72: before send chan
DEBUG:	2023/01/22 08:11:21 cooldown.go:74: after send chan
DEBUG:	2023/01/22 08:11:21 cooldown.go:15: [::1]:56164
DEBUG:	2023/01/22 08:11:21 cooldown.go:41: received a msg to add
DEBUG:	2023/01/22 08:11:23 cooldown.go:72: before send chan
DEBUG:	2023/01/22 08:11:23 cooldown.go:74: after send chan
DEBUG:	2023/01/22 08:11:23 cooldown.go:15: [::1]:56164
DEBUG:	2023/01/22 08:11:23 cooldown.go:41: received a msg to add
DEBUG:	2023/01/22 08:11:24 cooldown.go:65: Created new limiter
DEBUG:	2023/01/22 08:11:24 cooldown.go:72: before send chan
DEBUG:	2023/01/22 08:11:24 cooldown.go:37: Started limiter
DEBUG:	2023/01/22 08:11:24 cooldown.go:41: received a msg to add
DEBUG:	2023/01/22 08:11:24 cooldown.go:74: after send chan
DEBUG:	2023/01/22 08:11:24 cooldown.go:15: [::1]:56166
DEBUG:	2023/01/22 08:11:24 cooldown.go:72: before send chan
DEBUG:	2023/01/22 08:11:24 cooldown.go:74: after send chan
DEBUG:	2023/01/22 08:11:24 cooldown.go:15: [::1]:56166
DEBUG:	2023/01/22 08:11:24 cooldown.go:41: received a msg to add
DEBUG:	2023/01/22 08:11:24 cooldown.go:72: before send chan
DEBUG:	2023/01/22 08:11:24 cooldown.go:74: after send chan
DEBUG:	2023/01/22 08:11:24 cooldown.go:15: [::1]:56166
DEBUG:	2023/01/22 08:11:24 cooldown.go:41: received a msg to add
DEBUG:	2023/01/22 08:11:24 cooldown.go:72: before send chan
DEBUG:	2023/01/22 08:11:24 cooldown.go:74: after send chan
DEBUG:	2023/01/22 08:11:24 cooldown.go:15: [::1]:56166
DEBUG:	2023/01/22 08:11:24 cooldown.go:41: received a msg to add
DEBUG:	2023/01/22 08:11:24 cooldown.go:72: before send chan
DEBUG:	2023/01/22 08:11:24 cooldown.go:74: after send chan
DEBUG:	2023/01/22 08:11:24 cooldown.go:15: [::1]:56166
DEBUG:	2023/01/22 08:11:24 cooldown.go:41: received a msg to add
DEBUG:	2023/01/22 08:11:24 cooldown.go:72: before send chan
DEBUG:	2023/01/22 08:11:24 cooldown.go:74: after send chan
DEBUG:	2023/01/22 08:11:24 cooldown.go:15: [::1]:56166
DEBUG:	2023/01/22 08:11:24 cooldown.go:41: received a msg to add
DEBUG:	2023/01/22 08:11:25 cooldown.go:72: before send chan
DEBUG:	2023/01/22 08:11:25 cooldown.go:74: after send chan
DEBUG:	2023/01/22 08:11:25 cooldown.go:15: [::1]:56166
DEBUG:	2023/01/22 08:11:25 cooldown.go:41: received a msg to add
DEBUG:	2023/01/22 08:11:25 cooldown.go:72: before send chan
DEBUG:	2023/01/22 08:11:25 cooldown.go:74: after send chan
DEBUG:	2023/01/22 08:11:25 cooldown.go:15: [::1]:56166
DEBUG:	2023/01/22 08:11:25 cooldown.go:41: received a msg to add
DEBUG:	2023/01/22 08:11:25 cooldown.go:72: before send chan
DEBUG:	2023/01/22 08:11:25 cooldown.go:74: after send chan
DEBUG:	2023/01/22 08:11:25 cooldown.go:15: [::1]:56166
DEBUG:	2023/01/22 08:11:25 cooldown.go:41: received a msg to add
DEBUG:	2023/01/22 08:11:25 cooldown.go:72: before send chan
DEBUG:	2023/01/22 08:11:25 cooldown.go:74: after send chan
DEBUG:	2023/01/22 08:11:25 cooldown.go:15: [::1]:56166
DEBUG:	2023/01/22 08:11:25 cooldown.go:41: received a msg to add
DEBUG:	2023/01/22 08:11:25 cooldown.go:15: [::1]:56166
ERROR:	2023/01/22 08:11:25 cooldown.go:17: cooldown: cooldown is active
DEBUG:	2023/01/22 08:11:26 cooldown.go:15: [::1]:56166
ERROR:	2023/01/22 08:11:26 cooldown.go:17: cooldown: cooldown is active
DEBUG:	2023/01/22 08:11:26 cooldown.go:15: [::1]:56166
ERROR:	2023/01/22 08:11:26 cooldown.go:17: cooldown: cooldown is active
DEBUG:	2023/01/22 08:11:26 cooldown.go:15: [::1]:56166
ERROR:	2023/01/22 08:11:26 cooldown.go:17: cooldown: cooldown is active
DEBUG:	2023/01/22 08:11:26 cooldown.go:15: [::1]:56166
ERROR:	2023/01/22 08:11:26 cooldown.go:17: cooldown: cooldown is active
DEBUG:	2023/01/22 08:11:28 cooldown.go:15: [::1]:56166
ERROR:	2023/01/22 08:11:28 cooldown.go:17: cooldown: cooldown is active
DEBUG:	2023/01/22 08:11:29 cooldown.go:15: [::1]:56166
ERROR:	2023/01/22 08:11:29 cooldown.go:17: cooldown: cooldown is active
DEBUG:	2023/01/22 08:11:30 cooldown.go:15: [::1]:56166
ERROR:	2023/01/22 08:11:30 cooldown.go:17: cooldown: cooldown is active
DEBUG:	2023/01/22 08:11:31 cooldown.go:15: [::1]:56166
ERROR:	2023/01/22 08:11:31 cooldown.go:17: cooldown: cooldown is active
DEBUG:	2023/01/22 08:11:31 cooldown.go:15: [::1]:56166
ERROR:	2023/01/22 08:11:31 cooldown.go:17: cooldown: cooldown is active
DEBUG:	2023/01/22 08:11:31 cooldown.go:15: [::1]:56166
ERROR:	2023/01/22 08:11:31 cooldown.go:17: cooldown: cooldown is active
DEBUG:	2023/01/22 08:11:32 cooldown.go:15: [::1]:56166
ERROR:	2023/01/22 08:11:32 cooldown.go:17: cooldown: cooldown is active
DEBUG:	2023/01/22 08:11:32 cooldown.go:15: [::1]:56166
ERROR:	2023/01/22 08:11:32 cooldown.go:17: cooldown: cooldown is active
DEBUG:	2023/01/22 08:11:32 cooldown.go:15: [::1]:56166
ERROR:	2023/01/22 08:11:32 cooldown.go:17: cooldown: cooldown is active
DEBUG:	2023/01/22 08:11:33 cooldown.go:15: [::1]:56166
ERROR:	2023/01/22 08:11:33 cooldown.go:17: cooldown: cooldown is active
DEBUG:	2023/01/22 08:11:34 cooldown.go:65: Created new limiter
DEBUG:	2023/01/22 08:11:34 cooldown.go:72: before send chan
DEBUG:	2023/01/22 08:11:34 cooldown.go:37: Started limiter
DEBUG:	2023/01/22 08:11:34 cooldown.go:41: received a msg to add
DEBUG:	2023/01/22 08:11:34 cooldown.go:74: after send chan
DEBUG:	2023/01/22 08:11:34 cooldown.go:15: [::1]:56170
DEBUG:	2023/01/22 08:11:35 cooldown.go:72: before send chan
DEBUG:	2023/01/22 08:11:35 cooldown.go:74: after send chan
DEBUG:	2023/01/22 08:11:35 cooldown.go:15: [::1]:56170
DEBUG:	2023/01/22 08:11:35 cooldown.go:41: received a msg to add
DEBUG:	2023/01/22 08:11:35 cooldown.go:72: before send chan
DEBUG:	2023/01/22 08:11:35 cooldown.go:74: after send chan
DEBUG:	2023/01/22 08:11:35 cooldown.go:15: [::1]:56170
DEBUG:	2023/01/22 08:11:35 cooldown.go:41: received a msg to add
DEBUG:	2023/01/22 08:11:36 cooldown.go:72: before send chan
DEBUG:	2023/01/22 08:11:36 cooldown.go:74: after send chan
DEBUG:	2023/01/22 08:11:36 cooldown.go:15: [::1]:56170
DEBUG:	2023/01/22 08:11:36 cooldown.go:41: received a msg to add
DEBUG:	2023/01/22 08:11:36 cooldown.go:72: before send chan
DEBUG:	2023/01/22 08:11:36 cooldown.go:74: after send chan
DEBUG:	2023/01/22 08:11:36 cooldown.go:15: [::1]:56170
DEBUG:	2023/01/22 08:11:36 cooldown.go:41: received a msg to add
DEBUG:	2023/01/22 08:11:37 cooldown.go:72: before send chan
DEBUG:	2023/01/22 08:11:37 cooldown.go:74: after send chan
DEBUG:	2023/01/22 08:11:37 cooldown.go:15: [::1]:56170
DEBUG:	2023/01/22 08:11:37 cooldown.go:41: received a msg to add
DEBUG:	2023/01/22 08:11:37 cooldown.go:72: before send chan
DEBUG:	2023/01/22 08:11:37 cooldown.go:74: after send chan
DEBUG:	2023/01/22 08:11:37 cooldown.go:15: [::1]:56170
DEBUG:	2023/01/22 08:11:37 cooldown.go:41: received a msg to add
DEBUG:	2023/01/22 08:11:38 cooldown.go:72: before send chan
DEBUG:	2023/01/22 08:11:38 cooldown.go:74: after send chan
DEBUG:	2023/01/22 08:11:38 cooldown.go:15: [::1]:56170
DEBUG:	2023/01/22 08:11:38 cooldown.go:41: received a msg to add
DEBUG:	2023/01/22 08:11:38 cooldown.go:72: before send chan
DEBUG:	2023/01/22 08:11:38 cooldown.go:74: after send chan
DEBUG:	2023/01/22 08:11:38 cooldown.go:15: [::1]:56170
DEBUG:	2023/01/22 08:11:38 cooldown.go:41: received a msg to add
DEBUG:	2023/01/22 08:11:38 cooldown.go:72: before send chan
DEBUG:	2023/01/22 08:11:38 cooldown.go:74: after send chan
DEBUG:	2023/01/22 08:11:38 cooldown.go:15: [::1]:56170
DEBUG:	2023/01/22 08:11:38 cooldown.go:41: received a msg to add
DEBUG:	2023/01/22 08:11:38 cooldown.go:15: [::1]:56170
ERROR:	2023/01/22 08:11:38 cooldown.go:17: cooldown: cooldown is active
DEBUG:	2023/01/22 08:11:38 cooldown.go:15: [::1]:56170
ERROR:	2023/01/22 08:11:38 cooldown.go:17: cooldown: cooldown is active
DEBUG:	2023/01/22 08:11:39 cooldown.go:15: [::1]:56170
ERROR:	2023/01/22 08:11:39 cooldown.go:17: cooldown: cooldown is active
DEBUG:	2023/01/22 08:11:39 cooldown.go:15: [::1]:56170
ERROR:	2023/01/22 08:11:39 cooldown.go:17: cooldown: cooldown is active
DEBUG:	2023/01/22 08:11:39 cooldown.go:15: [::1]:56170
ERROR:	2023/01/22 08:11:39 cooldown.go:17: cooldown: cooldown is active
DEBUG:	2023/01/22 08:11:39 cooldown.go:15: [::1]:56170
ERROR:	2023/01/22 08:11:39 cooldown.go:17: cooldown: cooldown is active
DEBUG:	2023/01/22 08:11:39 cooldown.go:15: [::1]:56170
ERROR:	2023/01/22 08:11:39 cooldown.go:17: cooldown: cooldown is active
DEBUG:	2023/01/22 08:11:40 cooldown.go:15: [::1]:56170
ERROR:	2023/01/22 08:11:40 cooldown.go:17: cooldown: cooldown is active
DEBUG:	2023/01/22 08:11:40 cooldown.go:15: [::1]:56170
ERROR:	2023/01/22 08:11:40 cooldown.go:17: cooldown: cooldown is active
DEBUG:	2023/01/22 08:11:40 cooldown.go:15: [::1]:56170
ERROR:	2023/01/22 08:11:40 cooldown.go:17: cooldown: cooldown is active
DEBUG:	2023/01/22 08:11:40 cooldown.go:15: [::1]:56170
ERROR:	2023/01/22 08:11:40 cooldown.go:17: cooldown: cooldown is active
DEBUG:	2023/01/22 08:11:40 cooldown.go:15: [::1]:56170
ERROR:	2023/01/22 08:11:40 cooldown.go:17: cooldown: cooldown is active
DEBUG:	2023/01/22 08:11:41 cooldown.go:15: [::1]:56170
ERROR:	2023/01/22 08:11:41 cooldown.go:17: cooldown: cooldown is active
DEBUG:	2023/01/22 08:11:41 cooldown.go:15: [::1]:56170
ERROR:	2023/01/22 08:11:41 cooldown.go:17: cooldown: cooldown is active
DEBUG:	2023/01/22 08:11:41 cooldown.go:15: [::1]:56170
ERROR:	2023/01/22 08:11:41 cooldown.go:17: cooldown: cooldown is active
DEBUG:	2023/01/22 08:11:42 cooldown.go:15: [::1]:56170
ERROR:	2023/01/22 08:11:42 cooldown.go:17: cooldown: cooldown is active
DEBUG:	2023/01/22 08:11:42 cooldown.go:15: [::1]:56170
ERROR:	2023/01/22 08:11:42 cooldown.go:17: cooldown: cooldown is active
DEBUG:	2023/01/22 08:11:42 cooldown.go:15: [::1]:56170
ERROR:	2023/01/22 08:11:42 cooldown.go:17: cooldown: cooldown is active
DEBUG:	2023/01/22 08:11:42 cooldown.go:15: [::1]:56170
ERROR:	2023/01/22 08:11:42 cooldown.go:17: cooldown: cooldown is active
DEBUG:	2023/01/22 08:11:43 cooldown.go:15: [::1]:56170
ERROR:	2023/01/22 08:11:43 cooldown.go:17: cooldown: cooldown is active
DEBUG:	2023/01/22 08:11:43 cooldown.go:15: [::1]:56170
ERROR:	2023/01/22 08:11:43 cooldown.go:17: cooldown: cooldown is active
DEBUG:	2023/01/22 08:11:43 cooldown.go:15: [::1]:56170
ERROR:	2023/01/22 08:11:43 cooldown.go:17: cooldown: cooldown is active
DEBUG:	2023/01/22 08:11:43 cooldown.go:65: Created new limiter
DEBUG:	2023/01/22 08:11:43 cooldown.go:72: before send chan
DEBUG:	2023/01/22 08:11:43 cooldown.go:37: Started limiter
DEBUG:	2023/01/22 08:11:43 cooldown.go:41: received a msg to add
DEBUG:	2023/01/22 08:11:43 cooldown.go:74: after send chan
DEBUG:	2023/01/22 08:11:43 cooldown.go:15: [::1]:56174
DEBUG:	2023/01/22 08:11:44 cooldown.go:72: before send chan
DEBUG:	2023/01/22 08:11:44 cooldown.go:74: after send chan
DEBUG:	2023/01/22 08:11:44 cooldown.go:15: [::1]:56174
DEBUG:	2023/01/22 08:11:44 cooldown.go:41: received a msg to add
DEBUG:	2023/01/22 08:11:44 cooldown.go:72: before send chan
DEBUG:	2023/01/22 08:11:44 cooldown.go:74: after send chan
DEBUG:	2023/01/22 08:11:44 cooldown.go:15: [::1]:56174
DEBUG:	2023/01/22 08:11:44 cooldown.go:41: received a msg to add
DEBUG:	2023/01/22 08:11:44 cooldown.go:72: before send chan
DEBUG:	2023/01/22 08:11:44 cooldown.go:74: after send chan
DEBUG:	2023/01/22 08:11:44 cooldown.go:15: [::1]:56174
DEBUG:	2023/01/22 08:11:44 cooldown.go:41: received a msg to add
DEBUG:	2023/01/22 08:11:45 cooldown.go:72: before send chan
DEBUG:	2023/01/22 08:11:45 cooldown.go:74: after send chan
DEBUG:	2023/01/22 08:11:45 cooldown.go:15: [::1]:56174
DEBUG:	2023/01/22 08:11:45 cooldown.go:41: received a msg to add
DEBUG:	2023/01/22 08:11:45 cooldown.go:72: before send chan
DEBUG:	2023/01/22 08:11:45 cooldown.go:74: after send chan
DEBUG:	2023/01/22 08:11:45 cooldown.go:15: [::1]:56174
DEBUG:	2023/01/22 08:11:45 cooldown.go:41: received a msg to add
DEBUG:	2023/01/22 08:11:45 cooldown.go:72: before send chan
DEBUG:	2023/01/22 08:11:45 cooldown.go:74: after send chan
DEBUG:	2023/01/22 08:11:45 cooldown.go:15: [::1]:56174
DEBUG:	2023/01/22 08:11:45 cooldown.go:41: received a msg to add
DEBUG:	2023/01/22 08:11:45 cooldown.go:72: before send chan
DEBUG:	2023/01/22 08:11:45 cooldown.go:74: after send chan
DEBUG:	2023/01/22 08:11:45 cooldown.go:15: [::1]:56174
DEBUG:	2023/01/22 08:11:45 cooldown.go:41: received a msg to add
DEBUG:	2023/01/22 08:11:45 cooldown.go:72: before send chan
DEBUG:	2023/01/22 08:11:45 cooldown.go:74: after send chan
DEBUG:	2023/01/22 08:11:45 cooldown.go:15: [::1]:56174
DEBUG:	2023/01/22 08:11:45 cooldown.go:41: received a msg to add
DEBUG:	2023/01/22 08:11:45 cooldown.go:72: before send chan
DEBUG:	2023/01/22 08:11:45 cooldown.go:74: after send chan
DEBUG:	2023/01/22 08:11:45 cooldown.go:15: [::1]:56174
DEBUG:	2023/01/22 08:11:45 cooldown.go:41: received a msg to add
DEBUG:	2023/01/22 08:11:46 cooldown.go:15: [::1]:56174
ERROR:	2023/01/22 08:11:46 cooldown.go:17: cooldown: cooldown is active
DEBUG:	2023/01/22 08:11:46 cooldown.go:15: [::1]:56174
ERROR:	2023/01/22 08:11:46 cooldown.go:17: cooldown: cooldown is active
DEBUG:	2023/01/22 08:11:46 cooldown.go:15: [::1]:56174
ERROR:	2023/01/22 08:11:46 cooldown.go:17: cooldown: cooldown is active
DEBUG:	2023/01/22 08:11:46 cooldown.go:15: [::1]:56174
ERROR:	2023/01/22 08:11:46 cooldown.go:17: cooldown: cooldown is active
DEBUG:	2023/01/22 08:11:46 cooldown.go:15: [::1]:56174
ERROR:	2023/01/22 08:11:46 cooldown.go:17: cooldown: cooldown is active
DEBUG:	2023/01/22 08:11:47 cooldown.go:15: [::1]:56174
ERROR:	2023/01/22 08:11:47 cooldown.go:17: cooldown: cooldown is active
DEBUG:	2023/01/22 08:11:47 cooldown.go:15: [::1]:56174
ERROR:	2023/01/22 08:11:47 cooldown.go:17: cooldown: cooldown is active
INFO:	2023/01/22 09:36:42 main.go:16: Handling requests
[GIN-debug] [WARNING] Running in "debug" mode. Switch to "release" mode in production.
 - using env:	export GIN_MODE=release
 - using code:	gin.SetMode(gin.ReleaseMode)

[GIN-debug] GET    /                         --> github.com/asianchinaboi/backendserver/internal/api/routes/static.staticFiles (2 handlers)
[GIN-debug] POST   /api/admin/reset          --> github.com/asianchinaboi/backendserver/internal/api/routes/admin.reset (4 handlers)
[GIN-debug] POST   /api/admin/banip          --> github.com/asianchinaboi/backendserver/internal/api/routes/admin.banIP (4 handlers)
[GIN-debug] GET    /api/admin/users          --> github.com/asianchinaboi/backendserver/internal/api/routes/admin/users.Get (4 handlers)
[GIN-debug] DELETE /api/admin/users/:userId  --> github.com/asianchinaboi/backendserver/internal/api/routes/admin/users.Delete (4 handlers)
[GIN-debug] PATCH  /api/admin/users/:userId  --> github.com/asianchinaboi/backendserver/internal/api/routes/admin/users.Edit (4 handlers)
[GIN-debug] GET    /api/admin/guilds         --> github.com/asianchinaboi/backendserver/internal/api/routes/admin/guilds.Get (4 handlers)
[GIN-debug] DELETE /api/admin/guilds/:userId --> github.com/asianchinaboi/backendserver/internal/api/routes/admin/guilds.Delete (4 handlers)
[GIN-debug] PATCH  /api/admin/guilds/:userId --> github.com/asianchinaboi/backendserver/internal/api/routes/admin/guilds.Edit (4 handlers)
[GIN-debug] GET    /api/status/              --> github.com/asianchinaboi/backendserver/internal/api/routes/status.ShowStatus (3 handlers)
[GIN-debug] POST   /api/guilds/              --> github.com/asianchinaboi/backendserver/internal/api/routes/guilds.createGuild (4 handlers)
[GIN-debug] POST   /api/guilds/join          --> github.com/asianchinaboi/backendserver/internal/api/routes/guilds.joinGuild (4 handlers)
[GIN-debug] DELETE /api/guilds/:guildId      --> github.com/asianchinaboi/backendserver/internal/api/routes/guilds.deleteGuild (4 handlers)
[GIN-debug] PATCH  /api/guilds/:guildId      --> github.com/asianchinaboi/backendserver/internal/api/routes/guilds.editGuild (4 handlers)
[GIN-debug] GET    /api/guilds/:guildId/settings --> github.com/asianchinaboi/backendserver/internal/api/routes/guilds.getSettings (4 handlers)
[GIN-debug] GET    /api/guilds/:guildId/members --> github.com/asianchinaboi/backendserver/internal/api/routes/guilds/members.Get (4 handlers)
[GIN-debug] DELETE /api/guilds/:guildId/members/:userId --> github.com/asianchinaboi/backendserver/internal/api/routes/guilds/members.Kick (4 handlers)
[GIN-debug] POST   /api/guilds/:guildId/members/:userId/owner --> github.com/asianchinaboi/backendserver/internal/api/routes/guilds/members.ChangeOwner (4 handlers)
[GIN-debug] GET    /api/guilds/:guildId/msgs --> github.com/asianchinaboi/backendserver/internal/api/routes/guilds/msg.Get (4 handlers)
[GIN-debug] POST   /api/guilds/:guildId/msgs --> github.com/asianchinaboi/backendserver/internal/api/routes/guilds/msg.Send (4 handlers)
[GIN-debug] DELETE /api/guilds/:guildId/msgs/:msgId --> github.com/asianchinaboi/backendserver/internal/api/routes/guilds/msg.Delete (4 handlers)
[GIN-debug] PATCH  /api/guilds/:guildId/msgs/:msgId --> github.com/asianchinaboi/backendserver/internal/api/routes/guilds/msg.Edit (4 handlers)
[GIN-debug] DELETE /api/guilds/:guildId/msgs/clear --> github.com/asianchinaboi/backendserver/internal/api/routes/guilds/msg.Clear (4 handlers)
[GIN-debug] POST   /api/guilds/:guildId/msgs/typing --> github.com/asianchinaboi/backendserver/internal/api/routes/guilds/msg.Typing (4 handlers)
[GIN-debug] POST   /api/guilds/:guildId/msgs/read --> github.com/asianchinaboi/backendserver/internal/api/routes/guilds/msg.Read (4 handlers)
[GIN-debug] GET    /api/guilds/:guildId/bans --> github.com/asianchinaboi/backendserver/internal/api/routes/guilds/bans.Get (4 handlers)
[GIN-debug] POST   /api/guilds/:guildId/bans/:userId --> github.com/asianchinaboi/backendserver/internal/api/routes/guilds/bans.Ban (4 handlers)
[GIN-debug] DELETE /api/guilds/:guildId/bans/:userId --> github.com/asianchinaboi/backendserver/internal/api/routes/guilds/bans.Unban (4 handlers)
[GIN-debug] GET    /api/guilds/:guildId/invites --> github.com/asianchinaboi/backendserver/internal/api/routes/guilds/invites.Get (4 handlers)
[GIN-debug] POST   /api/guilds/:guildId/invites --> github.com/asianchinaboi/backendserver/internal/api/routes/guilds/invites.Create (4 handlers)
[GIN-debug] DELETE /api/guilds/:guildId/invites/:invite --> github.com/asianchinaboi/backendserver/internal/api/routes/guilds/invites.Delete (4 handlers)
[GIN-debug] POST   /api/users/               --> github.com/asianchinaboi/backendserver/internal/api/routes/users.userCreate (3 handlers)
[GIN-debug] DELETE /api/users/               --> github.com/asianchinaboi/backendserver/internal/api/routes/users.userDelete (3 handlers)
[GIN-debug] DELETE /api/users/msgs           --> github.com/asianchinaboi/backendserver/internal/api/routes/users.clearUserMsg (3 handlers)
[GIN-debug] POST   /api/users/auth           --> github.com/asianchinaboi/backendserver/internal/api/routes/users.userAuth (3 handlers)
[GIN-debug] PATCH  /api/users/@me            --> github.com/asianchinaboi/backendserver/internal/api/routes/users.editSelf (3 handlers)
[GIN-debug] GET    /api/users/@me            --> github.com/asianchinaboi/backendserver/internal/api/routes/users.getSelfInfo (4 handlers)
[GIN-debug] GET    /api/users/:userId        --> github.com/asianchinaboi/backendserver/internal/api/routes/users.getUserInfo (5 handlers)
[GIN-debug] GET    /api/users/guilds         --> github.com/asianchinaboi/backendserver/internal/api/routes/users.getSelfGuilds (6 handlers)
[GIN-debug] DELETE /api/users/guilds/:guildId --> github.com/asianchinaboi/backendserver/internal/api/routes/users.leaveGuild (7 handlers)
[GIN-debug] GET    /api/ws/                  --> github.com/asianchinaboi/backendserver/internal/api/routes/ws.webSocket (3 handlers)
INFO:	2023/01/22 13:19:24 main.go:32: Shutting down server
