INFO:	2023/01/05 00:06:03 main.go:16: Handling requests
[GIN-debug] [WARNING] Running in "debug" mode. Switch to "release" mode in production.
 - using env:	export GIN_MODE=release
 - using code:	gin.SetMode(gin.ReleaseMode)

[GIN-debug] GET    /                         --> github.com/asianchinaboi/backendserver/internal/api/routes/static.staticFiles (2 handlers)
[GIN-debug] POST   /api/admin/reset          --> github.com/asianchinaboi/backendserver/internal/api/routes/admin.reset (4 handlers)
[GIN-debug] POST   /api/admin/banip          --> github.com/asianchinaboi/backendserver/internal/api/routes/admin.banIP (4 handlers)
[GIN-debug] GET    /api/admin/users          --> github.com/asianchinaboi/backendserver/internal/api/routes/admin/users.Get (4 handlers)
[GIN-debug] DELETE /api/admin/users/:userId  --> github.com/asianchinaboi/backendserver/internal/api/routes/admin/users.Delete (4 handlers)
[GIN-debug] PATCH  /api/admin/users/:userId  --> github.com/asianchinaboi/backendserver/internal/api/routes/admin/users.Edit (4 handlers)
[GIN-debug] GET    /api/admin/guilds         --> github.com/asianchinaboi/backendserver/internal/api/routes/admin/guilds.Get (4 handlers)
[GIN-debug] DELETE /api/admin/guilds/:userId --> github.com/asianchinaboi/backendserver/internal/api/routes/admin/guilds.Delete (4 handlers)
[GIN-debug] PATCH  /api/admin/guilds/:userId --> github.com/asianchinaboi/backendserver/internal/api/routes/admin/guilds.Edit (4 handlers)
[GIN-debug] GET    /api/status/              --> github.com/asianchinaboi/backendserver/internal/api/routes/status.ShowStatus (3 handlers)
[GIN-debug] POST   /api/guilds/              --> github.com/asianchinaboi/backendserver/internal/api/routes/guilds.createGuild (4 handlers)
[GIN-debug] POST   /api/guilds/join          --> github.com/asianchinaboi/backendserver/internal/api/routes/guilds.joinGuild (4 handlers)
[GIN-debug] DELETE /api/guilds/:guildId      --> github.com/asianchinaboi/backendserver/internal/api/routes/guilds.deleteGuild (4 handlers)
[GIN-debug] PATCH  /api/guilds/:guildId      --> github.com/asianchinaboi/backendserver/internal/api/routes/guilds.editGuild (4 handlers)
[GIN-debug] GET    /api/guilds/:guildId/settings --> github.com/asianchinaboi/backendserver/internal/api/routes/guilds.getSettings (4 handlers)
[GIN-debug] GET    /api/guilds/:guildId/members --> github.com/asianchinaboi/backendserver/internal/api/routes/guilds/members.Get (4 handlers)
[GIN-debug] DELETE /api/guilds/:guildId/members/:userId --> github.com/asianchinaboi/backendserver/internal/api/routes/guilds/members.Kick (4 handlers)
[GIN-debug] POST   /api/guilds/:guildId/members/:userId/owner --> github.com/asianchinaboi/backendserver/internal/api/routes/guilds/members.ChangeOwner (4 handlers)
[GIN-debug] GET    /api/guilds/:guildId/msgs --> github.com/asianchinaboi/backendserver/internal/api/routes/guilds/msg.Get (4 handlers)
[GIN-debug] POST   /api/guilds/:guildId/msgs --> github.com/asianchinaboi/backendserver/internal/api/routes/guilds/msg.Send (4 handlers)
[GIN-debug] DELETE /api/guilds/:guildId/msgs/:msgId --> github.com/asianchinaboi/backendserver/internal/api/routes/guilds/msg.Delete (4 handlers)
[GIN-debug] PATCH  /api/guilds/:guildId/msgs/:msgId --> github.com/asianchinaboi/backendserver/internal/api/routes/guilds/msg.Edit (4 handlers)
[GIN-debug] DELETE /api/guilds/:guildId/msgs/clear --> github.com/asianchinaboi/backendserver/internal/api/routes/guilds/msg.Clear (4 handlers)
[GIN-debug] POST   /api/guilds/:guildId/msgs/typing --> github.com/asianchinaboi/backendserver/internal/api/routes/guilds/msg.Typing (4 handlers)
[GIN-debug] POST   /api/guilds/:guildId/msgs/read --> github.com/asianchinaboi/backendserver/internal/api/routes/guilds/msg.Read (4 handlers)
[GIN-debug] GET    /api/guilds/:guildId/bans --> github.com/asianchinaboi/backendserver/internal/api/routes/guilds/bans.Get (4 handlers)
[GIN-debug] POST   /api/guilds/:guildId/bans/:userId --> github.com/asianchinaboi/backendserver/internal/api/routes/guilds/bans.Ban (4 handlers)
[GIN-debug] DELETE /api/guilds/:guildId/bans/:userId --> github.com/asianchinaboi/backendserver/internal/api/routes/guilds/bans.Unban (4 handlers)
[GIN-debug] GET    /api/guilds/:guildId/invites --> github.com/asianchinaboi/backendserver/internal/api/routes/guilds/invites.Get (4 handlers)
[GIN-debug] POST   /api/guilds/:guildId/invites --> github.com/asianchinaboi/backendserver/internal/api/routes/guilds/invites.Create (4 handlers)
[GIN-debug] DELETE /api/guilds/:guildId/invites/:invite --> github.com/asianchinaboi/backendserver/internal/api/routes/guilds/invites.Delete (4 handlers)
[GIN-debug] POST   /api/users/               --> github.com/asianchinaboi/backendserver/internal/api/routes/users.userCreate (3 handlers)
[GIN-debug] DELETE /api/users/               --> github.com/asianchinaboi/backendserver/internal/api/routes/users.userDelete (3 handlers)
[GIN-debug] DELETE /api/users/msgs           --> github.com/asianchinaboi/backendserver/internal/api/routes/users.clearUserMsg (3 handlers)
[GIN-debug] POST   /api/users/auth           --> github.com/asianchinaboi/backendserver/internal/api/routes/users.userAuth (3 handlers)
[GIN-debug] PATCH  /api/users/@me            --> github.com/asianchinaboi/backendserver/internal/api/routes/users.editSelf (3 handlers)
[GIN-debug] GET    /api/users/@me            --> github.com/asianchinaboi/backendserver/internal/api/routes/users.getSelfInfo (4 handlers)
[GIN-debug] GET    /api/users/guilds         --> github.com/asianchinaboi/backendserver/internal/api/routes/users.getSelfGuilds (5 handlers)
[GIN-debug] DELETE /api/users/guilds/:guildId --> github.com/asianchinaboi/backendserver/internal/api/routes/users.leaveGuild (6 handlers)
[GIN-debug] GET    /api/ws/                  --> github.com/asianchinaboi/backendserver/internal/api/routes/ws.webSocket (3 handlers)
DEBUG:	2023/01/05 00:06:09 cooldown.go:65: Created new limiter
DEBUG:	2023/01/05 00:06:09 cooldown.go:72: before send chan
DEBUG:	2023/01/05 00:06:09 cooldown.go:37: Started limiter
DEBUG:	2023/01/05 00:06:09 cooldown.go:41: received a msg to add
DEBUG:	2023/01/05 00:06:09 cooldown.go:74: after send chan
DEBUG:	2023/01/05 00:06:09 cooldown.go:15: 127.0.0.1:43612
INFO:	2023/01/05 00:06:09 wsclient.go:60: Websocket active of 127.0.0.1:8080
DEBUG:	2023/01/05 00:06:09 wspipe.go:58: worked?
DEBUG:	2023/01/05 00:06:09 wspipe.go:67: worked?
INFO:	2023/01/05 00:06:09 wsclient.go:70: deadline passed
INFO:	2023/01/05 00:06:09 wsclient.go:76: deadline passed end
DEBUG:	2023/01/05 00:06:09 guildpool.go:151: bruh 20s 
DEBUG:	2023/01/05 00:06:09 guildpool.go:152: wtf &{{10 2000 20s} {10 1m0s 1440h0m0s} {0.0.0.0 8080 {15s 15s 15s 15s} {4096 4096}}} 
DEBUG:	2023/01/05 00:06:09 guildpool.go:151: bruh 20s 
DEBUG:	2023/01/05 00:06:09 guildpool.go:152: wtf &{{10 2000 20s} {10 1m0s 1440h0m0s} {0.0.0.0 8080 {15s 15s 15s 15s} {4096 4096}}} 
INFO:	2023/01/05 00:06:09 wspipe.go:115: added to client pool
ERROR:	2023/01/05 00:06:29 wspipe.go:18: read tcp 127.0.0.1:8080->127.0.0.1:43612: i/o timeout
INFO:	2023/01/05 00:06:29 wspipe.go:21: Disconnecting websocket
INFO:	2023/01/05 00:06:29 wsclient.go:34: Websocket of 127.0.0.1:8080 has been closed
INFO:	2023/01/05 00:06:29 guildpool.go:200: Removed user from pool I7iSX72opMtPan3gZR45TMRutDFGr5n1
INFO:	2023/01/05 00:06:29 guildpool.go:200: Removed user from pool I7iSX72opMtPan3gZR45TMRutDFGr5n1
DEBUG:	2023/01/05 00:06:29 wsclient.go:58: wsclient ended
DEBUG:	2023/01/05 00:06:29 guildpool.go:69: Stopped guild pool
DEBUG:	2023/01/05 00:06:29 guildpool.go:69: Stopped guild pool
DEBUG:	2023/01/05 00:07:09 cooldown.go:34: Stopped limiter
DEBUG:	2023/01/05 00:07:37 cooldown.go:65: Created new limiter
DEBUG:	2023/01/05 00:07:37 cooldown.go:72: before send chan
DEBUG:	2023/01/05 00:07:37 cooldown.go:37: Started limiter
DEBUG:	2023/01/05 00:07:37 cooldown.go:41: received a msg to add
DEBUG:	2023/01/05 00:07:37 cooldown.go:74: after send chan
DEBUG:	2023/01/05 00:07:37 cooldown.go:15: 127.0.0.1:54492
INFO:	2023/01/05 00:07:37 wsclient.go:60: Websocket active of 127.0.0.1:8080
DEBUG:	2023/01/05 00:07:49 cooldown.go:65: Created new limiter
DEBUG:	2023/01/05 00:07:49 cooldown.go:72: before send chan
DEBUG:	2023/01/05 00:07:49 cooldown.go:37: Started limiter
DEBUG:	2023/01/05 00:07:49 cooldown.go:41: received a msg to add
DEBUG:	2023/01/05 00:07:49 cooldown.go:74: after send chan
DEBUG:	2023/01/05 00:07:49 cooldown.go:15: [::1]:45740
INFO:	2023/01/05 00:07:52 wsclient.go:70: deadline passed
INFO:	2023/01/05 00:07:52 wsclient.go:72: cancelling from deadline
ERROR:	2023/01/05 00:07:52 wspipe.go:18: read tcp 127.0.0.1:8080->127.0.0.1:54492: use of closed network connection
INFO:	2023/01/05 00:07:52 wspipe.go:21: Disconnecting websocket
INFO:	2023/01/05 00:07:52 wsclient.go:34: Websocket of 127.0.0.1:8080 has been closed
WARN:	2023/01/05 00:07:52 clientpool.go:25: Requested to remove ID:  0 UID:    however was not found
DEBUG:	2023/01/05 00:07:52 wsclient.go:58: wsclient ended
DEBUG:	2023/01/05 00:07:55 cooldown.go:65: Created new limiter
DEBUG:	2023/01/05 00:07:55 cooldown.go:72: before send chan
DEBUG:	2023/01/05 00:07:55 cooldown.go:37: Started limiter
DEBUG:	2023/01/05 00:07:55 cooldown.go:41: received a msg to add
DEBUG:	2023/01/05 00:07:55 cooldown.go:74: after send chan
DEBUG:	2023/01/05 00:07:55 cooldown.go:15: 127.0.0.1:40060
INFO:	2023/01/05 00:07:55 wsclient.go:60: Websocket active of 127.0.0.1:8080
DEBUG:	2023/01/05 00:07:55 wspipe.go:58: worked?
DEBUG:	2023/01/05 00:07:55 wspipe.go:67: worked?
INFO:	2023/01/05 00:07:55 wsclient.go:70: deadline passed
INFO:	2023/01/05 00:07:55 wsclient.go:76: deadline passed end
DEBUG:	2023/01/05 00:07:55 guildpool.go:151: bruh 20s 
DEBUG:	2023/01/05 00:07:55 guildpool.go:152: wtf &{{10 2000 20s} {10 1m0s 1440h0m0s} {0.0.0.0 8080 {15s 15s 15s 15s} {4096 4096}}} 
DEBUG:	2023/01/05 00:07:55 guildpool.go:151: bruh 20s 
DEBUG:	2023/01/05 00:07:55 guildpool.go:152: wtf &{{10 2000 20s} {10 1m0s 1440h0m0s} {0.0.0.0 8080 {15s 15s 15s 15s} {4096 4096}}} 
INFO:	2023/01/05 00:07:55 wspipe.go:115: added to client pool
DEBUG:	2023/01/05 00:07:57 cooldown.go:72: before send chan
DEBUG:	2023/01/05 00:07:57 cooldown.go:74: after send chan
DEBUG:	2023/01/05 00:07:57 cooldown.go:15: [::1]:45740
DEBUG:	2023/01/05 00:07:57 cooldown.go:41: received a msg to add
DEBUG:	2023/01/05 00:08:10 wspipe.go:58: worked?
DEBUG:	2023/01/05 00:08:12 cooldown.go:72: before send chan
DEBUG:	2023/01/05 00:08:12 cooldown.go:74: after send chan
DEBUG:	2023/01/05 00:08:12 cooldown.go:15: [::1]:45740
DEBUG:	2023/01/05 00:08:12 cooldown.go:41: received a msg to add
ERROR:	2023/01/05 00:08:12 send.go:65: invalid character '/' after object key:value pair
DEBUG:	2023/01/05 00:08:21 cooldown.go:72: before send chan
DEBUG:	2023/01/05 00:08:21 cooldown.go:74: after send chan
DEBUG:	2023/01/05 00:08:21 cooldown.go:15: [::1]:45740
DEBUG:	2023/01/05 00:08:21 cooldown.go:41: received a msg to add
DEBUG:	2023/01/05 00:08:21 send.go:96: Message recieved blah blah blah
DEBUG:	2023/01/05 00:08:22 wspipe.go:58: worked?
DEBUG:	2023/01/05 00:08:27 cooldown.go:72: before send chan
DEBUG:	2023/01/05 00:08:27 cooldown.go:74: after send chan
DEBUG:	2023/01/05 00:08:27 cooldown.go:15: [::1]:45740
DEBUG:	2023/01/05 00:08:27 cooldown.go:41: received a msg to add
DEBUG:	2023/01/05 00:08:37 cooldown.go:34: Stopped limiter
ERROR:	2023/01/05 00:08:42 wspipe.go:18: read tcp 127.0.0.1:8080->127.0.0.1:40060: i/o timeout
INFO:	2023/01/05 00:08:42 wspipe.go:21: Disconnecting websocket
INFO:	2023/01/05 00:08:42 wsclient.go:34: Websocket of 127.0.0.1:8080 has been closed
INFO:	2023/01/05 00:08:42 guildpool.go:200: Removed user from pool HpYSDIfnnjFhuyqxwEcKzja3fPQrleo7
INFO:	2023/01/05 00:08:42 guildpool.go:200: Removed user from pool HpYSDIfnnjFhuyqxwEcKzja3fPQrleo7
DEBUG:	2023/01/05 00:08:42 wsclient.go:58: wsclient ended
DEBUG:	2023/01/05 00:08:55 cooldown.go:34: Stopped limiter
DEBUG:	2023/01/05 00:08:55 guildpool.go:69: Stopped guild pool
DEBUG:	2023/01/05 00:08:55 guildpool.go:69: Stopped guild pool
DEBUG:	2023/01/05 00:09:27 cooldown.go:34: Stopped limiter
