INFO:	2023/01/28 10:12:51 main.go:16: Handling requests
[GIN-debug] [WARNING] Running in "debug" mode. Switch to "release" mode in production.
 - using env:	export GIN_MODE=release
 - using code:	gin.SetMode(gin.ReleaseMode)

[GIN-debug] GET    /                         --> github.com/asianchinaboi/backendserver/internal/api/routes/static.staticFiles (2 handlers)
[GIN-debug] POST   /api/admin/reset          --> github.com/asianchinaboi/backendserver/internal/api/routes/admin.reset (4 handlers)
[GIN-debug] POST   /api/admin/banip          --> github.com/asianchinaboi/backendserver/internal/api/routes/admin.banIP (4 handlers)
[GIN-debug] GET    /api/admin/users          --> github.com/asianchinaboi/backendserver/internal/api/routes/admin/users.Get (4 handlers)
[GIN-debug] DELETE /api/admin/users/:userId  --> github.com/asianchinaboi/backendserver/internal/api/routes/admin/users.Delete (4 handlers)
[GIN-debug] PATCH  /api/admin/users/:userId  --> github.com/asianchinaboi/backendserver/internal/api/routes/admin/users.Edit (4 handlers)
[GIN-debug] GET    /api/admin/guilds         --> github.com/asianchinaboi/backendserver/internal/api/routes/admin/guilds.Get (4 handlers)
[GIN-debug] DELETE /api/admin/guilds/:userId --> github.com/asianchinaboi/backendserver/internal/api/routes/admin/guilds.Delete (4 handlers)
[GIN-debug] PATCH  /api/admin/guilds/:userId --> github.com/asianchinaboi/backendserver/internal/api/routes/admin/guilds.Edit (4 handlers)
[GIN-debug] GET    /api/status/              --> github.com/asianchinaboi/backendserver/internal/api/routes/status.ShowStatus (3 handlers)
[GIN-debug] POST   /api/guilds/              --> github.com/asianchinaboi/backendserver/internal/api/routes/guilds.createGuild (4 handlers)
[GIN-debug] POST   /api/guilds/join          --> github.com/asianchinaboi/backendserver/internal/api/routes/guilds.joinGuild (4 handlers)
[GIN-debug] DELETE /api/guilds/:guildId      --> github.com/asianchinaboi/backendserver/internal/api/routes/guilds.deleteGuild (4 handlers)
[GIN-debug] PATCH  /api/guilds/:guildId      --> github.com/asianchinaboi/backendserver/internal/api/routes/guilds.editGuild (4 handlers)
[GIN-debug] GET    /api/guilds/:guildId/settings --> github.com/asianchinaboi/backendserver/internal/api/routes/guilds.getSettings (4 handlers)
[GIN-debug] GET    /api/guilds/:guildId/members --> github.com/asianchinaboi/backendserver/internal/api/routes/guilds/members.Get (4 handlers)
[GIN-debug] DELETE /api/guilds/:guildId/members/:userId --> github.com/asianchinaboi/backendserver/internal/api/routes/guilds/members.Kick (4 handlers)
[GIN-debug] POST   /api/guilds/:guildId/members/:userId/owner --> github.com/asianchinaboi/backendserver/internal/api/routes/guilds/members.ChangeOwner (4 handlers)
[GIN-debug] GET    /api/guilds/:guildId/msgs --> github.com/asianchinaboi/backendserver/internal/api/routes/guilds/msg.Get (4 handlers)
[GIN-debug] POST   /api/guilds/:guildId/msgs --> github.com/asianchinaboi/backendserver/internal/api/routes/guilds/msg.Send (4 handlers)
[GIN-debug] DELETE /api/guilds/:guildId/msgs/:msgId --> github.com/asianchinaboi/backendserver/internal/api/routes/guilds/msg.Delete (4 handlers)
[GIN-debug] PATCH  /api/guilds/:guildId/msgs/:msgId --> github.com/asianchinaboi/backendserver/internal/api/routes/guilds/msg.Edit (4 handlers)
[GIN-debug] DELETE /api/guilds/:guildId/msgs/clear --> github.com/asianchinaboi/backendserver/internal/api/routes/guilds/msg.Clear (4 handlers)
[GIN-debug] POST   /api/guilds/:guildId/msgs/typing --> github.com/asianchinaboi/backendserver/internal/api/routes/guilds/msg.Typing (4 handlers)
[GIN-debug] POST   /api/guilds/:guildId/msgs/read --> github.com/asianchinaboi/backendserver/internal/api/routes/guilds/msg.Read (4 handlers)
[GIN-debug] GET    /api/guilds/:guildId/bans --> github.com/asianchinaboi/backendserver/internal/api/routes/guilds/bans.Get (4 handlers)
[GIN-debug] PUT    /api/guilds/:guildId/bans/:userId --> github.com/asianchinaboi/backendserver/internal/api/routes/guilds/bans.Ban (4 handlers)
[GIN-debug] DELETE /api/guilds/:guildId/bans/:userId --> github.com/asianchinaboi/backendserver/internal/api/routes/guilds/bans.Unban (4 handlers)
[GIN-debug] GET    /api/guilds/:guildId/invites --> github.com/asianchinaboi/backendserver/internal/api/routes/guilds/invites.Get (4 handlers)
[GIN-debug] POST   /api/guilds/:guildId/invites --> github.com/asianchinaboi/backendserver/internal/api/routes/guilds/invites.Create (4 handlers)
[GIN-debug] DELETE /api/guilds/:guildId/invites/:invite --> github.com/asianchinaboi/backendserver/internal/api/routes/guilds/invites.Delete (4 handlers)
[GIN-debug] POST   /api/users/               --> github.com/asianchinaboi/backendserver/internal/api/routes/users.userCreate (3 handlers)
[GIN-debug] DELETE /api/users/               --> github.com/asianchinaboi/backendserver/internal/api/routes/users.userDelete (3 handlers)
[GIN-debug] DELETE /api/users/msgs           --> github.com/asianchinaboi/backendserver/internal/api/routes/users.clearUserMsg (3 handlers)
[GIN-debug] POST   /api/users/auth           --> github.com/asianchinaboi/backendserver/internal/api/routes/users.userAuth (3 handlers)
[GIN-debug] PATCH  /api/users/@me            --> github.com/asianchinaboi/backendserver/internal/api/routes/users.editSelf (3 handlers)
[GIN-debug] GET    /api/users/@me            --> github.com/asianchinaboi/backendserver/internal/api/routes/users.getSelfInfo (4 handlers)
[GIN-debug] GET    /api/users/:userId        --> github.com/asianchinaboi/backendserver/internal/api/routes/users.getUserInfo (5 handlers)
[GIN-debug] POST   /api/users/:userId/msgs   --> github.com/asianchinaboi/backendserver/internal/api/routes/users/msgs.Send (6 handlers)
[GIN-debug] GET    /api/users/:userId/msgs   --> github.com/asianchinaboi/backendserver/internal/api/routes/users/msgs.Get (7 handlers)
[GIN-debug] PATCH  /api/users/:userId/msgs/:msgId --> github.com/asianchinaboi/backendserver/internal/api/routes/users/msgs.Edit (8 handlers)
[GIN-debug] DELETE /api/users/:userId/msgs/:msgId --> github.com/asianchinaboi/backendserver/internal/api/routes/users/msgs.Delete (9 handlers)
[GIN-debug] POST   /api/users/:userId/msgs/typing --> github.com/asianchinaboi/backendserver/internal/api/routes/users/msgs.Typing (10 handlers)
[GIN-debug] PUT    /api/users/dms/:userId    --> github.com/asianchinaboi/backendserver/internal/api/routes/users/directmsgs.Create (11 handlers)
[GIN-debug] GET    /api/users/dms            --> github.com/asianchinaboi/backendserver/internal/api/routes/users/directmsgs.Get (12 handlers)
[GIN-debug] DELETE /api/users/dms/:userId    --> github.com/asianchinaboi/backendserver/internal/api/routes/users/directmsgs.Delete (13 handlers)
[GIN-debug] PUT    /api/users/friends/:userId --> github.com/asianchinaboi/backendserver/internal/api/routes/users/friends.Create (14 handlers)
[GIN-debug] GET    /api/users/friends        --> github.com/asianchinaboi/backendserver/internal/api/routes/users/friends.Get (15 handlers)
[GIN-debug] DELETE /api/users/friends/:userId --> github.com/asianchinaboi/backendserver/internal/api/routes/users/friends.Delete (16 handlers)
[GIN-debug] POST   /api/users/friends/:userId/accept --> github.com/asianchinaboi/backendserver/internal/api/routes/users/friends.Accept (17 handlers)
[GIN-debug] PUT    /api/users/blocked/:userId --> github.com/asianchinaboi/backendserver/internal/api/routes/users/blocked.Create (18 handlers)
[GIN-debug] GET    /api/users/blocked        --> github.com/asianchinaboi/backendserver/internal/api/routes/users/blocked.Get (19 handlers)
[GIN-debug] DELETE /api/users/blocked/:userId --> github.com/asianchinaboi/backendserver/internal/api/routes/users/blocked.Delete (20 handlers)
[GIN-debug] GET    /api/users/guilds         --> github.com/asianchinaboi/backendserver/internal/api/routes/users.getSelfGuilds (21 handlers)
[GIN-debug] DELETE /api/users/guilds/:guildId --> github.com/asianchinaboi/backendserver/internal/api/routes/users.leaveGuild (22 handlers)
[GIN-debug] GET    /api/ws/                  --> github.com/asianchinaboi/backendserver/internal/api/routes/ws.webSocket (3 handlers)
DEBUG:	2023/01/28 10:13:27 cooldown.go:65: Created new limiter
DEBUG:	2023/01/28 10:13:27 cooldown.go:72: before send chan
DEBUG:	2023/01/28 10:13:27 cooldown.go:37: Started limiter
DEBUG:	2023/01/28 10:13:27 cooldown.go:41: received a msg to add
DEBUG:	2023/01/28 10:13:27 cooldown.go:74: after send chan
DEBUG:	2023/01/28 10:13:27 cooldown.go:15: 127.0.0.1:63689
INFO:	2023/01/28 10:13:27 wsclient.go:60: Websocket active of 127.0.0.1:8080
DEBUG:	2023/01/28 10:13:31 wspipe.go:58: worked?
DEBUG:	2023/01/28 10:13:31 wspipe.go:67: worked?
ERROR:	2023/01/28 10:13:31 wspipe.go:88: token: invalid
INFO:	2023/01/28 10:13:31 wsclient.go:34: Websocket of 127.0.0.1:8080 has been closed
ERROR:	2023/01/28 10:13:31 wspipe.go:18: read tcp 127.0.0.1:8080->127.0.0.1:63689: use of closed network connection
INFO:	2023/01/28 10:13:31 wspipe.go:21: Disconnecting websocket
WARN:	2023/01/28 10:13:31 clientpool.go:23: Requested to remove ID:  0 UID:    however was not found
DEBUG:	2023/01/28 10:13:31 wsclient.go:58: wsclient ended
INFO:	2023/01/28 10:13:31 wsclient.go:70: deadline passed
INFO:	2023/01/28 10:13:31 wsclient.go:76: deadline passed end
DEBUG:	2023/01/28 10:14:27 cooldown.go:34: Stopped limiter
DEBUG:	2023/01/28 10:17:29 cooldown.go:65: Created new limiter
DEBUG:	2023/01/28 10:17:29 cooldown.go:72: before send chan
DEBUG:	2023/01/28 10:17:29 cooldown.go:37: Started limiter
DEBUG:	2023/01/28 10:17:29 cooldown.go:41: received a msg to add
DEBUG:	2023/01/28 10:17:29 cooldown.go:74: after send chan
DEBUG:	2023/01/28 10:17:29 cooldown.go:15: 127.0.0.1:52866
INFO:	2023/01/28 10:17:29 wsclient.go:60: Websocket active of 127.0.0.1:8080
ERROR:	2023/01/28 10:17:37 wspipe.go:18: websocket: close 1000 (normal)
INFO:	2023/01/28 10:17:37 wspipe.go:21: Disconnecting websocket
INFO:	2023/01/28 10:17:37 wsclient.go:34: Websocket of 127.0.0.1:8080 has been closed
WARN:	2023/01/28 10:17:37 clientpool.go:23: Requested to remove ID:  0 UID:    however was not found
DEBUG:	2023/01/28 10:17:37 wsclient.go:58: wsclient ended
INFO:	2023/01/28 10:17:37 wsclient.go:70: deadline passed
INFO:	2023/01/28 10:17:37 wsclient.go:76: deadline passed end
DEBUG:	2023/01/28 10:18:29 cooldown.go:34: Stopped limiter
[GIN-debug] redirecting request 307: /api/users/ --> /api/users/
DEBUG:	2023/01/28 10:19:16 cooldown.go:65: Created new limiter
DEBUG:	2023/01/28 10:19:16 cooldown.go:72: before send chan
DEBUG:	2023/01/28 10:19:16 cooldown.go:37: Started limiter
DEBUG:	2023/01/28 10:19:16 cooldown.go:41: received a msg to add
DEBUG:	2023/01/28 10:19:16 cooldown.go:74: after send chan
DEBUG:	2023/01/28 10:19:16 cooldown.go:15: [::1]:53603
DEBUG:	2023/01/28 10:19:16 create.go:15: Creating User
DEBUG:	2023/01/28 10:19:16 create.go:26: password: 12345678
ERROR:	2023/01/28 10:19:16 create.go:79: pq: insert or update on table "userroles" violates foreign key constraint "userroles_role_id_fkey"
INFO:	2023/01/28 10:19:32 main.go:32: Shutting down server
FATAL:	2023/01/28 10:19:32 main.go:24: http: Server closed
INFO:	2023/01/28 10:20:12 main.go:16: Handling requests
[GIN-debug] [WARNING] Running in "debug" mode. Switch to "release" mode in production.
 - using env:	export GIN_MODE=release
 - using code:	gin.SetMode(gin.ReleaseMode)

[GIN-debug] GET    /                         --> github.com/asianchinaboi/backendserver/internal/api/routes/static.staticFiles (2 handlers)
[GIN-debug] POST   /api/admin/reset          --> github.com/asianchinaboi/backendserver/internal/api/routes/admin.reset (4 handlers)
[GIN-debug] POST   /api/admin/banip          --> github.com/asianchinaboi/backendserver/internal/api/routes/admin.banIP (4 handlers)
[GIN-debug] GET    /api/admin/users          --> github.com/asianchinaboi/backendserver/internal/api/routes/admin/users.Get (4 handlers)
[GIN-debug] DELETE /api/admin/users/:userId  --> github.com/asianchinaboi/backendserver/internal/api/routes/admin/users.Delete (4 handlers)
[GIN-debug] PATCH  /api/admin/users/:userId  --> github.com/asianchinaboi/backendserver/internal/api/routes/admin/users.Edit (4 handlers)
[GIN-debug] GET    /api/admin/guilds         --> github.com/asianchinaboi/backendserver/internal/api/routes/admin/guilds.Get (4 handlers)
[GIN-debug] DELETE /api/admin/guilds/:userId --> github.com/asianchinaboi/backendserver/internal/api/routes/admin/guilds.Delete (4 handlers)
[GIN-debug] PATCH  /api/admin/guilds/:userId --> github.com/asianchinaboi/backendserver/internal/api/routes/admin/guilds.Edit (4 handlers)
[GIN-debug] GET    /api/status/              --> github.com/asianchinaboi/backendserver/internal/api/routes/status.ShowStatus (3 handlers)
[GIN-debug] POST   /api/guilds/              --> github.com/asianchinaboi/backendserver/internal/api/routes/guilds.createGuild (4 handlers)
[GIN-debug] POST   /api/guilds/join          --> github.com/asianchinaboi/backendserver/internal/api/routes/guilds.joinGuild (4 handlers)
[GIN-debug] DELETE /api/guilds/:guildId      --> github.com/asianchinaboi/backendserver/internal/api/routes/guilds.deleteGuild (4 handlers)
[GIN-debug] PATCH  /api/guilds/:guildId      --> github.com/asianchinaboi/backendserver/internal/api/routes/guilds.editGuild (4 handlers)
[GIN-debug] GET    /api/guilds/:guildId/settings --> github.com/asianchinaboi/backendserver/internal/api/routes/guilds.getSettings (4 handlers)
[GIN-debug] GET    /api/guilds/:guildId/members --> github.com/asianchinaboi/backendserver/internal/api/routes/guilds/members.Get (4 handlers)
[GIN-debug] DELETE /api/guilds/:guildId/members/:userId --> github.com/asianchinaboi/backendserver/internal/api/routes/guilds/members.Kick (4 handlers)
[GIN-debug] POST   /api/guilds/:guildId/members/:userId/owner --> github.com/asianchinaboi/backendserver/internal/api/routes/guilds/members.ChangeOwner (4 handlers)
[GIN-debug] GET    /api/guilds/:guildId/msgs --> github.com/asianchinaboi/backendserver/internal/api/routes/guilds/msg.Get (4 handlers)
[GIN-debug] POST   /api/guilds/:guildId/msgs --> github.com/asianchinaboi/backendserver/internal/api/routes/guilds/msg.Send (4 handlers)
[GIN-debug] DELETE /api/guilds/:guildId/msgs/:msgId --> github.com/asianchinaboi/backendserver/internal/api/routes/guilds/msg.Delete (4 handlers)
[GIN-debug] PATCH  /api/guilds/:guildId/msgs/:msgId --> github.com/asianchinaboi/backendserver/internal/api/routes/guilds/msg.Edit (4 handlers)
[GIN-debug] DELETE /api/guilds/:guildId/msgs/clear --> github.com/asianchinaboi/backendserver/internal/api/routes/guilds/msg.Clear (4 handlers)
[GIN-debug] POST   /api/guilds/:guildId/msgs/typing --> github.com/asianchinaboi/backendserver/internal/api/routes/guilds/msg.Typing (4 handlers)
[GIN-debug] POST   /api/guilds/:guildId/msgs/read --> github.com/asianchinaboi/backendserver/internal/api/routes/guilds/msg.Read (4 handlers)
[GIN-debug] GET    /api/guilds/:guildId/bans --> github.com/asianchinaboi/backendserver/internal/api/routes/guilds/bans.Get (4 handlers)
[GIN-debug] PUT    /api/guilds/:guildId/bans/:userId --> github.com/asianchinaboi/backendserver/internal/api/routes/guilds/bans.Ban (4 handlers)
[GIN-debug] DELETE /api/guilds/:guildId/bans/:userId --> github.com/asianchinaboi/backendserver/internal/api/routes/guilds/bans.Unban (4 handlers)
[GIN-debug] GET    /api/guilds/:guildId/invites --> github.com/asianchinaboi/backendserver/internal/api/routes/guilds/invites.Get (4 handlers)
[GIN-debug] POST   /api/guilds/:guildId/invites --> github.com/asianchinaboi/backendserver/internal/api/routes/guilds/invites.Create (4 handlers)
[GIN-debug] DELETE /api/guilds/:guildId/invites/:invite --> github.com/asianchinaboi/backendserver/internal/api/routes/guilds/invites.Delete (4 handlers)
[GIN-debug] POST   /api/users/               --> github.com/asianchinaboi/backendserver/internal/api/routes/users.userCreate (3 handlers)
[GIN-debug] DELETE /api/users/               --> github.com/asianchinaboi/backendserver/internal/api/routes/users.userDelete (3 handlers)
[GIN-debug] DELETE /api/users/msgs           --> github.com/asianchinaboi/backendserver/internal/api/routes/users.clearUserMsg (3 handlers)
[GIN-debug] POST   /api/users/auth           --> github.com/asianchinaboi/backendserver/internal/api/routes/users.userAuth (3 handlers)
[GIN-debug] PATCH  /api/users/@me            --> github.com/asianchinaboi/backendserver/internal/api/routes/users.editSelf (3 handlers)
[GIN-debug] GET    /api/users/@me            --> github.com/asianchinaboi/backendserver/internal/api/routes/users.getSelfInfo (4 handlers)
[GIN-debug] GET    /api/users/:userId        --> github.com/asianchinaboi/backendserver/internal/api/routes/users.getUserInfo (5 handlers)
[GIN-debug] POST   /api/users/:userId/msgs   --> github.com/asianchinaboi/backendserver/internal/api/routes/users/msgs.Send (6 handlers)
[GIN-debug] GET    /api/users/:userId/msgs   --> github.com/asianchinaboi/backendserver/internal/api/routes/users/msgs.Get (7 handlers)
[GIN-debug] PATCH  /api/users/:userId/msgs/:msgId --> github.com/asianchinaboi/backendserver/internal/api/routes/users/msgs.Edit (8 handlers)
[GIN-debug] DELETE /api/users/:userId/msgs/:msgId --> github.com/asianchinaboi/backendserver/internal/api/routes/users/msgs.Delete (9 handlers)
[GIN-debug] POST   /api/users/:userId/msgs/typing --> github.com/asianchinaboi/backendserver/internal/api/routes/users/msgs.Typing (10 handlers)
[GIN-debug] PUT    /api/users/dms/:userId    --> github.com/asianchinaboi/backendserver/internal/api/routes/users/directmsgs.Create (11 handlers)
[GIN-debug] GET    /api/users/dms            --> github.com/asianchinaboi/backendserver/internal/api/routes/users/directmsgs.Get (12 handlers)
[GIN-debug] DELETE /api/users/dms/:userId    --> github.com/asianchinaboi/backendserver/internal/api/routes/users/directmsgs.Delete (13 handlers)
[GIN-debug] PUT    /api/users/friends/:userId --> github.com/asianchinaboi/backendserver/internal/api/routes/users/friends.Create (14 handlers)
[GIN-debug] GET    /api/users/friends        --> github.com/asianchinaboi/backendserver/internal/api/routes/users/friends.Get (15 handlers)
[GIN-debug] DELETE /api/users/friends/:userId --> github.com/asianchinaboi/backendserver/internal/api/routes/users/friends.Delete (16 handlers)
[GIN-debug] POST   /api/users/friends/:userId/accept --> github.com/asianchinaboi/backendserver/internal/api/routes/users/friends.Accept (17 handlers)
[GIN-debug] PUT    /api/users/blocked/:userId --> github.com/asianchinaboi/backendserver/internal/api/routes/users/blocked.Create (18 handlers)
[GIN-debug] GET    /api/users/blocked        --> github.com/asianchinaboi/backendserver/internal/api/routes/users/blocked.Get (19 handlers)
[GIN-debug] DELETE /api/users/blocked/:userId --> github.com/asianchinaboi/backendserver/internal/api/routes/users/blocked.Delete (20 handlers)
[GIN-debug] GET    /api/users/guilds         --> github.com/asianchinaboi/backendserver/internal/api/routes/users.getSelfGuilds (21 handlers)
[GIN-debug] DELETE /api/users/guilds/:guildId --> github.com/asianchinaboi/backendserver/internal/api/routes/users.leaveGuild (22 handlers)
[GIN-debug] GET    /api/ws/                  --> github.com/asianchinaboi/backendserver/internal/api/routes/ws.webSocket (3 handlers)
[GIN-debug] redirecting request 307: /api/users/ --> /api/users/
DEBUG:	2023/01/28 10:20:17 cooldown.go:65: Created new limiter
DEBUG:	2023/01/28 10:20:17 cooldown.go:72: before send chan
DEBUG:	2023/01/28 10:20:17 cooldown.go:37: Started limiter
DEBUG:	2023/01/28 10:20:17 cooldown.go:41: received a msg to add
DEBUG:	2023/01/28 10:20:17 cooldown.go:74: after send chan
DEBUG:	2023/01/28 10:20:17 cooldown.go:15: [::1]:51694
DEBUG:	2023/01/28 10:20:17 create.go:15: Creating User
DEBUG:	2023/01/28 10:20:17 create.go:26: password: 12345678
ERROR:	2023/01/28 10:20:17 create.go:58: user: username already exists
[GIN-debug] redirecting request 307: /api/users/ --> /api/users/
DEBUG:	2023/01/28 10:20:24 cooldown.go:72: before send chan
DEBUG:	2023/01/28 10:20:24 cooldown.go:74: after send chan
DEBUG:	2023/01/28 10:20:24 cooldown.go:15: [::1]:51694
DEBUG:	2023/01/28 10:20:24 create.go:15: Creating User
DEBUG:	2023/01/28 10:20:24 create.go:26: password: 12345678
DEBUG:	2023/01/28 10:20:24 cooldown.go:41: received a msg to add
ERROR:	2023/01/28 10:20:24 create.go:90: pq: value too long for type character varying(32)
[GIN-debug] redirecting request 307: /api/users/ --> /api/users/
DEBUG:	2023/01/28 10:20:32 cooldown.go:72: before send chan
DEBUG:	2023/01/28 10:20:32 cooldown.go:74: after send chan
DEBUG:	2023/01/28 10:20:32 cooldown.go:15: [::1]:51694
DEBUG:	2023/01/28 10:20:32 create.go:15: Creating User
DEBUG:	2023/01/28 10:20:32 cooldown.go:41: received a msg to add
DEBUG:	2023/01/28 10:20:32 create.go:26: password: 12345678
ERROR:	2023/01/28 10:20:32 create.go:58: user: username already exists
DEBUG:	2023/01/28 10:21:32 cooldown.go:34: Stopped limiter
INFO:	2023/01/28 10:23:20 main.go:32: Shutting down server
INFO:	2023/01/28 10:23:55 main.go:16: Handling requests
[GIN-debug] [WARNING] Running in "debug" mode. Switch to "release" mode in production.
 - using env:	export GIN_MODE=release
 - using code:	gin.SetMode(gin.ReleaseMode)

[GIN-debug] GET    /                         --> github.com/asianchinaboi/backendserver/internal/api/routes/static.staticFiles (2 handlers)
[GIN-debug] POST   /api/admin/reset          --> github.com/asianchinaboi/backendserver/internal/api/routes/admin.reset (4 handlers)
[GIN-debug] POST   /api/admin/banip          --> github.com/asianchinaboi/backendserver/internal/api/routes/admin.banIP (4 handlers)
[GIN-debug] GET    /api/admin/users          --> github.com/asianchinaboi/backendserver/internal/api/routes/admin/users.Get (4 handlers)
[GIN-debug] DELETE /api/admin/users/:userId  --> github.com/asianchinaboi/backendserver/internal/api/routes/admin/users.Delete (4 handlers)
[GIN-debug] PATCH  /api/admin/users/:userId  --> github.com/asianchinaboi/backendserver/internal/api/routes/admin/users.Edit (4 handlers)
[GIN-debug] GET    /api/admin/guilds         --> github.com/asianchinaboi/backendserver/internal/api/routes/admin/guilds.Get (4 handlers)
[GIN-debug] DELETE /api/admin/guilds/:userId --> github.com/asianchinaboi/backendserver/internal/api/routes/admin/guilds.Delete (4 handlers)
[GIN-debug] PATCH  /api/admin/guilds/:userId --> github.com/asianchinaboi/backendserver/internal/api/routes/admin/guilds.Edit (4 handlers)
[GIN-debug] GET    /api/status/              --> github.com/asianchinaboi/backendserver/internal/api/routes/status.ShowStatus (3 handlers)
[GIN-debug] POST   /api/guilds/              --> github.com/asianchinaboi/backendserver/internal/api/routes/guilds.createGuild (4 handlers)
[GIN-debug] POST   /api/guilds/join          --> github.com/asianchinaboi/backendserver/internal/api/routes/guilds.joinGuild (4 handlers)
[GIN-debug] DELETE /api/guilds/:guildId      --> github.com/asianchinaboi/backendserver/internal/api/routes/guilds.deleteGuild (4 handlers)
[GIN-debug] PATCH  /api/guilds/:guildId      --> github.com/asianchinaboi/backendserver/internal/api/routes/guilds.editGuild (4 handlers)
[GIN-debug] GET    /api/guilds/:guildId/settings --> github.com/asianchinaboi/backendserver/internal/api/routes/guilds.getSettings (4 handlers)
[GIN-debug] GET    /api/guilds/:guildId/members --> github.com/asianchinaboi/backendserver/internal/api/routes/guilds/members.Get (4 handlers)
[GIN-debug] DELETE /api/guilds/:guildId/members/:userId --> github.com/asianchinaboi/backendserver/internal/api/routes/guilds/members.Kick (4 handlers)
[GIN-debug] POST   /api/guilds/:guildId/members/:userId/owner --> github.com/asianchinaboi/backendserver/internal/api/routes/guilds/members.ChangeOwner (4 handlers)
[GIN-debug] GET    /api/guilds/:guildId/msgs --> github.com/asianchinaboi/backendserver/internal/api/routes/guilds/msg.Get (4 handlers)
[GIN-debug] POST   /api/guilds/:guildId/msgs --> github.com/asianchinaboi/backendserver/internal/api/routes/guilds/msg.Send (4 handlers)
[GIN-debug] DELETE /api/guilds/:guildId/msgs/:msgId --> github.com/asianchinaboi/backendserver/internal/api/routes/guilds/msg.Delete (4 handlers)
[GIN-debug] PATCH  /api/guilds/:guildId/msgs/:msgId --> github.com/asianchinaboi/backendserver/internal/api/routes/guilds/msg.Edit (4 handlers)
[GIN-debug] DELETE /api/guilds/:guildId/msgs/clear --> github.com/asianchinaboi/backendserver/internal/api/routes/guilds/msg.Clear (4 handlers)
[GIN-debug] POST   /api/guilds/:guildId/msgs/typing --> github.com/asianchinaboi/backendserver/internal/api/routes/guilds/msg.Typing (4 handlers)
[GIN-debug] POST   /api/guilds/:guildId/msgs/read --> github.com/asianchinaboi/backendserver/internal/api/routes/guilds/msg.Read (4 handlers)
[GIN-debug] GET    /api/guilds/:guildId/bans --> github.com/asianchinaboi/backendserver/internal/api/routes/guilds/bans.Get (4 handlers)
[GIN-debug] PUT    /api/guilds/:guildId/bans/:userId --> github.com/asianchinaboi/backendserver/internal/api/routes/guilds/bans.Ban (4 handlers)
[GIN-debug] DELETE /api/guilds/:guildId/bans/:userId --> github.com/asianchinaboi/backendserver/internal/api/routes/guilds/bans.Unban (4 handlers)
[GIN-debug] GET    /api/guilds/:guildId/invites --> github.com/asianchinaboi/backendserver/internal/api/routes/guilds/invites.Get (4 handlers)
[GIN-debug] POST   /api/guilds/:guildId/invites --> github.com/asianchinaboi/backendserver/internal/api/routes/guilds/invites.Create (4 handlers)
[GIN-debug] DELETE /api/guilds/:guildId/invites/:invite --> github.com/asianchinaboi/backendserver/internal/api/routes/guilds/invites.Delete (4 handlers)
[GIN-debug] POST   /api/users/               --> github.com/asianchinaboi/backendserver/internal/api/routes/users.userCreate (3 handlers)
[GIN-debug] DELETE /api/users/               --> github.com/asianchinaboi/backendserver/internal/api/routes/users.userDelete (3 handlers)
[GIN-debug] DELETE /api/users/msgs           --> github.com/asianchinaboi/backendserver/internal/api/routes/users.clearUserMsg (3 handlers)
[GIN-debug] POST   /api/users/auth           --> github.com/asianchinaboi/backendserver/internal/api/routes/users.userAuth (3 handlers)
[GIN-debug] PATCH  /api/users/@me            --> github.com/asianchinaboi/backendserver/internal/api/routes/users.editSelf (3 handlers)
[GIN-debug] GET    /api/users/@me            --> github.com/asianchinaboi/backendserver/internal/api/routes/users.getSelfInfo (4 handlers)
[GIN-debug] GET    /api/users/:userId        --> github.com/asianchinaboi/backendserver/internal/api/routes/users.getUserInfo (5 handlers)
[GIN-debug] POST   /api/users/:userId/msgs   --> github.com/asianchinaboi/backendserver/internal/api/routes/users/msgs.Send (6 handlers)
[GIN-debug] GET    /api/users/:userId/msgs   --> github.com/asianchinaboi/backendserver/internal/api/routes/users/msgs.Get (7 handlers)
[GIN-debug] PATCH  /api/users/:userId/msgs/:msgId --> github.com/asianchinaboi/backendserver/internal/api/routes/users/msgs.Edit (8 handlers)
[GIN-debug] DELETE /api/users/:userId/msgs/:msgId --> github.com/asianchinaboi/backendserver/internal/api/routes/users/msgs.Delete (9 handlers)
[GIN-debug] POST   /api/users/:userId/msgs/typing --> github.com/asianchinaboi/backendserver/internal/api/routes/users/msgs.Typing (10 handlers)
[GIN-debug] PUT    /api/users/dms/:userId    --> github.com/asianchinaboi/backendserver/internal/api/routes/users/directmsgs.Create (11 handlers)
[GIN-debug] GET    /api/users/dms            --> github.com/asianchinaboi/backendserver/internal/api/routes/users/directmsgs.Get (12 handlers)
[GIN-debug] DELETE /api/users/dms/:userId    --> github.com/asianchinaboi/backendserver/internal/api/routes/users/directmsgs.Delete (13 handlers)
[GIN-debug] PUT    /api/users/friends/:userId --> github.com/asianchinaboi/backendserver/internal/api/routes/users/friends.Create (14 handlers)
[GIN-debug] GET    /api/users/friends        --> github.com/asianchinaboi/backendserver/internal/api/routes/users/friends.Get (15 handlers)
[GIN-debug] DELETE /api/users/friends/:userId --> github.com/asianchinaboi/backendserver/internal/api/routes/users/friends.Delete (16 handlers)
[GIN-debug] POST   /api/users/friends/:userId/accept --> github.com/asianchinaboi/backendserver/internal/api/routes/users/friends.Accept (17 handlers)
[GIN-debug] PUT    /api/users/blocked/:userId --> github.com/asianchinaboi/backendserver/internal/api/routes/users/blocked.Create (18 handlers)
[GIN-debug] GET    /api/users/blocked        --> github.com/asianchinaboi/backendserver/internal/api/routes/users/blocked.Get (19 handlers)
[GIN-debug] DELETE /api/users/blocked/:userId --> github.com/asianchinaboi/backendserver/internal/api/routes/users/blocked.Delete (20 handlers)
[GIN-debug] GET    /api/users/guilds         --> github.com/asianchinaboi/backendserver/internal/api/routes/users.getSelfGuilds (21 handlers)
[GIN-debug] DELETE /api/users/guilds/:guildId --> github.com/asianchinaboi/backendserver/internal/api/routes/users.leaveGuild (22 handlers)
[GIN-debug] GET    /api/ws/                  --> github.com/asianchinaboi/backendserver/internal/api/routes/ws.webSocket (3 handlers)
[GIN-debug] redirecting request 307: /api/users/ --> /api/users/
DEBUG:	2023/01/28 10:24:05 cooldown.go:65: Created new limiter
DEBUG:	2023/01/28 10:24:05 cooldown.go:72: before send chan
DEBUG:	2023/01/28 10:24:05 cooldown.go:37: Started limiter
DEBUG:	2023/01/28 10:24:05 cooldown.go:41: received a msg to add
DEBUG:	2023/01/28 10:24:05 cooldown.go:74: after send chan
DEBUG:	2023/01/28 10:24:05 cooldown.go:15: [::1]:50722
DEBUG:	2023/01/28 10:24:05 create.go:15: Creating User
DEBUG:	2023/01/28 10:24:05 create.go:26: password: 12345678
DEBUG:	2023/01/28 10:24:06 gen.go:73: 8a0de481ca7cd1eb954f6bde70ac716b97ac7f5bdd080b3a4e4cb90366a02a53
ERROR:	2023/01/28 10:24:06 create.go:90: pq: value too long for type character varying(32)
DEBUG:	2023/01/28 10:25:05 cooldown.go:34: Stopped limiter
[GIN-debug] redirecting request 307: /api/users/ --> /api/users/
DEBUG:	2023/01/28 10:25:38 cooldown.go:65: Created new limiter
DEBUG:	2023/01/28 10:25:38 cooldown.go:72: before send chan
DEBUG:	2023/01/28 10:25:38 cooldown.go:37: Started limiter
DEBUG:	2023/01/28 10:25:38 cooldown.go:41: received a msg to add
DEBUG:	2023/01/28 10:25:38 cooldown.go:74: after send chan
DEBUG:	2023/01/28 10:25:38 cooldown.go:15: [::1]:62538
DEBUG:	2023/01/28 10:25:38 create.go:15: Creating User
DEBUG:	2023/01/28 10:25:38 create.go:26: password: 12345678
DEBUG:	2023/01/28 10:25:39 gen.go:73: 9c12310d516ae9608df501a25eaed3595d6795376edd6b27213bbfe41a7fcb9b
DEBUG:	2023/01/28 10:25:39 create.go:98: info about new user {1680049539004 4 9c12310d516ae9608df501a25eaed3595d6795376edd6b27213bbfe41a7fcb9b <nil>}
DEBUG:	2023/01/28 10:26:38 cooldown.go:34: Stopped limiter
DEBUG:	2023/01/28 10:26:47 cooldown.go:65: Created new limiter
DEBUG:	2023/01/28 10:26:47 cooldown.go:72: before send chan
DEBUG:	2023/01/28 10:26:47 cooldown.go:37: Started limiter
DEBUG:	2023/01/28 10:26:47 cooldown.go:41: received a msg to add
DEBUG:	2023/01/28 10:26:47 cooldown.go:74: after send chan
DEBUG:	2023/01/28 10:26:47 cooldown.go:15: 127.0.0.1:59186
INFO:	2023/01/28 10:26:47 wsclient.go:60: Websocket active of 127.0.0.1:8080
DEBUG:	2023/01/28 10:26:50 wspipe.go:58: worked?
DEBUG:	2023/01/28 10:26:53 wspipe.go:58: worked?
DEBUG:	2023/01/28 10:26:53 wspipe.go:58: worked?
DEBUG:	2023/01/28 10:26:54 wspipe.go:58: worked?
DEBUG:	2023/01/28 10:26:54 wspipe.go:58: worked?
DEBUG:	2023/01/28 10:26:54 wspipe.go:58: worked?
DEBUG:	2023/01/28 10:26:54 wspipe.go:58: worked?
DEBUG:	2023/01/28 10:26:54 wspipe.go:58: worked?
DEBUG:	2023/01/28 10:26:55 wspipe.go:58: worked?
DEBUG:	2023/01/28 10:26:55 wspipe.go:58: worked?
DEBUG:	2023/01/28 10:27:02 wspipe.go:58: worked?
INFO:	2023/01/28 10:27:02 wsclient.go:70: deadline passed
INFO:	2023/01/28 10:27:02 wsclient.go:72: cancelling from deadline
ERROR:	2023/01/28 10:27:02 wspipe.go:18: read tcp 127.0.0.1:8080->127.0.0.1:59186: use of closed network connection
INFO:	2023/01/28 10:27:02 wsclient.go:34: Websocket of 127.0.0.1:8080 has been closed
INFO:	2023/01/28 10:27:02 wspipe.go:21: Disconnecting websocket
WARN:	2023/01/28 10:27:02 clientpool.go:23: Requested to remove ID:  0 UID:    however was not found
DEBUG:	2023/01/28 10:27:02 wsclient.go:58: wsclient ended
DEBUG:	2023/01/28 10:27:24 cooldown.go:65: Created new limiter
DEBUG:	2023/01/28 10:27:24 cooldown.go:72: before send chan
DEBUG:	2023/01/28 10:27:24 cooldown.go:37: Started limiter
DEBUG:	2023/01/28 10:27:24 cooldown.go:41: received a msg to add
DEBUG:	2023/01/28 10:27:24 cooldown.go:74: after send chan
DEBUG:	2023/01/28 10:27:24 cooldown.go:15: 127.0.0.1:61971
INFO:	2023/01/28 10:27:24 wsclient.go:60: Websocket active of 127.0.0.1:8080
DEBUG:	2023/01/28 10:27:28 wspipe.go:58: worked?
DEBUG:	2023/01/28 10:27:30 wspipe.go:58: worked?
DEBUG:	2023/01/28 10:27:30 wspipe.go:67: worked?
INFO:	2023/01/28 10:27:30 wsclient.go:70: deadline passed
INFO:	2023/01/28 10:27:30 wsclient.go:76: deadline passed end
INFO:	2023/01/28 10:27:30 wspipe.go:115: added to client pool
DEBUG:	2023/01/28 10:27:40 wspipe.go:58: worked?
DEBUG:	2023/01/28 10:27:43 wspipe.go:58: worked?
DEBUG:	2023/01/28 10:27:47 cooldown.go:34: Stopped limiter
DEBUG:	2023/01/28 10:27:48 wspipe.go:58: worked?
DEBUG:	2023/01/28 10:27:51 wspipe.go:58: worked?
ERROR:	2023/01/28 10:27:57 wspipe.go:18: websocket: close 1000 (normal)
INFO:	2023/01/28 10:27:57 wspipe.go:21: Disconnecting websocket
INFO:	2023/01/28 10:27:57 wsclient.go:34: Websocket of 127.0.0.1:8080 has been closed
DEBUG:	2023/01/28 10:27:57 wsclient.go:58: wsclient ended
INFO:	2023/01/28 10:28:01 main.go:32: Shutting down server
FATAL:	2023/01/28 10:28:01 main.go:24: http: Server closed
INFO:	2023/01/28 10:29:20 main.go:16: Handling requests
[GIN-debug] [WARNING] Running in "debug" mode. Switch to "release" mode in production.
 - using env:	export GIN_MODE=release
 - using code:	gin.SetMode(gin.ReleaseMode)

[GIN-debug] GET    /                         --> github.com/asianchinaboi/backendserver/internal/api/routes/static.staticFiles (2 handlers)
[GIN-debug] POST   /api/admin/reset          --> github.com/asianchinaboi/backendserver/internal/api/routes/admin.reset (4 handlers)
[GIN-debug] POST   /api/admin/banip          --> github.com/asianchinaboi/backendserver/internal/api/routes/admin.banIP (4 handlers)
[GIN-debug] GET    /api/admin/users          --> github.com/asianchinaboi/backendserver/internal/api/routes/admin/users.Get (4 handlers)
[GIN-debug] DELETE /api/admin/users/:userId  --> github.com/asianchinaboi/backendserver/internal/api/routes/admin/users.Delete (4 handlers)
[GIN-debug] PATCH  /api/admin/users/:userId  --> github.com/asianchinaboi/backendserver/internal/api/routes/admin/users.Edit (4 handlers)
[GIN-debug] GET    /api/admin/guilds         --> github.com/asianchinaboi/backendserver/internal/api/routes/admin/guilds.Get (4 handlers)
[GIN-debug] DELETE /api/admin/guilds/:userId --> github.com/asianchinaboi/backendserver/internal/api/routes/admin/guilds.Delete (4 handlers)
[GIN-debug] PATCH  /api/admin/guilds/:userId --> github.com/asianchinaboi/backendserver/internal/api/routes/admin/guilds.Edit (4 handlers)
[GIN-debug] GET    /api/status/              --> github.com/asianchinaboi/backendserver/internal/api/routes/status.ShowStatus (3 handlers)
[GIN-debug] POST   /api/guilds/              --> github.com/asianchinaboi/backendserver/internal/api/routes/guilds.createGuild (4 handlers)
[GIN-debug] POST   /api/guilds/join          --> github.com/asianchinaboi/backendserver/internal/api/routes/guilds.joinGuild (4 handlers)
[GIN-debug] DELETE /api/guilds/:guildId      --> github.com/asianchinaboi/backendserver/internal/api/routes/guilds.deleteGuild (4 handlers)
[GIN-debug] PATCH  /api/guilds/:guildId      --> github.com/asianchinaboi/backendserver/internal/api/routes/guilds.editGuild (4 handlers)
[GIN-debug] GET    /api/guilds/:guildId/settings --> github.com/asianchinaboi/backendserver/internal/api/routes/guilds.getSettings (4 handlers)
[GIN-debug] GET    /api/guilds/:guildId/members --> github.com/asianchinaboi/backendserver/internal/api/routes/guilds/members.Get (4 handlers)
[GIN-debug] DELETE /api/guilds/:guildId/members/:userId --> github.com/asianchinaboi/backendserver/internal/api/routes/guilds/members.Kick (4 handlers)
[GIN-debug] POST   /api/guilds/:guildId/members/:userId/owner --> github.com/asianchinaboi/backendserver/internal/api/routes/guilds/members.ChangeOwner (4 handlers)
[GIN-debug] GET    /api/guilds/:guildId/msgs --> github.com/asianchinaboi/backendserver/internal/api/routes/guilds/msg.Get (4 handlers)
[GIN-debug] POST   /api/guilds/:guildId/msgs --> github.com/asianchinaboi/backendserver/internal/api/routes/guilds/msg.Send (4 handlers)
[GIN-debug] DELETE /api/guilds/:guildId/msgs/:msgId --> github.com/asianchinaboi/backendserver/internal/api/routes/guilds/msg.Delete (4 handlers)
[GIN-debug] PATCH  /api/guilds/:guildId/msgs/:msgId --> github.com/asianchinaboi/backendserver/internal/api/routes/guilds/msg.Edit (4 handlers)
[GIN-debug] DELETE /api/guilds/:guildId/msgs/clear --> github.com/asianchinaboi/backendserver/internal/api/routes/guilds/msg.Clear (4 handlers)
[GIN-debug] POST   /api/guilds/:guildId/msgs/typing --> github.com/asianchinaboi/backendserver/internal/api/routes/guilds/msg.Typing (4 handlers)
[GIN-debug] POST   /api/guilds/:guildId/msgs/read --> github.com/asianchinaboi/backendserver/internal/api/routes/guilds/msg.Read (4 handlers)
[GIN-debug] GET    /api/guilds/:guildId/bans --> github.com/asianchinaboi/backendserver/internal/api/routes/guilds/bans.Get (4 handlers)
[GIN-debug] PUT    /api/guilds/:guildId/bans/:userId --> github.com/asianchinaboi/backendserver/internal/api/routes/guilds/bans.Ban (4 handlers)
[GIN-debug] DELETE /api/guilds/:guildId/bans/:userId --> github.com/asianchinaboi/backendserver/internal/api/routes/guilds/bans.Unban (4 handlers)
[GIN-debug] GET    /api/guilds/:guildId/invites --> github.com/asianchinaboi/backendserver/internal/api/routes/guilds/invites.Get (4 handlers)
[GIN-debug] POST   /api/guilds/:guildId/invites --> github.com/asianchinaboi/backendserver/internal/api/routes/guilds/invites.Create (4 handlers)
[GIN-debug] DELETE /api/guilds/:guildId/invites/:invite --> github.com/asianchinaboi/backendserver/internal/api/routes/guilds/invites.Delete (4 handlers)
[GIN-debug] POST   /api/users/               --> github.com/asianchinaboi/backendserver/internal/api/routes/users.userCreate (3 handlers)
[GIN-debug] DELETE /api/users/               --> github.com/asianchinaboi/backendserver/internal/api/routes/users.userDelete (3 handlers)
[GIN-debug] DELETE /api/users/msgs           --> github.com/asianchinaboi/backendserver/internal/api/routes/users.clearUserMsg (3 handlers)
[GIN-debug] POST   /api/users/auth           --> github.com/asianchinaboi/backendserver/internal/api/routes/users.userAuth (3 handlers)
[GIN-debug] PATCH  /api/users/@me            --> github.com/asianchinaboi/backendserver/internal/api/routes/users.editSelf (3 handlers)
[GIN-debug] GET    /api/users/@me            --> github.com/asianchinaboi/backendserver/internal/api/routes/users.getSelfInfo (4 handlers)
[GIN-debug] GET    /api/users/:userId        --> github.com/asianchinaboi/backendserver/internal/api/routes/users.getUserInfo (5 handlers)
[GIN-debug] POST   /api/users/:userId/msgs   --> github.com/asianchinaboi/backendserver/internal/api/routes/users/msgs.Send (6 handlers)
[GIN-debug] GET    /api/users/:userId/msgs   --> github.com/asianchinaboi/backendserver/internal/api/routes/users/msgs.Get (7 handlers)
[GIN-debug] PATCH  /api/users/:userId/msgs/:msgId --> github.com/asianchinaboi/backendserver/internal/api/routes/users/msgs.Edit (8 handlers)
[GIN-debug] DELETE /api/users/:userId/msgs/:msgId --> github.com/asianchinaboi/backendserver/internal/api/routes/users/msgs.Delete (9 handlers)
[GIN-debug] POST   /api/users/:userId/msgs/typing --> github.com/asianchinaboi/backendserver/internal/api/routes/users/msgs.Typing (10 handlers)
[GIN-debug] PUT    /api/users/dms/:userId    --> github.com/asianchinaboi/backendserver/internal/api/routes/users/directmsgs.Create (11 handlers)
[GIN-debug] GET    /api/users/dms            --> github.com/asianchinaboi/backendserver/internal/api/routes/users/directmsgs.Get (12 handlers)
[GIN-debug] DELETE /api/users/dms/:userId    --> github.com/asianchinaboi/backendserver/internal/api/routes/users/directmsgs.Delete (13 handlers)
[GIN-debug] PUT    /api/users/friends/:userId --> github.com/asianchinaboi/backendserver/internal/api/routes/users/friends.Create (14 handlers)
[GIN-debug] GET    /api/users/friends        --> github.com/asianchinaboi/backendserver/internal/api/routes/users/friends.Get (15 handlers)
[GIN-debug] DELETE /api/users/friends/:userId --> github.com/asianchinaboi/backendserver/internal/api/routes/users/friends.Delete (16 handlers)
[GIN-debug] POST   /api/users/friends/:userId/accept --> github.com/asianchinaboi/backendserver/internal/api/routes/users/friends.Accept (17 handlers)
[GIN-debug] PUT    /api/users/blocked/:userId --> github.com/asianchinaboi/backendserver/internal/api/routes/users/blocked.Create (18 handlers)
[GIN-debug] GET    /api/users/blocked        --> github.com/asianchinaboi/backendserver/internal/api/routes/users/blocked.Get (19 handlers)
[GIN-debug] DELETE /api/users/blocked/:userId --> github.com/asianchinaboi/backendserver/internal/api/routes/users/blocked.Delete (20 handlers)
[GIN-debug] GET    /api/users/guilds         --> github.com/asianchinaboi/backendserver/internal/api/routes/users.getSelfGuilds (21 handlers)
[GIN-debug] DELETE /api/users/guilds/:guildId --> github.com/asianchinaboi/backendserver/internal/api/routes/users.leaveGuild (22 handlers)
[GIN-debug] GET    /api/ws/                  --> github.com/asianchinaboi/backendserver/internal/api/routes/ws.webSocket (3 handlers)
DEBUG:	2023/01/28 10:29:25 cooldown.go:65: Created new limiter
DEBUG:	2023/01/28 10:29:25 cooldown.go:72: before send chan
DEBUG:	2023/01/28 10:29:25 cooldown.go:37: Started limiter
DEBUG:	2023/01/28 10:29:25 cooldown.go:41: received a msg to add
DEBUG:	2023/01/28 10:29:25 cooldown.go:74: after send chan
DEBUG:	2023/01/28 10:29:25 cooldown.go:15: 127.0.0.1:59687
INFO:	2023/01/28 10:29:25 wsclient.go:60: Websocket active of 127.0.0.1:8080
DEBUG:	2023/01/28 10:29:28 wspipe.go:58: worked?
DEBUG:	2023/01/28 10:29:29 wspipe.go:58: worked?
DEBUG:	2023/01/28 10:29:29 wspipe.go:67: worked?
INFO:	2023/01/28 10:29:29 wsclient.go:70: deadline passed
INFO:	2023/01/28 10:29:29 wsclient.go:76: deadline passed end
INFO:	2023/01/28 10:29:29 wspipe.go:115: added to client pool
DEBUG:	2023/01/28 10:29:32 wspipe.go:58: worked?
DEBUG:	2023/01/28 10:29:32 wspipe.go:67: worked?
ERROR:	2023/01/28 10:29:32 wspipe.go:18: read tcp 127.0.0.1:8080->127.0.0.1:59687: use of closed network connection
INFO:	2023/01/28 10:29:32 wsclient.go:34: Websocket of 127.0.0.1:8080 has been closed
INFO:	2023/01/28 10:29:32 wspipe.go:21: Disconnecting websocket
DEBUG:	2023/01/28 10:29:32 wsclient.go:58: wsclient ended
DEBUG:	2023/01/28 10:30:25 cooldown.go:34: Stopped limiter
INFO:	2023/01/28 19:34:38 main.go:16: Handling requests
[GIN-debug] [WARNING] Running in "debug" mode. Switch to "release" mode in production.
 - using env:	export GIN_MODE=release
 - using code:	gin.SetMode(gin.ReleaseMode)

[GIN-debug] GET    /                         --> github.com/asianchinaboi/backendserver/internal/api/routes/static.staticFiles (2 handlers)
[GIN-debug] POST   /api/admin/reset          --> github.com/asianchinaboi/backendserver/internal/api/routes/admin.reset (4 handlers)
[GIN-debug] POST   /api/admin/banip          --> github.com/asianchinaboi/backendserver/internal/api/routes/admin.banIP (4 handlers)
[GIN-debug] GET    /api/admin/users          --> github.com/asianchinaboi/backendserver/internal/api/routes/admin/users.Get (4 handlers)
[GIN-debug] DELETE /api/admin/users/:userId  --> github.com/asianchinaboi/backendserver/internal/api/routes/admin/users.Delete (4 handlers)
[GIN-debug] PATCH  /api/admin/users/:userId  --> github.com/asianchinaboi/backendserver/internal/api/routes/admin/users.Edit (4 handlers)
[GIN-debug] GET    /api/admin/guilds         --> github.com/asianchinaboi/backendserver/internal/api/routes/admin/guilds.Get (4 handlers)
[GIN-debug] DELETE /api/admin/guilds/:userId --> github.com/asianchinaboi/backendserver/internal/api/routes/admin/guilds.Delete (4 handlers)
[GIN-debug] PATCH  /api/admin/guilds/:userId --> github.com/asianchinaboi/backendserver/internal/api/routes/admin/guilds.Edit (4 handlers)
[GIN-debug] GET    /api/status/              --> github.com/asianchinaboi/backendserver/internal/api/routes/status.ShowStatus (3 handlers)
[GIN-debug] POST   /api/guilds/              --> github.com/asianchinaboi/backendserver/internal/api/routes/guilds.createGuild (4 handlers)
[GIN-debug] POST   /api/guilds/join          --> github.com/asianchinaboi/backendserver/internal/api/routes/guilds.joinGuild (4 handlers)
[GIN-debug] DELETE /api/guilds/:guildId      --> github.com/asianchinaboi/backendserver/internal/api/routes/guilds.deleteGuild (4 handlers)
[GIN-debug] PATCH  /api/guilds/:guildId      --> github.com/asianchinaboi/backendserver/internal/api/routes/guilds.editGuild (4 handlers)
[GIN-debug] GET    /api/guilds/:guildId/settings --> github.com/asianchinaboi/backendserver/internal/api/routes/guilds.getSettings (4 handlers)
[GIN-debug] GET    /api/guilds/:guildId/members --> github.com/asianchinaboi/backendserver/internal/api/routes/guilds/members.Get (4 handlers)
[GIN-debug] DELETE /api/guilds/:guildId/members/:userId --> github.com/asianchinaboi/backendserver/internal/api/routes/guilds/members.Kick (4 handlers)
[GIN-debug] POST   /api/guilds/:guildId/members/:userId/owner --> github.com/asianchinaboi/backendserver/internal/api/routes/guilds/members.ChangeOwner (4 handlers)
[GIN-debug] GET    /api/guilds/:guildId/msgs --> github.com/asianchinaboi/backendserver/internal/api/routes/guilds/msg.Get (4 handlers)
[GIN-debug] POST   /api/guilds/:guildId/msgs --> github.com/asianchinaboi/backendserver/internal/api/routes/guilds/msg.Send (4 handlers)
[GIN-debug] DELETE /api/guilds/:guildId/msgs/:msgId --> github.com/asianchinaboi/backendserver/internal/api/routes/guilds/msg.Delete (4 handlers)
[GIN-debug] PATCH  /api/guilds/:guildId/msgs/:msgId --> github.com/asianchinaboi/backendserver/internal/api/routes/guilds/msg.Edit (4 handlers)
[GIN-debug] DELETE /api/guilds/:guildId/msgs/clear --> github.com/asianchinaboi/backendserver/internal/api/routes/guilds/msg.Clear (4 handlers)
[GIN-debug] POST   /api/guilds/:guildId/msgs/typing --> github.com/asianchinaboi/backendserver/internal/api/routes/guilds/msg.Typing (4 handlers)
[GIN-debug] POST   /api/guilds/:guildId/msgs/read --> github.com/asianchinaboi/backendserver/internal/api/routes/guilds/msg.Read (4 handlers)
[GIN-debug] GET    /api/guilds/:guildId/bans --> github.com/asianchinaboi/backendserver/internal/api/routes/guilds/bans.Get (4 handlers)
[GIN-debug] PUT    /api/guilds/:guildId/bans/:userId --> github.com/asianchinaboi/backendserver/internal/api/routes/guilds/bans.Ban (4 handlers)
[GIN-debug] DELETE /api/guilds/:guildId/bans/:userId --> github.com/asianchinaboi/backendserver/internal/api/routes/guilds/bans.Unban (4 handlers)
[GIN-debug] GET    /api/guilds/:guildId/invites --> github.com/asianchinaboi/backendserver/internal/api/routes/guilds/invites.Get (4 handlers)
[GIN-debug] POST   /api/guilds/:guildId/invites --> github.com/asianchinaboi/backendserver/internal/api/routes/guilds/invites.Create (4 handlers)
[GIN-debug] DELETE /api/guilds/:guildId/invites/:invite --> github.com/asianchinaboi/backendserver/internal/api/routes/guilds/invites.Delete (4 handlers)
[GIN-debug] POST   /api/users/               --> github.com/asianchinaboi/backendserver/internal/api/routes/users.userCreate (3 handlers)
[GIN-debug] DELETE /api/users/               --> github.com/asianchinaboi/backendserver/internal/api/routes/users.userDelete (3 handlers)
[GIN-debug] DELETE /api/users/msgs           --> github.com/asianchinaboi/backendserver/internal/api/routes/users.clearUserMsg (3 handlers)
[GIN-debug] POST   /api/users/auth           --> github.com/asianchinaboi/backendserver/internal/api/routes/users.userAuth (3 handlers)
[GIN-debug] PATCH  /api/users/@me            --> github.com/asianchinaboi/backendserver/internal/api/routes/users.editSelf (3 handlers)
[GIN-debug] GET    /api/users/@me            --> github.com/asianchinaboi/backendserver/internal/api/routes/users.getSelfInfo (4 handlers)
[GIN-debug] GET    /api/users/:userId        --> github.com/asianchinaboi/backendserver/internal/api/routes/users.getUserInfo (5 handlers)
[GIN-debug] POST   /api/users/:userId/msgs   --> github.com/asianchinaboi/backendserver/internal/api/routes/users/msgs.Send (6 handlers)
[GIN-debug] GET    /api/users/:userId/msgs   --> github.com/asianchinaboi/backendserver/internal/api/routes/users/msgs.Get (7 handlers)
[GIN-debug] PATCH  /api/users/:userId/msgs/:msgId --> github.com/asianchinaboi/backendserver/internal/api/routes/users/msgs.Edit (8 handlers)
[GIN-debug] DELETE /api/users/:userId/msgs/:msgId --> github.com/asianchinaboi/backendserver/internal/api/routes/users/msgs.Delete (9 handlers)
[GIN-debug] POST   /api/users/:userId/msgs/typing --> github.com/asianchinaboi/backendserver/internal/api/routes/users/msgs.Typing (10 handlers)
[GIN-debug] PUT    /api/users/dms/:userId    --> github.com/asianchinaboi/backendserver/internal/api/routes/users/directmsgs.Create (11 handlers)
[GIN-debug] GET    /api/users/dms            --> github.com/asianchinaboi/backendserver/internal/api/routes/users/directmsgs.Get (12 handlers)
[GIN-debug] DELETE /api/users/dms/:userId    --> github.com/asianchinaboi/backendserver/internal/api/routes/users/directmsgs.Delete (13 handlers)
[GIN-debug] PUT    /api/users/friends/:userId --> github.com/asianchinaboi/backendserver/internal/api/routes/users/friends.Create (14 handlers)
[GIN-debug] GET    /api/users/friends        --> github.com/asianchinaboi/backendserver/internal/api/routes/users/friends.Get (15 handlers)
[GIN-debug] DELETE /api/users/friends/:userId --> github.com/asianchinaboi/backendserver/internal/api/routes/users/friends.Delete (16 handlers)
[GIN-debug] POST   /api/users/friends/:userId/accept --> github.com/asianchinaboi/backendserver/internal/api/routes/users/friends.Accept (17 handlers)
[GIN-debug] PUT    /api/users/blocked/:userId --> github.com/asianchinaboi/backendserver/internal/api/routes/users/blocked.Create (18 handlers)
[GIN-debug] GET    /api/users/blocked        --> github.com/asianchinaboi/backendserver/internal/api/routes/users/blocked.Get (19 handlers)
[GIN-debug] DELETE /api/users/blocked/:userId --> github.com/asianchinaboi/backendserver/internal/api/routes/users/blocked.Delete (20 handlers)
[GIN-debug] GET    /api/users/guilds         --> github.com/asianchinaboi/backendserver/internal/api/routes/users.getSelfGuilds (21 handlers)
[GIN-debug] DELETE /api/users/guilds/:guildId --> github.com/asianchinaboi/backendserver/internal/api/routes/users.leaveGuild (22 handlers)
[GIN-debug] GET    /api/ws/                  --> github.com/asianchinaboi/backendserver/internal/api/routes/ws.webSocket (3 handlers)
DEBUG:	2023/01/28 19:36:08 cooldown.go:65: Created new limiter
DEBUG:	2023/01/28 19:36:08 cooldown.go:72: before send chan
DEBUG:	2023/01/28 19:36:08 cooldown.go:37: Started limiter
DEBUG:	2023/01/28 19:36:08 cooldown.go:41: received a msg to add
DEBUG:	2023/01/28 19:36:08 cooldown.go:74: after send chan
DEBUG:	2023/01/28 19:36:08 cooldown.go:15: 127.0.0.1:57664
INFO:	2023/01/28 19:36:08 wsclient.go:60: Websocket active of 127.0.0.1:8080
DEBUG:	2023/01/28 19:36:11 wspipe.go:58: worked?
DEBUG:	2023/01/28 19:36:11 wspipe.go:67: worked?
ERROR:	2023/01/28 19:36:11 wspipe.go:88: token: invalid
INFO:	2023/01/28 19:36:11 wsclient.go:34: Websocket of 127.0.0.1:8080 has been closed
ERROR:	2023/01/28 19:36:11 wspipe.go:18: read tcp 127.0.0.1:8080->127.0.0.1:57664: use of closed network connection
INFO:	2023/01/28 19:36:11 wspipe.go:21: Disconnecting websocket
WARN:	2023/01/28 19:36:11 clientpool.go:23: Requested to remove ID:  0 UID:    however was not found
DEBUG:	2023/01/28 19:36:11 wsclient.go:58: wsclient ended
INFO:	2023/01/28 19:36:11 wsclient.go:70: deadline passed
INFO:	2023/01/28 19:36:11 wsclient.go:76: deadline passed end
[GIN-debug] redirecting request 307: /api/users/ --> /api/users/
DEBUG:	2023/01/28 19:36:49 cooldown.go:65: Created new limiter
DEBUG:	2023/01/28 19:36:49 cooldown.go:72: before send chan
DEBUG:	2023/01/28 19:36:49 cooldown.go:37: Started limiter
DEBUG:	2023/01/28 19:36:49 cooldown.go:41: received a msg to add
DEBUG:	2023/01/28 19:36:49 cooldown.go:74: after send chan
DEBUG:	2023/01/28 19:36:49 cooldown.go:15: [::1]:55247
DEBUG:	2023/01/28 19:36:49 create.go:15: Creating User
DEBUG:	2023/01/28 19:36:49 create.go:26: password: bigbruhmoment
ERROR:	2023/01/28 19:36:49 create.go:31: user: invalid username
[GIN-debug] redirecting request 307: /api/users/ --> /api/users/
DEBUG:	2023/01/28 19:36:58 cooldown.go:72: before send chan
DEBUG:	2023/01/28 19:36:58 cooldown.go:74: after send chan
DEBUG:	2023/01/28 19:36:58 cooldown.go:15: [::1]:55247
DEBUG:	2023/01/28 19:36:58 cooldown.go:41: received a msg to add
DEBUG:	2023/01/28 19:36:58 create.go:15: Creating User
DEBUG:	2023/01/28 19:36:58 create.go:26: password: bigbruhmoment
DEBUG:	2023/01/28 19:36:58 gen.go:73: a4bc6943ca9821d4ff94bd94e0264824a00a1343f74f50f933777e5c95f18305
DEBUG:	2023/01/28 19:36:58 create.go:98: info about new user {1680082618894 5 a4bc6943ca9821d4ff94bd94e0264824a00a1343f74f50f933777e5c95f18305 <nil>}
DEBUG:	2023/01/28 19:37:07 cooldown.go:65: Created new limiter
DEBUG:	2023/01/28 19:37:07 cooldown.go:72: before send chan
DEBUG:	2023/01/28 19:37:07 cooldown.go:37: Started limiter
DEBUG:	2023/01/28 19:37:07 cooldown.go:41: received a msg to add
DEBUG:	2023/01/28 19:37:07 cooldown.go:74: after send chan
DEBUG:	2023/01/28 19:37:07 cooldown.go:15: 127.0.0.1:58240
INFO:	2023/01/28 19:37:07 wsclient.go:60: Websocket active of 127.0.0.1:8080
DEBUG:	2023/01/28 19:37:08 cooldown.go:34: Stopped limiter
DEBUG:	2023/01/28 19:37:11 wspipe.go:58: worked?
DEBUG:	2023/01/28 19:37:12 wspipe.go:58: worked?
DEBUG:	2023/01/28 19:37:12 wspipe.go:58: worked?
DEBUG:	2023/01/28 19:37:17 wspipe.go:58: worked?
DEBUG:	2023/01/28 19:37:22 wspipe.go:58: worked?
INFO:	2023/01/28 19:37:23 wsclient.go:70: deadline passed
INFO:	2023/01/28 19:37:23 wsclient.go:72: cancelling from deadline
ERROR:	2023/01/28 19:37:23 wspipe.go:18: read tcp 127.0.0.1:8080->127.0.0.1:58240: use of closed network connection
INFO:	2023/01/28 19:37:23 wsclient.go:34: Websocket of 127.0.0.1:8080 has been closed
INFO:	2023/01/28 19:37:23 wspipe.go:21: Disconnecting websocket
WARN:	2023/01/28 19:37:23 clientpool.go:23: Requested to remove ID:  0 UID:    however was not found
DEBUG:	2023/01/28 19:37:23 wsclient.go:58: wsclient ended
DEBUG:	2023/01/28 19:37:58 cooldown.go:34: Stopped limiter
DEBUG:	2023/01/28 19:38:08 cooldown.go:34: Stopped limiter
DEBUG:	2023/01/28 19:38:56 cooldown.go:65: Created new limiter
DEBUG:	2023/01/28 19:38:56 cooldown.go:72: before send chan
DEBUG:	2023/01/28 19:38:56 cooldown.go:37: Started limiter
DEBUG:	2023/01/28 19:38:56 cooldown.go:41: received a msg to add
DEBUG:	2023/01/28 19:38:56 cooldown.go:74: after send chan
DEBUG:	2023/01/28 19:38:56 cooldown.go:15: [::1]:58126
ERROR:	2023/01/28 19:38:56 create.go:76: pq: relation "unreadmessages" does not exist
INFO:	2023/01/28 19:39:08 main.go:32: Shutting down server
FATAL:	2023/01/28 19:39:08 main.go:24: http: Server closed
