INFO:	2023/01/12 21:00:33 main.go:16: Handling requests
[GIN-debug] [WARNING] Running in "debug" mode. Switch to "release" mode in production.
 - using env:	export GIN_MODE=release
 - using code:	gin.SetMode(gin.ReleaseMode)

[GIN-debug] GET    /                         --> github.com/asianchinaboi/backendserver/internal/api/routes/static.staticFiles (2 handlers)
[GIN-debug] POST   /api/admin/reset          --> github.com/asianchinaboi/backendserver/internal/api/routes/admin.reset (4 handlers)
[GIN-debug] POST   /api/admin/banip          --> github.com/asianchinaboi/backendserver/internal/api/routes/admin.banIP (4 handlers)
[GIN-debug] GET    /api/admin/users          --> github.com/asianchinaboi/backendserver/internal/api/routes/admin/users.Get (4 handlers)
[GIN-debug] DELETE /api/admin/users/:userId  --> github.com/asianchinaboi/backendserver/internal/api/routes/admin/users.Delete (4 handlers)
[GIN-debug] PATCH  /api/admin/users/:userId  --> github.com/asianchinaboi/backendserver/internal/api/routes/admin/users.Edit (4 handlers)
[GIN-debug] GET    /api/admin/guilds         --> github.com/asianchinaboi/backendserver/internal/api/routes/admin/guilds.Get (4 handlers)
[GIN-debug] DELETE /api/admin/guilds/:userId --> github.com/asianchinaboi/backendserver/internal/api/routes/admin/guilds.Delete (4 handlers)
[GIN-debug] PATCH  /api/admin/guilds/:userId --> github.com/asianchinaboi/backendserver/internal/api/routes/admin/guilds.Edit (4 handlers)
[GIN-debug] GET    /api/status/              --> github.com/asianchinaboi/backendserver/internal/api/routes/status.ShowStatus (3 handlers)
[GIN-debug] POST   /api/guilds/              --> github.com/asianchinaboi/backendserver/internal/api/routes/guilds.createGuild (4 handlers)
[GIN-debug] POST   /api/guilds/join          --> github.com/asianchinaboi/backendserver/internal/api/routes/guilds.joinGuild (4 handlers)
[GIN-debug] DELETE /api/guilds/:guildId      --> github.com/asianchinaboi/backendserver/internal/api/routes/guilds.deleteGuild (4 handlers)
[GIN-debug] PATCH  /api/guilds/:guildId      --> github.com/asianchinaboi/backendserver/internal/api/routes/guilds.editGuild (4 handlers)
[GIN-debug] GET    /api/guilds/:guildId/settings --> github.com/asianchinaboi/backendserver/internal/api/routes/guilds.getSettings (4 handlers)
[GIN-debug] GET    /api/guilds/:guildId/members --> github.com/asianchinaboi/backendserver/internal/api/routes/guilds/members.Get (4 handlers)
[GIN-debug] DELETE /api/guilds/:guildId/members/:userId --> github.com/asianchinaboi/backendserver/internal/api/routes/guilds/members.Kick (4 handlers)
[GIN-debug] POST   /api/guilds/:guildId/members/:userId/owner --> github.com/asianchinaboi/backendserver/internal/api/routes/guilds/members.ChangeOwner (4 handlers)
[GIN-debug] GET    /api/guilds/:guildId/msgs --> github.com/asianchinaboi/backendserver/internal/api/routes/guilds/msg.Get (4 handlers)
[GIN-debug] POST   /api/guilds/:guildId/msgs --> github.com/asianchinaboi/backendserver/internal/api/routes/guilds/msg.Send (4 handlers)
[GIN-debug] DELETE /api/guilds/:guildId/msgs/:msgId --> github.com/asianchinaboi/backendserver/internal/api/routes/guilds/msg.Delete (4 handlers)
[GIN-debug] PATCH  /api/guilds/:guildId/msgs/:msgId --> github.com/asianchinaboi/backendserver/internal/api/routes/guilds/msg.Edit (4 handlers)
[GIN-debug] DELETE /api/guilds/:guildId/msgs/clear --> github.com/asianchinaboi/backendserver/internal/api/routes/guilds/msg.Clear (4 handlers)
[GIN-debug] POST   /api/guilds/:guildId/msgs/typing --> github.com/asianchinaboi/backendserver/internal/api/routes/guilds/msg.Typing (4 handlers)
[GIN-debug] POST   /api/guilds/:guildId/msgs/read --> github.com/asianchinaboi/backendserver/internal/api/routes/guilds/msg.Read (4 handlers)
[GIN-debug] GET    /api/guilds/:guildId/bans --> github.com/asianchinaboi/backendserver/internal/api/routes/guilds/bans.Get (4 handlers)
[GIN-debug] POST   /api/guilds/:guildId/bans/:userId --> github.com/asianchinaboi/backendserver/internal/api/routes/guilds/bans.Ban (4 handlers)
[GIN-debug] DELETE /api/guilds/:guildId/bans/:userId --> github.com/asianchinaboi/backendserver/internal/api/routes/guilds/bans.Unban (4 handlers)
[GIN-debug] GET    /api/guilds/:guildId/invites --> github.com/asianchinaboi/backendserver/internal/api/routes/guilds/invites.Get (4 handlers)
[GIN-debug] POST   /api/guilds/:guildId/invites --> github.com/asianchinaboi/backendserver/internal/api/routes/guilds/invites.Create (4 handlers)
[GIN-debug] DELETE /api/guilds/:guildId/invites/:invite --> github.com/asianchinaboi/backendserver/internal/api/routes/guilds/invites.Delete (4 handlers)
[GIN-debug] POST   /api/users/               --> github.com/asianchinaboi/backendserver/internal/api/routes/users.userCreate (3 handlers)
[GIN-debug] DELETE /api/users/               --> github.com/asianchinaboi/backendserver/internal/api/routes/users.userDelete (3 handlers)
[GIN-debug] DELETE /api/users/msgs           --> github.com/asianchinaboi/backendserver/internal/api/routes/users.clearUserMsg (3 handlers)
[GIN-debug] POST   /api/users/auth           --> github.com/asianchinaboi/backendserver/internal/api/routes/users.userAuth (3 handlers)
[GIN-debug] PATCH  /api/users/@me            --> github.com/asianchinaboi/backendserver/internal/api/routes/users.editSelf (3 handlers)
[GIN-debug] GET    /api/users/@me            --> github.com/asianchinaboi/backendserver/internal/api/routes/users.getSelfInfo (4 handlers)
[GIN-debug] GET    /api/users/guilds         --> github.com/asianchinaboi/backendserver/internal/api/routes/users.getSelfGuilds (5 handlers)
[GIN-debug] DELETE /api/users/guilds/:guildId --> github.com/asianchinaboi/backendserver/internal/api/routes/users.leaveGuild (6 handlers)
[GIN-debug] GET    /api/ws/                  --> github.com/asianchinaboi/backendserver/internal/api/routes/ws.webSocket (3 handlers)
DEBUG:	2023/01/12 21:00:38 cooldown.go:65: Created new limiter
DEBUG:	2023/01/12 21:00:38 cooldown.go:72: before send chan
DEBUG:	2023/01/12 21:00:38 cooldown.go:37: Started limiter
DEBUG:	2023/01/12 21:00:38 cooldown.go:41: received a msg to add
DEBUG:	2023/01/12 21:00:38 cooldown.go:74: after send chan
DEBUG:	2023/01/12 21:00:38 cooldown.go:15: [::1]:47774
INFO:	2023/01/12 21:00:38 getguilds.go:26: Getting guilds
DEBUG:	2023/01/12 21:01:38 cooldown.go:34: Stopped limiter
DEBUG:	2023/01/12 21:08:09 cooldown.go:65: Created new limiter
DEBUG:	2023/01/12 21:08:09 cooldown.go:72: before send chan
DEBUG:	2023/01/12 21:08:09 cooldown.go:37: Started limiter
DEBUG:	2023/01/12 21:08:09 cooldown.go:41: received a msg to add
DEBUG:	2023/01/12 21:08:09 cooldown.go:74: after send chan
DEBUG:	2023/01/12 21:08:09 cooldown.go:15: [::1]:50542
ERROR:	2023/01/12 21:08:09 get.go:77: pq: invalid input syntax for type bigint: "ALL"
DEBUG:	2023/01/12 21:09:09 cooldown.go:34: Stopped limiter
INFO:	2023/01/12 21:10:11 main.go:32: Shutting down server
FATAL:	2023/01/12 21:10:11 main.go:24: http: Server closed
INFO:	2023/01/12 21:10:18 main.go:16: Handling requests
[GIN-debug] [WARNING] Running in "debug" mode. Switch to "release" mode in production.
 - using env:	export GIN_MODE=release
 - using code:	gin.SetMode(gin.ReleaseMode)

[GIN-debug] GET    /                         --> github.com/asianchinaboi/backendserver/internal/api/routes/static.staticFiles (2 handlers)
[GIN-debug] POST   /api/admin/reset          --> github.com/asianchinaboi/backendserver/internal/api/routes/admin.reset (4 handlers)
[GIN-debug] POST   /api/admin/banip          --> github.com/asianchinaboi/backendserver/internal/api/routes/admin.banIP (4 handlers)
[GIN-debug] GET    /api/admin/users          --> github.com/asianchinaboi/backendserver/internal/api/routes/admin/users.Get (4 handlers)
[GIN-debug] DELETE /api/admin/users/:userId  --> github.com/asianchinaboi/backendserver/internal/api/routes/admin/users.Delete (4 handlers)
[GIN-debug] PATCH  /api/admin/users/:userId  --> github.com/asianchinaboi/backendserver/internal/api/routes/admin/users.Edit (4 handlers)
[GIN-debug] GET    /api/admin/guilds         --> github.com/asianchinaboi/backendserver/internal/api/routes/admin/guilds.Get (4 handlers)
[GIN-debug] DELETE /api/admin/guilds/:userId --> github.com/asianchinaboi/backendserver/internal/api/routes/admin/guilds.Delete (4 handlers)
[GIN-debug] PATCH  /api/admin/guilds/:userId --> github.com/asianchinaboi/backendserver/internal/api/routes/admin/guilds.Edit (4 handlers)
[GIN-debug] GET    /api/status/              --> github.com/asianchinaboi/backendserver/internal/api/routes/status.ShowStatus (3 handlers)
[GIN-debug] POST   /api/guilds/              --> github.com/asianchinaboi/backendserver/internal/api/routes/guilds.createGuild (4 handlers)
[GIN-debug] POST   /api/guilds/join          --> github.com/asianchinaboi/backendserver/internal/api/routes/guilds.joinGuild (4 handlers)
[GIN-debug] DELETE /api/guilds/:guildId      --> github.com/asianchinaboi/backendserver/internal/api/routes/guilds.deleteGuild (4 handlers)
[GIN-debug] PATCH  /api/guilds/:guildId      --> github.com/asianchinaboi/backendserver/internal/api/routes/guilds.editGuild (4 handlers)
[GIN-debug] GET    /api/guilds/:guildId/settings --> github.com/asianchinaboi/backendserver/internal/api/routes/guilds.getSettings (4 handlers)
[GIN-debug] GET    /api/guilds/:guildId/members --> github.com/asianchinaboi/backendserver/internal/api/routes/guilds/members.Get (4 handlers)
[GIN-debug] DELETE /api/guilds/:guildId/members/:userId --> github.com/asianchinaboi/backendserver/internal/api/routes/guilds/members.Kick (4 handlers)
[GIN-debug] POST   /api/guilds/:guildId/members/:userId/owner --> github.com/asianchinaboi/backendserver/internal/api/routes/guilds/members.ChangeOwner (4 handlers)
[GIN-debug] GET    /api/guilds/:guildId/msgs --> github.com/asianchinaboi/backendserver/internal/api/routes/guilds/msg.Get (4 handlers)
[GIN-debug] POST   /api/guilds/:guildId/msgs --> github.com/asianchinaboi/backendserver/internal/api/routes/guilds/msg.Send (4 handlers)
[GIN-debug] DELETE /api/guilds/:guildId/msgs/:msgId --> github.com/asianchinaboi/backendserver/internal/api/routes/guilds/msg.Delete (4 handlers)
[GIN-debug] PATCH  /api/guilds/:guildId/msgs/:msgId --> github.com/asianchinaboi/backendserver/internal/api/routes/guilds/msg.Edit (4 handlers)
[GIN-debug] DELETE /api/guilds/:guildId/msgs/clear --> github.com/asianchinaboi/backendserver/internal/api/routes/guilds/msg.Clear (4 handlers)
[GIN-debug] POST   /api/guilds/:guildId/msgs/typing --> github.com/asianchinaboi/backendserver/internal/api/routes/guilds/msg.Typing (4 handlers)
[GIN-debug] POST   /api/guilds/:guildId/msgs/read --> github.com/asianchinaboi/backendserver/internal/api/routes/guilds/msg.Read (4 handlers)
[GIN-debug] GET    /api/guilds/:guildId/bans --> github.com/asianchinaboi/backendserver/internal/api/routes/guilds/bans.Get (4 handlers)
[GIN-debug] POST   /api/guilds/:guildId/bans/:userId --> github.com/asianchinaboi/backendserver/internal/api/routes/guilds/bans.Ban (4 handlers)
[GIN-debug] DELETE /api/guilds/:guildId/bans/:userId --> github.com/asianchinaboi/backendserver/internal/api/routes/guilds/bans.Unban (4 handlers)
[GIN-debug] GET    /api/guilds/:guildId/invites --> github.com/asianchinaboi/backendserver/internal/api/routes/guilds/invites.Get (4 handlers)
[GIN-debug] POST   /api/guilds/:guildId/invites --> github.com/asianchinaboi/backendserver/internal/api/routes/guilds/invites.Create (4 handlers)
[GIN-debug] DELETE /api/guilds/:guildId/invites/:invite --> github.com/asianchinaboi/backendserver/internal/api/routes/guilds/invites.Delete (4 handlers)
[GIN-debug] POST   /api/users/               --> github.com/asianchinaboi/backendserver/internal/api/routes/users.userCreate (3 handlers)
[GIN-debug] DELETE /api/users/               --> github.com/asianchinaboi/backendserver/internal/api/routes/users.userDelete (3 handlers)
[GIN-debug] DELETE /api/users/msgs           --> github.com/asianchinaboi/backendserver/internal/api/routes/users.clearUserMsg (3 handlers)
[GIN-debug] POST   /api/users/auth           --> github.com/asianchinaboi/backendserver/internal/api/routes/users.userAuth (3 handlers)
[GIN-debug] PATCH  /api/users/@me            --> github.com/asianchinaboi/backendserver/internal/api/routes/users.editSelf (3 handlers)
[GIN-debug] GET    /api/users/@me            --> github.com/asianchinaboi/backendserver/internal/api/routes/users.getSelfInfo (4 handlers)
[GIN-debug] GET    /api/users/guilds         --> github.com/asianchinaboi/backendserver/internal/api/routes/users.getSelfGuilds (5 handlers)
[GIN-debug] DELETE /api/users/guilds/:guildId --> github.com/asianchinaboi/backendserver/internal/api/routes/users.leaveGuild (6 handlers)
[GIN-debug] GET    /api/ws/                  --> github.com/asianchinaboi/backendserver/internal/api/routes/ws.webSocket (3 handlers)
DEBUG:	2023/01/12 21:10:37 cooldown.go:65: Created new limiter
DEBUG:	2023/01/12 21:10:37 cooldown.go:72: before send chan
DEBUG:	2023/01/12 21:10:37 cooldown.go:37: Started limiter
DEBUG:	2023/01/12 21:10:37 cooldown.go:41: received a msg to add
DEBUG:	2023/01/12 21:10:37 cooldown.go:74: after send chan
DEBUG:	2023/01/12 21:10:37 cooldown.go:15: [::1]:52036
DEBUG:	2023/01/12 21:10:37 get.go:75: ALL 0
ERROR:	2023/01/12 21:10:37 get.go:78: pq: invalid input syntax for type bigint: "ALL"
DEBUG:	2023/01/12 21:11:38 cooldown.go:34: Stopped limiter
INFO:	2023/01/12 21:14:28 main.go:32: Shutting down server
FATAL:	2023/01/12 21:14:28 main.go:24: http: Server closed
INFO:	2023/01/12 21:14:48 main.go:16: Handling requests
[GIN-debug] [WARNING] Running in "debug" mode. Switch to "release" mode in production.
 - using env:	export GIN_MODE=release
 - using code:	gin.SetMode(gin.ReleaseMode)

[GIN-debug] GET    /                         --> github.com/asianchinaboi/backendserver/internal/api/routes/static.staticFiles (2 handlers)
[GIN-debug] POST   /api/admin/reset          --> github.com/asianchinaboi/backendserver/internal/api/routes/admin.reset (4 handlers)
[GIN-debug] POST   /api/admin/banip          --> github.com/asianchinaboi/backendserver/internal/api/routes/admin.banIP (4 handlers)
[GIN-debug] GET    /api/admin/users          --> github.com/asianchinaboi/backendserver/internal/api/routes/admin/users.Get (4 handlers)
[GIN-debug] DELETE /api/admin/users/:userId  --> github.com/asianchinaboi/backendserver/internal/api/routes/admin/users.Delete (4 handlers)
[GIN-debug] PATCH  /api/admin/users/:userId  --> github.com/asianchinaboi/backendserver/internal/api/routes/admin/users.Edit (4 handlers)
[GIN-debug] GET    /api/admin/guilds         --> github.com/asianchinaboi/backendserver/internal/api/routes/admin/guilds.Get (4 handlers)
[GIN-debug] DELETE /api/admin/guilds/:userId --> github.com/asianchinaboi/backendserver/internal/api/routes/admin/guilds.Delete (4 handlers)
[GIN-debug] PATCH  /api/admin/guilds/:userId --> github.com/asianchinaboi/backendserver/internal/api/routes/admin/guilds.Edit (4 handlers)
[GIN-debug] GET    /api/status/              --> github.com/asianchinaboi/backendserver/internal/api/routes/status.ShowStatus (3 handlers)
[GIN-debug] POST   /api/guilds/              --> github.com/asianchinaboi/backendserver/internal/api/routes/guilds.createGuild (4 handlers)
[GIN-debug] POST   /api/guilds/join          --> github.com/asianchinaboi/backendserver/internal/api/routes/guilds.joinGuild (4 handlers)
[GIN-debug] DELETE /api/guilds/:guildId      --> github.com/asianchinaboi/backendserver/internal/api/routes/guilds.deleteGuild (4 handlers)
[GIN-debug] PATCH  /api/guilds/:guildId      --> github.com/asianchinaboi/backendserver/internal/api/routes/guilds.editGuild (4 handlers)
[GIN-debug] GET    /api/guilds/:guildId/settings --> github.com/asianchinaboi/backendserver/internal/api/routes/guilds.getSettings (4 handlers)
[GIN-debug] GET    /api/guilds/:guildId/members --> github.com/asianchinaboi/backendserver/internal/api/routes/guilds/members.Get (4 handlers)
[GIN-debug] DELETE /api/guilds/:guildId/members/:userId --> github.com/asianchinaboi/backendserver/internal/api/routes/guilds/members.Kick (4 handlers)
[GIN-debug] POST   /api/guilds/:guildId/members/:userId/owner --> github.com/asianchinaboi/backendserver/internal/api/routes/guilds/members.ChangeOwner (4 handlers)
[GIN-debug] GET    /api/guilds/:guildId/msgs --> github.com/asianchinaboi/backendserver/internal/api/routes/guilds/msg.Get (4 handlers)
[GIN-debug] POST   /api/guilds/:guildId/msgs --> github.com/asianchinaboi/backendserver/internal/api/routes/guilds/msg.Send (4 handlers)
[GIN-debug] DELETE /api/guilds/:guildId/msgs/:msgId --> github.com/asianchinaboi/backendserver/internal/api/routes/guilds/msg.Delete (4 handlers)
[GIN-debug] PATCH  /api/guilds/:guildId/msgs/:msgId --> github.com/asianchinaboi/backendserver/internal/api/routes/guilds/msg.Edit (4 handlers)
[GIN-debug] DELETE /api/guilds/:guildId/msgs/clear --> github.com/asianchinaboi/backendserver/internal/api/routes/guilds/msg.Clear (4 handlers)
[GIN-debug] POST   /api/guilds/:guildId/msgs/typing --> github.com/asianchinaboi/backendserver/internal/api/routes/guilds/msg.Typing (4 handlers)
[GIN-debug] POST   /api/guilds/:guildId/msgs/read --> github.com/asianchinaboi/backendserver/internal/api/routes/guilds/msg.Read (4 handlers)
[GIN-debug] GET    /api/guilds/:guildId/bans --> github.com/asianchinaboi/backendserver/internal/api/routes/guilds/bans.Get (4 handlers)
[GIN-debug] POST   /api/guilds/:guildId/bans/:userId --> github.com/asianchinaboi/backendserver/internal/api/routes/guilds/bans.Ban (4 handlers)
[GIN-debug] DELETE /api/guilds/:guildId/bans/:userId --> github.com/asianchinaboi/backendserver/internal/api/routes/guilds/bans.Unban (4 handlers)
[GIN-debug] GET    /api/guilds/:guildId/invites --> github.com/asianchinaboi/backendserver/internal/api/routes/guilds/invites.Get (4 handlers)
[GIN-debug] POST   /api/guilds/:guildId/invites --> github.com/asianchinaboi/backendserver/internal/api/routes/guilds/invites.Create (4 handlers)
[GIN-debug] DELETE /api/guilds/:guildId/invites/:invite --> github.com/asianchinaboi/backendserver/internal/api/routes/guilds/invites.Delete (4 handlers)
[GIN-debug] POST   /api/users/               --> github.com/asianchinaboi/backendserver/internal/api/routes/users.userCreate (3 handlers)
[GIN-debug] DELETE /api/users/               --> github.com/asianchinaboi/backendserver/internal/api/routes/users.userDelete (3 handlers)
[GIN-debug] DELETE /api/users/msgs           --> github.com/asianchinaboi/backendserver/internal/api/routes/users.clearUserMsg (3 handlers)
[GIN-debug] POST   /api/users/auth           --> github.com/asianchinaboi/backendserver/internal/api/routes/users.userAuth (3 handlers)
[GIN-debug] PATCH  /api/users/@me            --> github.com/asianchinaboi/backendserver/internal/api/routes/users.editSelf (3 handlers)
[GIN-debug] GET    /api/users/@me            --> github.com/asianchinaboi/backendserver/internal/api/routes/users.getSelfInfo (4 handlers)
[GIN-debug] GET    /api/users/guilds         --> github.com/asianchinaboi/backendserver/internal/api/routes/users.getSelfGuilds (5 handlers)
[GIN-debug] DELETE /api/users/guilds/:guildId --> github.com/asianchinaboi/backendserver/internal/api/routes/users.leaveGuild (6 handlers)
[GIN-debug] GET    /api/ws/                  --> github.com/asianchinaboi/backendserver/internal/api/routes/ws.webSocket (3 handlers)
DEBUG:	2023/01/12 21:15:20 cooldown.go:65: Created new limiter
DEBUG:	2023/01/12 21:15:20 cooldown.go:72: before send chan
DEBUG:	2023/01/12 21:15:20 cooldown.go:37: Started limiter
DEBUG:	2023/01/12 21:15:20 cooldown.go:41: received a msg to add
DEBUG:	2023/01/12 21:15:20 cooldown.go:74: after send chan
DEBUG:	2023/01/12 21:15:20 cooldown.go:15: [::1]:40554
DEBUG:	2023/01/12 21:15:20 get.go:75: ALL 0
ERROR:	2023/01/12 21:15:20 get.go:78: pq: invalid input syntax for type bigint: "ALL"
INFO:	2023/01/12 21:15:34 main.go:32: Shutting down server
FATAL:	2023/01/12 21:15:34 main.go:24: http: Server closed
INFO:	2023/01/12 21:15:38 main.go:16: Handling requests
[GIN-debug] [WARNING] Running in "debug" mode. Switch to "release" mode in production.
 - using env:	export GIN_MODE=release
 - using code:	gin.SetMode(gin.ReleaseMode)

[GIN-debug] GET    /                         --> github.com/asianchinaboi/backendserver/internal/api/routes/static.staticFiles (2 handlers)
[GIN-debug] POST   /api/admin/reset          --> github.com/asianchinaboi/backendserver/internal/api/routes/admin.reset (4 handlers)
[GIN-debug] POST   /api/admin/banip          --> github.com/asianchinaboi/backendserver/internal/api/routes/admin.banIP (4 handlers)
[GIN-debug] GET    /api/admin/users          --> github.com/asianchinaboi/backendserver/internal/api/routes/admin/users.Get (4 handlers)
[GIN-debug] DELETE /api/admin/users/:userId  --> github.com/asianchinaboi/backendserver/internal/api/routes/admin/users.Delete (4 handlers)
[GIN-debug] PATCH  /api/admin/users/:userId  --> github.com/asianchinaboi/backendserver/internal/api/routes/admin/users.Edit (4 handlers)
[GIN-debug] GET    /api/admin/guilds         --> github.com/asianchinaboi/backendserver/internal/api/routes/admin/guilds.Get (4 handlers)
[GIN-debug] DELETE /api/admin/guilds/:userId --> github.com/asianchinaboi/backendserver/internal/api/routes/admin/guilds.Delete (4 handlers)
[GIN-debug] PATCH  /api/admin/guilds/:userId --> github.com/asianchinaboi/backendserver/internal/api/routes/admin/guilds.Edit (4 handlers)
[GIN-debug] GET    /api/status/              --> github.com/asianchinaboi/backendserver/internal/api/routes/status.ShowStatus (3 handlers)
[GIN-debug] POST   /api/guilds/              --> github.com/asianchinaboi/backendserver/internal/api/routes/guilds.createGuild (4 handlers)
[GIN-debug] POST   /api/guilds/join          --> github.com/asianchinaboi/backendserver/internal/api/routes/guilds.joinGuild (4 handlers)
[GIN-debug] DELETE /api/guilds/:guildId      --> github.com/asianchinaboi/backendserver/internal/api/routes/guilds.deleteGuild (4 handlers)
[GIN-debug] PATCH  /api/guilds/:guildId      --> github.com/asianchinaboi/backendserver/internal/api/routes/guilds.editGuild (4 handlers)
[GIN-debug] GET    /api/guilds/:guildId/settings --> github.com/asianchinaboi/backendserver/internal/api/routes/guilds.getSettings (4 handlers)
[GIN-debug] GET    /api/guilds/:guildId/members --> github.com/asianchinaboi/backendserver/internal/api/routes/guilds/members.Get (4 handlers)
[GIN-debug] DELETE /api/guilds/:guildId/members/:userId --> github.com/asianchinaboi/backendserver/internal/api/routes/guilds/members.Kick (4 handlers)
[GIN-debug] POST   /api/guilds/:guildId/members/:userId/owner --> github.com/asianchinaboi/backendserver/internal/api/routes/guilds/members.ChangeOwner (4 handlers)
[GIN-debug] GET    /api/guilds/:guildId/msgs --> github.com/asianchinaboi/backendserver/internal/api/routes/guilds/msg.Get (4 handlers)
[GIN-debug] POST   /api/guilds/:guildId/msgs --> github.com/asianchinaboi/backendserver/internal/api/routes/guilds/msg.Send (4 handlers)
[GIN-debug] DELETE /api/guilds/:guildId/msgs/:msgId --> github.com/asianchinaboi/backendserver/internal/api/routes/guilds/msg.Delete (4 handlers)
[GIN-debug] PATCH  /api/guilds/:guildId/msgs/:msgId --> github.com/asianchinaboi/backendserver/internal/api/routes/guilds/msg.Edit (4 handlers)
[GIN-debug] DELETE /api/guilds/:guildId/msgs/clear --> github.com/asianchinaboi/backendserver/internal/api/routes/guilds/msg.Clear (4 handlers)
[GIN-debug] POST   /api/guilds/:guildId/msgs/typing --> github.com/asianchinaboi/backendserver/internal/api/routes/guilds/msg.Typing (4 handlers)
[GIN-debug] POST   /api/guilds/:guildId/msgs/read --> github.com/asianchinaboi/backendserver/internal/api/routes/guilds/msg.Read (4 handlers)
[GIN-debug] GET    /api/guilds/:guildId/bans --> github.com/asianchinaboi/backendserver/internal/api/routes/guilds/bans.Get (4 handlers)
[GIN-debug] POST   /api/guilds/:guildId/bans/:userId --> github.com/asianchinaboi/backendserver/internal/api/routes/guilds/bans.Ban (4 handlers)
[GIN-debug] DELETE /api/guilds/:guildId/bans/:userId --> github.com/asianchinaboi/backendserver/internal/api/routes/guilds/bans.Unban (4 handlers)
[GIN-debug] GET    /api/guilds/:guildId/invites --> github.com/asianchinaboi/backendserver/internal/api/routes/guilds/invites.Get (4 handlers)
[GIN-debug] POST   /api/guilds/:guildId/invites --> github.com/asianchinaboi/backendserver/internal/api/routes/guilds/invites.Create (4 handlers)
[GIN-debug] DELETE /api/guilds/:guildId/invites/:invite --> github.com/asianchinaboi/backendserver/internal/api/routes/guilds/invites.Delete (4 handlers)
[GIN-debug] POST   /api/users/               --> github.com/asianchinaboi/backendserver/internal/api/routes/users.userCreate (3 handlers)
[GIN-debug] DELETE /api/users/               --> github.com/asianchinaboi/backendserver/internal/api/routes/users.userDelete (3 handlers)
[GIN-debug] DELETE /api/users/msgs           --> github.com/asianchinaboi/backendserver/internal/api/routes/users.clearUserMsg (3 handlers)
[GIN-debug] POST   /api/users/auth           --> github.com/asianchinaboi/backendserver/internal/api/routes/users.userAuth (3 handlers)
[GIN-debug] PATCH  /api/users/@me            --> github.com/asianchinaboi/backendserver/internal/api/routes/users.editSelf (3 handlers)
[GIN-debug] GET    /api/users/@me            --> github.com/asianchinaboi/backendserver/internal/api/routes/users.getSelfInfo (4 handlers)
[GIN-debug] GET    /api/users/guilds         --> github.com/asianchinaboi/backendserver/internal/api/routes/users.getSelfGuilds (5 handlers)
[GIN-debug] DELETE /api/users/guilds/:guildId --> github.com/asianchinaboi/backendserver/internal/api/routes/users.leaveGuild (6 handlers)
[GIN-debug] GET    /api/ws/                  --> github.com/asianchinaboi/backendserver/internal/api/routes/ws.webSocket (3 handlers)
INFO:	2023/01/12 21:16:12 main.go:32: Shutting down server
FATAL:	2023/01/12 21:16:12 main.go:24: http: Server closed
INFO:	2023/01/12 21:16:17 main.go:16: Handling requests
[GIN-debug] [WARNING] Running in "debug" mode. Switch to "release" mode in production.
 - using env:	export GIN_MODE=release
 - using code:	gin.SetMode(gin.ReleaseMode)

[GIN-debug] GET    /                         --> github.com/asianchinaboi/backendserver/internal/api/routes/static.staticFiles (2 handlers)
[GIN-debug] POST   /api/admin/reset          --> github.com/asianchinaboi/backendserver/internal/api/routes/admin.reset (4 handlers)
[GIN-debug] POST   /api/admin/banip          --> github.com/asianchinaboi/backendserver/internal/api/routes/admin.banIP (4 handlers)
[GIN-debug] GET    /api/admin/users          --> github.com/asianchinaboi/backendserver/internal/api/routes/admin/users.Get (4 handlers)
[GIN-debug] DELETE /api/admin/users/:userId  --> github.com/asianchinaboi/backendserver/internal/api/routes/admin/users.Delete (4 handlers)
[GIN-debug] PATCH  /api/admin/users/:userId  --> github.com/asianchinaboi/backendserver/internal/api/routes/admin/users.Edit (4 handlers)
[GIN-debug] GET    /api/admin/guilds         --> github.com/asianchinaboi/backendserver/internal/api/routes/admin/guilds.Get (4 handlers)
[GIN-debug] DELETE /api/admin/guilds/:userId --> github.com/asianchinaboi/backendserver/internal/api/routes/admin/guilds.Delete (4 handlers)
[GIN-debug] PATCH  /api/admin/guilds/:userId --> github.com/asianchinaboi/backendserver/internal/api/routes/admin/guilds.Edit (4 handlers)
[GIN-debug] GET    /api/status/              --> github.com/asianchinaboi/backendserver/internal/api/routes/status.ShowStatus (3 handlers)
[GIN-debug] POST   /api/guilds/              --> github.com/asianchinaboi/backendserver/internal/api/routes/guilds.createGuild (4 handlers)
[GIN-debug] POST   /api/guilds/join          --> github.com/asianchinaboi/backendserver/internal/api/routes/guilds.joinGuild (4 handlers)
[GIN-debug] DELETE /api/guilds/:guildId      --> github.com/asianchinaboi/backendserver/internal/api/routes/guilds.deleteGuild (4 handlers)
[GIN-debug] PATCH  /api/guilds/:guildId      --> github.com/asianchinaboi/backendserver/internal/api/routes/guilds.editGuild (4 handlers)
[GIN-debug] GET    /api/guilds/:guildId/settings --> github.com/asianchinaboi/backendserver/internal/api/routes/guilds.getSettings (4 handlers)
[GIN-debug] GET    /api/guilds/:guildId/members --> github.com/asianchinaboi/backendserver/internal/api/routes/guilds/members.Get (4 handlers)
[GIN-debug] DELETE /api/guilds/:guildId/members/:userId --> github.com/asianchinaboi/backendserver/internal/api/routes/guilds/members.Kick (4 handlers)
[GIN-debug] POST   /api/guilds/:guildId/members/:userId/owner --> github.com/asianchinaboi/backendserver/internal/api/routes/guilds/members.ChangeOwner (4 handlers)
[GIN-debug] GET    /api/guilds/:guildId/msgs --> github.com/asianchinaboi/backendserver/internal/api/routes/guilds/msg.Get (4 handlers)
[GIN-debug] POST   /api/guilds/:guildId/msgs --> github.com/asianchinaboi/backendserver/internal/api/routes/guilds/msg.Send (4 handlers)
[GIN-debug] DELETE /api/guilds/:guildId/msgs/:msgId --> github.com/asianchinaboi/backendserver/internal/api/routes/guilds/msg.Delete (4 handlers)
[GIN-debug] PATCH  /api/guilds/:guildId/msgs/:msgId --> github.com/asianchinaboi/backendserver/internal/api/routes/guilds/msg.Edit (4 handlers)
[GIN-debug] DELETE /api/guilds/:guildId/msgs/clear --> github.com/asianchinaboi/backendserver/internal/api/routes/guilds/msg.Clear (4 handlers)
[GIN-debug] POST   /api/guilds/:guildId/msgs/typing --> github.com/asianchinaboi/backendserver/internal/api/routes/guilds/msg.Typing (4 handlers)
[GIN-debug] POST   /api/guilds/:guildId/msgs/read --> github.com/asianchinaboi/backendserver/internal/api/routes/guilds/msg.Read (4 handlers)
[GIN-debug] GET    /api/guilds/:guildId/bans --> github.com/asianchinaboi/backendserver/internal/api/routes/guilds/bans.Get (4 handlers)
[GIN-debug] POST   /api/guilds/:guildId/bans/:userId --> github.com/asianchinaboi/backendserver/internal/api/routes/guilds/bans.Ban (4 handlers)
[GIN-debug] DELETE /api/guilds/:guildId/bans/:userId --> github.com/asianchinaboi/backendserver/internal/api/routes/guilds/bans.Unban (4 handlers)
[GIN-debug] GET    /api/guilds/:guildId/invites --> github.com/asianchinaboi/backendserver/internal/api/routes/guilds/invites.Get (4 handlers)
[GIN-debug] POST   /api/guilds/:guildId/invites --> github.com/asianchinaboi/backendserver/internal/api/routes/guilds/invites.Create (4 handlers)
[GIN-debug] DELETE /api/guilds/:guildId/invites/:invite --> github.com/asianchinaboi/backendserver/internal/api/routes/guilds/invites.Delete (4 handlers)
[GIN-debug] POST   /api/users/               --> github.com/asianchinaboi/backendserver/internal/api/routes/users.userCreate (3 handlers)
[GIN-debug] DELETE /api/users/               --> github.com/asianchinaboi/backendserver/internal/api/routes/users.userDelete (3 handlers)
[GIN-debug] DELETE /api/users/msgs           --> github.com/asianchinaboi/backendserver/internal/api/routes/users.clearUserMsg (3 handlers)
[GIN-debug] POST   /api/users/auth           --> github.com/asianchinaboi/backendserver/internal/api/routes/users.userAuth (3 handlers)
[GIN-debug] PATCH  /api/users/@me            --> github.com/asianchinaboi/backendserver/internal/api/routes/users.editSelf (3 handlers)
[GIN-debug] GET    /api/users/@me            --> github.com/asianchinaboi/backendserver/internal/api/routes/users.getSelfInfo (4 handlers)
[GIN-debug] GET    /api/users/guilds         --> github.com/asianchinaboi/backendserver/internal/api/routes/users.getSelfGuilds (5 handlers)
[GIN-debug] DELETE /api/users/guilds/:guildId --> github.com/asianchinaboi/backendserver/internal/api/routes/users.leaveGuild (6 handlers)
[GIN-debug] GET    /api/ws/                  --> github.com/asianchinaboi/backendserver/internal/api/routes/ws.webSocket (3 handlers)
DEBUG:	2023/01/12 21:16:20 cooldown.go:65: Created new limiter
DEBUG:	2023/01/12 21:16:20 cooldown.go:72: before send chan
DEBUG:	2023/01/12 21:16:20 cooldown.go:37: Started limiter
DEBUG:	2023/01/12 21:16:20 cooldown.go:41: received a msg to add
DEBUG:	2023/01/12 21:16:20 cooldown.go:74: after send chan
DEBUG:	2023/01/12 21:16:20 cooldown.go:15: [::1]:46938
DEBUG:	2023/01/12 21:16:20 get.go:75: 10 0
INFO:	2023/01/12 21:17:07 main.go:32: Shutting down server
FATAL:	2023/01/12 21:17:07 main.go:24: http: Server closed
INFO:	2023/01/12 21:17:12 main.go:16: Handling requests
[GIN-debug] [WARNING] Running in "debug" mode. Switch to "release" mode in production.
 - using env:	export GIN_MODE=release
 - using code:	gin.SetMode(gin.ReleaseMode)

[GIN-debug] GET    /                         --> github.com/asianchinaboi/backendserver/internal/api/routes/static.staticFiles (2 handlers)
[GIN-debug] POST   /api/admin/reset          --> github.com/asianchinaboi/backendserver/internal/api/routes/admin.reset (4 handlers)
[GIN-debug] POST   /api/admin/banip          --> github.com/asianchinaboi/backendserver/internal/api/routes/admin.banIP (4 handlers)
[GIN-debug] GET    /api/admin/users          --> github.com/asianchinaboi/backendserver/internal/api/routes/admin/users.Get (4 handlers)
[GIN-debug] DELETE /api/admin/users/:userId  --> github.com/asianchinaboi/backendserver/internal/api/routes/admin/users.Delete (4 handlers)
[GIN-debug] PATCH  /api/admin/users/:userId  --> github.com/asianchinaboi/backendserver/internal/api/routes/admin/users.Edit (4 handlers)
[GIN-debug] GET    /api/admin/guilds         --> github.com/asianchinaboi/backendserver/internal/api/routes/admin/guilds.Get (4 handlers)
[GIN-debug] DELETE /api/admin/guilds/:userId --> github.com/asianchinaboi/backendserver/internal/api/routes/admin/guilds.Delete (4 handlers)
[GIN-debug] PATCH  /api/admin/guilds/:userId --> github.com/asianchinaboi/backendserver/internal/api/routes/admin/guilds.Edit (4 handlers)
[GIN-debug] GET    /api/status/              --> github.com/asianchinaboi/backendserver/internal/api/routes/status.ShowStatus (3 handlers)
[GIN-debug] POST   /api/guilds/              --> github.com/asianchinaboi/backendserver/internal/api/routes/guilds.createGuild (4 handlers)
[GIN-debug] POST   /api/guilds/join          --> github.com/asianchinaboi/backendserver/internal/api/routes/guilds.joinGuild (4 handlers)
[GIN-debug] DELETE /api/guilds/:guildId      --> github.com/asianchinaboi/backendserver/internal/api/routes/guilds.deleteGuild (4 handlers)
[GIN-debug] PATCH  /api/guilds/:guildId      --> github.com/asianchinaboi/backendserver/internal/api/routes/guilds.editGuild (4 handlers)
[GIN-debug] GET    /api/guilds/:guildId/settings --> github.com/asianchinaboi/backendserver/internal/api/routes/guilds.getSettings (4 handlers)
[GIN-debug] GET    /api/guilds/:guildId/members --> github.com/asianchinaboi/backendserver/internal/api/routes/guilds/members.Get (4 handlers)
[GIN-debug] DELETE /api/guilds/:guildId/members/:userId --> github.com/asianchinaboi/backendserver/internal/api/routes/guilds/members.Kick (4 handlers)
[GIN-debug] POST   /api/guilds/:guildId/members/:userId/owner --> github.com/asianchinaboi/backendserver/internal/api/routes/guilds/members.ChangeOwner (4 handlers)
[GIN-debug] GET    /api/guilds/:guildId/msgs --> github.com/asianchinaboi/backendserver/internal/api/routes/guilds/msg.Get (4 handlers)
[GIN-debug] POST   /api/guilds/:guildId/msgs --> github.com/asianchinaboi/backendserver/internal/api/routes/guilds/msg.Send (4 handlers)
[GIN-debug] DELETE /api/guilds/:guildId/msgs/:msgId --> github.com/asianchinaboi/backendserver/internal/api/routes/guilds/msg.Delete (4 handlers)
[GIN-debug] PATCH  /api/guilds/:guildId/msgs/:msgId --> github.com/asianchinaboi/backendserver/internal/api/routes/guilds/msg.Edit (4 handlers)
[GIN-debug] DELETE /api/guilds/:guildId/msgs/clear --> github.com/asianchinaboi/backendserver/internal/api/routes/guilds/msg.Clear (4 handlers)
[GIN-debug] POST   /api/guilds/:guildId/msgs/typing --> github.com/asianchinaboi/backendserver/internal/api/routes/guilds/msg.Typing (4 handlers)
[GIN-debug] POST   /api/guilds/:guildId/msgs/read --> github.com/asianchinaboi/backendserver/internal/api/routes/guilds/msg.Read (4 handlers)
[GIN-debug] GET    /api/guilds/:guildId/bans --> github.com/asianchinaboi/backendserver/internal/api/routes/guilds/bans.Get (4 handlers)
[GIN-debug] POST   /api/guilds/:guildId/bans/:userId --> github.com/asianchinaboi/backendserver/internal/api/routes/guilds/bans.Ban (4 handlers)
[GIN-debug] DELETE /api/guilds/:guildId/bans/:userId --> github.com/asianchinaboi/backendserver/internal/api/routes/guilds/bans.Unban (4 handlers)
[GIN-debug] GET    /api/guilds/:guildId/invites --> github.com/asianchinaboi/backendserver/internal/api/routes/guilds/invites.Get (4 handlers)
[GIN-debug] POST   /api/guilds/:guildId/invites --> github.com/asianchinaboi/backendserver/internal/api/routes/guilds/invites.Create (4 handlers)
[GIN-debug] DELETE /api/guilds/:guildId/invites/:invite --> github.com/asianchinaboi/backendserver/internal/api/routes/guilds/invites.Delete (4 handlers)
[GIN-debug] POST   /api/users/               --> github.com/asianchinaboi/backendserver/internal/api/routes/users.userCreate (3 handlers)
[GIN-debug] DELETE /api/users/               --> github.com/asianchinaboi/backendserver/internal/api/routes/users.userDelete (3 handlers)
[GIN-debug] DELETE /api/users/msgs           --> github.com/asianchinaboi/backendserver/internal/api/routes/users.clearUserMsg (3 handlers)
[GIN-debug] POST   /api/users/auth           --> github.com/asianchinaboi/backendserver/internal/api/routes/users.userAuth (3 handlers)
[GIN-debug] PATCH  /api/users/@me            --> github.com/asianchinaboi/backendserver/internal/api/routes/users.editSelf (3 handlers)
[GIN-debug] GET    /api/users/@me            --> github.com/asianchinaboi/backendserver/internal/api/routes/users.getSelfInfo (4 handlers)
[GIN-debug] GET    /api/users/guilds         --> github.com/asianchinaboi/backendserver/internal/api/routes/users.getSelfGuilds (5 handlers)
[GIN-debug] DELETE /api/users/guilds/:guildId --> github.com/asianchinaboi/backendserver/internal/api/routes/users.leaveGuild (6 handlers)
[GIN-debug] GET    /api/ws/                  --> github.com/asianchinaboi/backendserver/internal/api/routes/ws.webSocket (3 handlers)
INFO:	2023/01/12 21:18:48 main.go:32: Shutting down server
FATAL:	2023/01/12 21:18:48 main.go:24: http: Server closed
INFO:	2023/01/12 21:18:53 main.go:16: Handling requests
[GIN-debug] [WARNING] Running in "debug" mode. Switch to "release" mode in production.
 - using env:	export GIN_MODE=release
 - using code:	gin.SetMode(gin.ReleaseMode)

[GIN-debug] GET    /                         --> github.com/asianchinaboi/backendserver/internal/api/routes/static.staticFiles (2 handlers)
[GIN-debug] POST   /api/admin/reset          --> github.com/asianchinaboi/backendserver/internal/api/routes/admin.reset (4 handlers)
[GIN-debug] POST   /api/admin/banip          --> github.com/asianchinaboi/backendserver/internal/api/routes/admin.banIP (4 handlers)
[GIN-debug] GET    /api/admin/users          --> github.com/asianchinaboi/backendserver/internal/api/routes/admin/users.Get (4 handlers)
[GIN-debug] DELETE /api/admin/users/:userId  --> github.com/asianchinaboi/backendserver/internal/api/routes/admin/users.Delete (4 handlers)
[GIN-debug] PATCH  /api/admin/users/:userId  --> github.com/asianchinaboi/backendserver/internal/api/routes/admin/users.Edit (4 handlers)
[GIN-debug] GET    /api/admin/guilds         --> github.com/asianchinaboi/backendserver/internal/api/routes/admin/guilds.Get (4 handlers)
[GIN-debug] DELETE /api/admin/guilds/:userId --> github.com/asianchinaboi/backendserver/internal/api/routes/admin/guilds.Delete (4 handlers)
[GIN-debug] PATCH  /api/admin/guilds/:userId --> github.com/asianchinaboi/backendserver/internal/api/routes/admin/guilds.Edit (4 handlers)
[GIN-debug] GET    /api/status/              --> github.com/asianchinaboi/backendserver/internal/api/routes/status.ShowStatus (3 handlers)
[GIN-debug] POST   /api/guilds/              --> github.com/asianchinaboi/backendserver/internal/api/routes/guilds.createGuild (4 handlers)
[GIN-debug] POST   /api/guilds/join          --> github.com/asianchinaboi/backendserver/internal/api/routes/guilds.joinGuild (4 handlers)
[GIN-debug] DELETE /api/guilds/:guildId      --> github.com/asianchinaboi/backendserver/internal/api/routes/guilds.deleteGuild (4 handlers)
[GIN-debug] PATCH  /api/guilds/:guildId      --> github.com/asianchinaboi/backendserver/internal/api/routes/guilds.editGuild (4 handlers)
[GIN-debug] GET    /api/guilds/:guildId/settings --> github.com/asianchinaboi/backendserver/internal/api/routes/guilds.getSettings (4 handlers)
[GIN-debug] GET    /api/guilds/:guildId/members --> github.com/asianchinaboi/backendserver/internal/api/routes/guilds/members.Get (4 handlers)
[GIN-debug] DELETE /api/guilds/:guildId/members/:userId --> github.com/asianchinaboi/backendserver/internal/api/routes/guilds/members.Kick (4 handlers)
[GIN-debug] POST   /api/guilds/:guildId/members/:userId/owner --> github.com/asianchinaboi/backendserver/internal/api/routes/guilds/members.ChangeOwner (4 handlers)
[GIN-debug] GET    /api/guilds/:guildId/msgs --> github.com/asianchinaboi/backendserver/internal/api/routes/guilds/msg.Get (4 handlers)
[GIN-debug] POST   /api/guilds/:guildId/msgs --> github.com/asianchinaboi/backendserver/internal/api/routes/guilds/msg.Send (4 handlers)
[GIN-debug] DELETE /api/guilds/:guildId/msgs/:msgId --> github.com/asianchinaboi/backendserver/internal/api/routes/guilds/msg.Delete (4 handlers)
[GIN-debug] PATCH  /api/guilds/:guildId/msgs/:msgId --> github.com/asianchinaboi/backendserver/internal/api/routes/guilds/msg.Edit (4 handlers)
[GIN-debug] DELETE /api/guilds/:guildId/msgs/clear --> github.com/asianchinaboi/backendserver/internal/api/routes/guilds/msg.Clear (4 handlers)
[GIN-debug] POST   /api/guilds/:guildId/msgs/typing --> github.com/asianchinaboi/backendserver/internal/api/routes/guilds/msg.Typing (4 handlers)
[GIN-debug] POST   /api/guilds/:guildId/msgs/read --> github.com/asianchinaboi/backendserver/internal/api/routes/guilds/msg.Read (4 handlers)
[GIN-debug] GET    /api/guilds/:guildId/bans --> github.com/asianchinaboi/backendserver/internal/api/routes/guilds/bans.Get (4 handlers)
[GIN-debug] POST   /api/guilds/:guildId/bans/:userId --> github.com/asianchinaboi/backendserver/internal/api/routes/guilds/bans.Ban (4 handlers)
[GIN-debug] DELETE /api/guilds/:guildId/bans/:userId --> github.com/asianchinaboi/backendserver/internal/api/routes/guilds/bans.Unban (4 handlers)
[GIN-debug] GET    /api/guilds/:guildId/invites --> github.com/asianchinaboi/backendserver/internal/api/routes/guilds/invites.Get (4 handlers)
[GIN-debug] POST   /api/guilds/:guildId/invites --> github.com/asianchinaboi/backendserver/internal/api/routes/guilds/invites.Create (4 handlers)
[GIN-debug] DELETE /api/guilds/:guildId/invites/:invite --> github.com/asianchinaboi/backendserver/internal/api/routes/guilds/invites.Delete (4 handlers)
[GIN-debug] POST   /api/users/               --> github.com/asianchinaboi/backendserver/internal/api/routes/users.userCreate (3 handlers)
[GIN-debug] DELETE /api/users/               --> github.com/asianchinaboi/backendserver/internal/api/routes/users.userDelete (3 handlers)
[GIN-debug] DELETE /api/users/msgs           --> github.com/asianchinaboi/backendserver/internal/api/routes/users.clearUserMsg (3 handlers)
[GIN-debug] POST   /api/users/auth           --> github.com/asianchinaboi/backendserver/internal/api/routes/users.userAuth (3 handlers)
[GIN-debug] PATCH  /api/users/@me            --> github.com/asianchinaboi/backendserver/internal/api/routes/users.editSelf (3 handlers)
[GIN-debug] GET    /api/users/@me            --> github.com/asianchinaboi/backendserver/internal/api/routes/users.getSelfInfo (4 handlers)
[GIN-debug] GET    /api/users/guilds         --> github.com/asianchinaboi/backendserver/internal/api/routes/users.getSelfGuilds (5 handlers)
[GIN-debug] DELETE /api/users/guilds/:guildId --> github.com/asianchinaboi/backendserver/internal/api/routes/users.leaveGuild (6 handlers)
[GIN-debug] GET    /api/ws/                  --> github.com/asianchinaboi/backendserver/internal/api/routes/ws.webSocket (3 handlers)
DEBUG:	2023/01/12 21:18:59 cooldown.go:65: Created new limiter
DEBUG:	2023/01/12 21:18:59 cooldown.go:72: before send chan
DEBUG:	2023/01/12 21:18:59 cooldown.go:37: Started limiter
DEBUG:	2023/01/12 21:18:59 cooldown.go:41: received a msg to add
DEBUG:	2023/01/12 21:18:59 cooldown.go:74: after send chan
DEBUG:	2023/01/12 21:18:59 cooldown.go:15: [::1]:46838
DEBUG:	2023/01/12 21:18:59 get.go:75: ALL 0
ERROR:	2023/01/12 21:18:59 get.go:78: pq: invalid input syntax for type bigint: "ALL"
INFO:	2023/01/12 21:19:08 main.go:32: Shutting down server
FATAL:	2023/01/12 21:19:08 main.go:24: http: Server closed
INFO:	2023/01/12 21:19:12 main.go:16: Handling requests
[GIN-debug] [WARNING] Running in "debug" mode. Switch to "release" mode in production.
 - using env:	export GIN_MODE=release
 - using code:	gin.SetMode(gin.ReleaseMode)

[GIN-debug] GET    /                         --> github.com/asianchinaboi/backendserver/internal/api/routes/static.staticFiles (2 handlers)
[GIN-debug] POST   /api/admin/reset          --> github.com/asianchinaboi/backendserver/internal/api/routes/admin.reset (4 handlers)
[GIN-debug] POST   /api/admin/banip          --> github.com/asianchinaboi/backendserver/internal/api/routes/admin.banIP (4 handlers)
[GIN-debug] GET    /api/admin/users          --> github.com/asianchinaboi/backendserver/internal/api/routes/admin/users.Get (4 handlers)
[GIN-debug] DELETE /api/admin/users/:userId  --> github.com/asianchinaboi/backendserver/internal/api/routes/admin/users.Delete (4 handlers)
[GIN-debug] PATCH  /api/admin/users/:userId  --> github.com/asianchinaboi/backendserver/internal/api/routes/admin/users.Edit (4 handlers)
[GIN-debug] GET    /api/admin/guilds         --> github.com/asianchinaboi/backendserver/internal/api/routes/admin/guilds.Get (4 handlers)
[GIN-debug] DELETE /api/admin/guilds/:userId --> github.com/asianchinaboi/backendserver/internal/api/routes/admin/guilds.Delete (4 handlers)
[GIN-debug] PATCH  /api/admin/guilds/:userId --> github.com/asianchinaboi/backendserver/internal/api/routes/admin/guilds.Edit (4 handlers)
[GIN-debug] GET    /api/status/              --> github.com/asianchinaboi/backendserver/internal/api/routes/status.ShowStatus (3 handlers)
[GIN-debug] POST   /api/guilds/              --> github.com/asianchinaboi/backendserver/internal/api/routes/guilds.createGuild (4 handlers)
[GIN-debug] POST   /api/guilds/join          --> github.com/asianchinaboi/backendserver/internal/api/routes/guilds.joinGuild (4 handlers)
[GIN-debug] DELETE /api/guilds/:guildId      --> github.com/asianchinaboi/backendserver/internal/api/routes/guilds.deleteGuild (4 handlers)
[GIN-debug] PATCH  /api/guilds/:guildId      --> github.com/asianchinaboi/backendserver/internal/api/routes/guilds.editGuild (4 handlers)
[GIN-debug] GET    /api/guilds/:guildId/settings --> github.com/asianchinaboi/backendserver/internal/api/routes/guilds.getSettings (4 handlers)
[GIN-debug] GET    /api/guilds/:guildId/members --> github.com/asianchinaboi/backendserver/internal/api/routes/guilds/members.Get (4 handlers)
[GIN-debug] DELETE /api/guilds/:guildId/members/:userId --> github.com/asianchinaboi/backendserver/internal/api/routes/guilds/members.Kick (4 handlers)
[GIN-debug] POST   /api/guilds/:guildId/members/:userId/owner --> github.com/asianchinaboi/backendserver/internal/api/routes/guilds/members.ChangeOwner (4 handlers)
[GIN-debug] GET    /api/guilds/:guildId/msgs --> github.com/asianchinaboi/backendserver/internal/api/routes/guilds/msg.Get (4 handlers)
[GIN-debug] POST   /api/guilds/:guildId/msgs --> github.com/asianchinaboi/backendserver/internal/api/routes/guilds/msg.Send (4 handlers)
[GIN-debug] DELETE /api/guilds/:guildId/msgs/:msgId --> github.com/asianchinaboi/backendserver/internal/api/routes/guilds/msg.Delete (4 handlers)
[GIN-debug] PATCH  /api/guilds/:guildId/msgs/:msgId --> github.com/asianchinaboi/backendserver/internal/api/routes/guilds/msg.Edit (4 handlers)
[GIN-debug] DELETE /api/guilds/:guildId/msgs/clear --> github.com/asianchinaboi/backendserver/internal/api/routes/guilds/msg.Clear (4 handlers)
[GIN-debug] POST   /api/guilds/:guildId/msgs/typing --> github.com/asianchinaboi/backendserver/internal/api/routes/guilds/msg.Typing (4 handlers)
[GIN-debug] POST   /api/guilds/:guildId/msgs/read --> github.com/asianchinaboi/backendserver/internal/api/routes/guilds/msg.Read (4 handlers)
[GIN-debug] GET    /api/guilds/:guildId/bans --> github.com/asianchinaboi/backendserver/internal/api/routes/guilds/bans.Get (4 handlers)
[GIN-debug] POST   /api/guilds/:guildId/bans/:userId --> github.com/asianchinaboi/backendserver/internal/api/routes/guilds/bans.Ban (4 handlers)
[GIN-debug] DELETE /api/guilds/:guildId/bans/:userId --> github.com/asianchinaboi/backendserver/internal/api/routes/guilds/bans.Unban (4 handlers)
[GIN-debug] GET    /api/guilds/:guildId/invites --> github.com/asianchinaboi/backendserver/internal/api/routes/guilds/invites.Get (4 handlers)
[GIN-debug] POST   /api/guilds/:guildId/invites --> github.com/asianchinaboi/backendserver/internal/api/routes/guilds/invites.Create (4 handlers)
[GIN-debug] DELETE /api/guilds/:guildId/invites/:invite --> github.com/asianchinaboi/backendserver/internal/api/routes/guilds/invites.Delete (4 handlers)
[GIN-debug] POST   /api/users/               --> github.com/asianchinaboi/backendserver/internal/api/routes/users.userCreate (3 handlers)
[GIN-debug] DELETE /api/users/               --> github.com/asianchinaboi/backendserver/internal/api/routes/users.userDelete (3 handlers)
[GIN-debug] DELETE /api/users/msgs           --> github.com/asianchinaboi/backendserver/internal/api/routes/users.clearUserMsg (3 handlers)
[GIN-debug] POST   /api/users/auth           --> github.com/asianchinaboi/backendserver/internal/api/routes/users.userAuth (3 handlers)
[GIN-debug] PATCH  /api/users/@me            --> github.com/asianchinaboi/backendserver/internal/api/routes/users.editSelf (3 handlers)
[GIN-debug] GET    /api/users/@me            --> github.com/asianchinaboi/backendserver/internal/api/routes/users.getSelfInfo (4 handlers)
[GIN-debug] GET    /api/users/guilds         --> github.com/asianchinaboi/backendserver/internal/api/routes/users.getSelfGuilds (5 handlers)
[GIN-debug] DELETE /api/users/guilds/:guildId --> github.com/asianchinaboi/backendserver/internal/api/routes/users.leaveGuild (6 handlers)
[GIN-debug] GET    /api/ws/                  --> github.com/asianchinaboi/backendserver/internal/api/routes/ws.webSocket (3 handlers)
INFO:	2023/01/12 21:20:38 main.go:32: Shutting down server
FATAL:	2023/01/12 21:20:38 main.go:24: http: Server closed
INFO:	2023/01/12 21:20:42 main.go:16: Handling requests
[GIN-debug] [WARNING] Running in "debug" mode. Switch to "release" mode in production.
 - using env:	export GIN_MODE=release
 - using code:	gin.SetMode(gin.ReleaseMode)

[GIN-debug] GET    /                         --> github.com/asianchinaboi/backendserver/internal/api/routes/static.staticFiles (2 handlers)
[GIN-debug] POST   /api/admin/reset          --> github.com/asianchinaboi/backendserver/internal/api/routes/admin.reset (4 handlers)
[GIN-debug] POST   /api/admin/banip          --> github.com/asianchinaboi/backendserver/internal/api/routes/admin.banIP (4 handlers)
[GIN-debug] GET    /api/admin/users          --> github.com/asianchinaboi/backendserver/internal/api/routes/admin/users.Get (4 handlers)
[GIN-debug] DELETE /api/admin/users/:userId  --> github.com/asianchinaboi/backendserver/internal/api/routes/admin/users.Delete (4 handlers)
[GIN-debug] PATCH  /api/admin/users/:userId  --> github.com/asianchinaboi/backendserver/internal/api/routes/admin/users.Edit (4 handlers)
[GIN-debug] GET    /api/admin/guilds         --> github.com/asianchinaboi/backendserver/internal/api/routes/admin/guilds.Get (4 handlers)
[GIN-debug] DELETE /api/admin/guilds/:userId --> github.com/asianchinaboi/backendserver/internal/api/routes/admin/guilds.Delete (4 handlers)
[GIN-debug] PATCH  /api/admin/guilds/:userId --> github.com/asianchinaboi/backendserver/internal/api/routes/admin/guilds.Edit (4 handlers)
[GIN-debug] GET    /api/status/              --> github.com/asianchinaboi/backendserver/internal/api/routes/status.ShowStatus (3 handlers)
[GIN-debug] POST   /api/guilds/              --> github.com/asianchinaboi/backendserver/internal/api/routes/guilds.createGuild (4 handlers)
[GIN-debug] POST   /api/guilds/join          --> github.com/asianchinaboi/backendserver/internal/api/routes/guilds.joinGuild (4 handlers)
[GIN-debug] DELETE /api/guilds/:guildId      --> github.com/asianchinaboi/backendserver/internal/api/routes/guilds.deleteGuild (4 handlers)
[GIN-debug] PATCH  /api/guilds/:guildId      --> github.com/asianchinaboi/backendserver/internal/api/routes/guilds.editGuild (4 handlers)
[GIN-debug] GET    /api/guilds/:guildId/settings --> github.com/asianchinaboi/backendserver/internal/api/routes/guilds.getSettings (4 handlers)
[GIN-debug] GET    /api/guilds/:guildId/members --> github.com/asianchinaboi/backendserver/internal/api/routes/guilds/members.Get (4 handlers)
[GIN-debug] DELETE /api/guilds/:guildId/members/:userId --> github.com/asianchinaboi/backendserver/internal/api/routes/guilds/members.Kick (4 handlers)
[GIN-debug] POST   /api/guilds/:guildId/members/:userId/owner --> github.com/asianchinaboi/backendserver/internal/api/routes/guilds/members.ChangeOwner (4 handlers)
[GIN-debug] GET    /api/guilds/:guildId/msgs --> github.com/asianchinaboi/backendserver/internal/api/routes/guilds/msg.Get (4 handlers)
[GIN-debug] POST   /api/guilds/:guildId/msgs --> github.com/asianchinaboi/backendserver/internal/api/routes/guilds/msg.Send (4 handlers)
[GIN-debug] DELETE /api/guilds/:guildId/msgs/:msgId --> github.com/asianchinaboi/backendserver/internal/api/routes/guilds/msg.Delete (4 handlers)
[GIN-debug] PATCH  /api/guilds/:guildId/msgs/:msgId --> github.com/asianchinaboi/backendserver/internal/api/routes/guilds/msg.Edit (4 handlers)
[GIN-debug] DELETE /api/guilds/:guildId/msgs/clear --> github.com/asianchinaboi/backendserver/internal/api/routes/guilds/msg.Clear (4 handlers)
[GIN-debug] POST   /api/guilds/:guildId/msgs/typing --> github.com/asianchinaboi/backendserver/internal/api/routes/guilds/msg.Typing (4 handlers)
[GIN-debug] POST   /api/guilds/:guildId/msgs/read --> github.com/asianchinaboi/backendserver/internal/api/routes/guilds/msg.Read (4 handlers)
[GIN-debug] GET    /api/guilds/:guildId/bans --> github.com/asianchinaboi/backendserver/internal/api/routes/guilds/bans.Get (4 handlers)
[GIN-debug] POST   /api/guilds/:guildId/bans/:userId --> github.com/asianchinaboi/backendserver/internal/api/routes/guilds/bans.Ban (4 handlers)
[GIN-debug] DELETE /api/guilds/:guildId/bans/:userId --> github.com/asianchinaboi/backendserver/internal/api/routes/guilds/bans.Unban (4 handlers)
[GIN-debug] GET    /api/guilds/:guildId/invites --> github.com/asianchinaboi/backendserver/internal/api/routes/guilds/invites.Get (4 handlers)
[GIN-debug] POST   /api/guilds/:guildId/invites --> github.com/asianchinaboi/backendserver/internal/api/routes/guilds/invites.Create (4 handlers)
[GIN-debug] DELETE /api/guilds/:guildId/invites/:invite --> github.com/asianchinaboi/backendserver/internal/api/routes/guilds/invites.Delete (4 handlers)
[GIN-debug] POST   /api/users/               --> github.com/asianchinaboi/backendserver/internal/api/routes/users.userCreate (3 handlers)
[GIN-debug] DELETE /api/users/               --> github.com/asianchinaboi/backendserver/internal/api/routes/users.userDelete (3 handlers)
[GIN-debug] DELETE /api/users/msgs           --> github.com/asianchinaboi/backendserver/internal/api/routes/users.clearUserMsg (3 handlers)
[GIN-debug] POST   /api/users/auth           --> github.com/asianchinaboi/backendserver/internal/api/routes/users.userAuth (3 handlers)
[GIN-debug] PATCH  /api/users/@me            --> github.com/asianchinaboi/backendserver/internal/api/routes/users.editSelf (3 handlers)
[GIN-debug] GET    /api/users/@me            --> github.com/asianchinaboi/backendserver/internal/api/routes/users.getSelfInfo (4 handlers)
[GIN-debug] GET    /api/users/guilds         --> github.com/asianchinaboi/backendserver/internal/api/routes/users.getSelfGuilds (5 handlers)
[GIN-debug] DELETE /api/users/guilds/:guildId --> github.com/asianchinaboi/backendserver/internal/api/routes/users.leaveGuild (6 handlers)
[GIN-debug] GET    /api/ws/                  --> github.com/asianchinaboi/backendserver/internal/api/routes/ws.webSocket (3 handlers)
DEBUG:	2023/01/12 21:20:44 cooldown.go:65: Created new limiter
DEBUG:	2023/01/12 21:20:44 cooldown.go:72: before send chan
DEBUG:	2023/01/12 21:20:44 cooldown.go:37: Started limiter
DEBUG:	2023/01/12 21:20:44 cooldown.go:41: received a msg to add
DEBUG:	2023/01/12 21:20:44 cooldown.go:74: after send chan
DEBUG:	2023/01/12 21:20:44 cooldown.go:15: [::1]:39636
DEBUG:	2023/01/12 21:20:44 get.go:75: all 0
ERROR:	2023/01/12 21:20:44 get.go:78: pq: invalid input syntax for type bigint: "all"
DEBUG:	2023/01/12 21:21:44 cooldown.go:34: Stopped limiter
INFO:	2023/01/12 22:33:18 main.go:16: Handling requests
[GIN-debug] [WARNING] Running in "debug" mode. Switch to "release" mode in production.
 - using env:	export GIN_MODE=release
 - using code:	gin.SetMode(gin.ReleaseMode)

[GIN-debug] GET    /                         --> github.com/asianchinaboi/backendserver/internal/api/routes/static.staticFiles (2 handlers)
[GIN-debug] POST   /api/admin/reset          --> github.com/asianchinaboi/backendserver/internal/api/routes/admin.reset (4 handlers)
[GIN-debug] POST   /api/admin/banip          --> github.com/asianchinaboi/backendserver/internal/api/routes/admin.banIP (4 handlers)
[GIN-debug] GET    /api/admin/users          --> github.com/asianchinaboi/backendserver/internal/api/routes/admin/users.Get (4 handlers)
[GIN-debug] DELETE /api/admin/users/:userId  --> github.com/asianchinaboi/backendserver/internal/api/routes/admin/users.Delete (4 handlers)
[GIN-debug] PATCH  /api/admin/users/:userId  --> github.com/asianchinaboi/backendserver/internal/api/routes/admin/users.Edit (4 handlers)
[GIN-debug] GET    /api/admin/guilds         --> github.com/asianchinaboi/backendserver/internal/api/routes/admin/guilds.Get (4 handlers)
[GIN-debug] DELETE /api/admin/guilds/:userId --> github.com/asianchinaboi/backendserver/internal/api/routes/admin/guilds.Delete (4 handlers)
[GIN-debug] PATCH  /api/admin/guilds/:userId --> github.com/asianchinaboi/backendserver/internal/api/routes/admin/guilds.Edit (4 handlers)
[GIN-debug] GET    /api/status/              --> github.com/asianchinaboi/backendserver/internal/api/routes/status.ShowStatus (3 handlers)
[GIN-debug] POST   /api/guilds/              --> github.com/asianchinaboi/backendserver/internal/api/routes/guilds.createGuild (4 handlers)
[GIN-debug] POST   /api/guilds/join          --> github.com/asianchinaboi/backendserver/internal/api/routes/guilds.joinGuild (4 handlers)
[GIN-debug] DELETE /api/guilds/:guildId      --> github.com/asianchinaboi/backendserver/internal/api/routes/guilds.deleteGuild (4 handlers)
[GIN-debug] PATCH  /api/guilds/:guildId      --> github.com/asianchinaboi/backendserver/internal/api/routes/guilds.editGuild (4 handlers)
[GIN-debug] GET    /api/guilds/:guildId/settings --> github.com/asianchinaboi/backendserver/internal/api/routes/guilds.getSettings (4 handlers)
[GIN-debug] GET    /api/guilds/:guildId/members --> github.com/asianchinaboi/backendserver/internal/api/routes/guilds/members.Get (4 handlers)
[GIN-debug] DELETE /api/guilds/:guildId/members/:userId --> github.com/asianchinaboi/backendserver/internal/api/routes/guilds/members.Kick (4 handlers)
[GIN-debug] POST   /api/guilds/:guildId/members/:userId/owner --> github.com/asianchinaboi/backendserver/internal/api/routes/guilds/members.ChangeOwner (4 handlers)
[GIN-debug] GET    /api/guilds/:guildId/msgs --> github.com/asianchinaboi/backendserver/internal/api/routes/guilds/msg.Get (4 handlers)
[GIN-debug] POST   /api/guilds/:guildId/msgs --> github.com/asianchinaboi/backendserver/internal/api/routes/guilds/msg.Send (4 handlers)
[GIN-debug] DELETE /api/guilds/:guildId/msgs/:msgId --> github.com/asianchinaboi/backendserver/internal/api/routes/guilds/msg.Delete (4 handlers)
[GIN-debug] PATCH  /api/guilds/:guildId/msgs/:msgId --> github.com/asianchinaboi/backendserver/internal/api/routes/guilds/msg.Edit (4 handlers)
[GIN-debug] DELETE /api/guilds/:guildId/msgs/clear --> github.com/asianchinaboi/backendserver/internal/api/routes/guilds/msg.Clear (4 handlers)
[GIN-debug] POST   /api/guilds/:guildId/msgs/typing --> github.com/asianchinaboi/backendserver/internal/api/routes/guilds/msg.Typing (4 handlers)
[GIN-debug] POST   /api/guilds/:guildId/msgs/read --> github.com/asianchinaboi/backendserver/internal/api/routes/guilds/msg.Read (4 handlers)
[GIN-debug] GET    /api/guilds/:guildId/bans --> github.com/asianchinaboi/backendserver/internal/api/routes/guilds/bans.Get (4 handlers)
[GIN-debug] POST   /api/guilds/:guildId/bans/:userId --> github.com/asianchinaboi/backendserver/internal/api/routes/guilds/bans.Ban (4 handlers)
[GIN-debug] DELETE /api/guilds/:guildId/bans/:userId --> github.com/asianchinaboi/backendserver/internal/api/routes/guilds/bans.Unban (4 handlers)
[GIN-debug] GET    /api/guilds/:guildId/invites --> github.com/asianchinaboi/backendserver/internal/api/routes/guilds/invites.Get (4 handlers)
[GIN-debug] POST   /api/guilds/:guildId/invites --> github.com/asianchinaboi/backendserver/internal/api/routes/guilds/invites.Create (4 handlers)
[GIN-debug] DELETE /api/guilds/:guildId/invites/:invite --> github.com/asianchinaboi/backendserver/internal/api/routes/guilds/invites.Delete (4 handlers)
[GIN-debug] POST   /api/users/               --> github.com/asianchinaboi/backendserver/internal/api/routes/users.userCreate (3 handlers)
[GIN-debug] DELETE /api/users/               --> github.com/asianchinaboi/backendserver/internal/api/routes/users.userDelete (3 handlers)
[GIN-debug] DELETE /api/users/msgs           --> github.com/asianchinaboi/backendserver/internal/api/routes/users.clearUserMsg (3 handlers)
[GIN-debug] POST   /api/users/auth           --> github.com/asianchinaboi/backendserver/internal/api/routes/users.userAuth (3 handlers)
[GIN-debug] PATCH  /api/users/@me            --> github.com/asianchinaboi/backendserver/internal/api/routes/users.editSelf (3 handlers)
[GIN-debug] GET    /api/users/@me            --> github.com/asianchinaboi/backendserver/internal/api/routes/users.getSelfInfo (4 handlers)
[GIN-debug] GET    /api/users/guilds         --> github.com/asianchinaboi/backendserver/internal/api/routes/users.getSelfGuilds (5 handlers)
[GIN-debug] DELETE /api/users/guilds/:guildId --> github.com/asianchinaboi/backendserver/internal/api/routes/users.leaveGuild (6 handlers)
[GIN-debug] GET    /api/ws/                  --> github.com/asianchinaboi/backendserver/internal/api/routes/ws.webSocket (3 handlers)
DEBUG:	2023/01/12 22:34:48 cooldown.go:65: Created new limiter
DEBUG:	2023/01/12 22:34:48 cooldown.go:72: before send chan
DEBUG:	2023/01/12 22:34:48 cooldown.go:37: Started limiter
DEBUG:	2023/01/12 22:34:48 cooldown.go:41: received a msg to add
DEBUG:	2023/01/12 22:34:48 cooldown.go:74: after send chan
DEBUG:	2023/01/12 22:34:48 cooldown.go:15: [::1]:56028
DEBUG:	2023/01/12 22:34:48 get.go:75: AsL 0
ERROR:	2023/01/12 22:34:48 get.go:78: pq: invalid input syntax for type bigint: "AsL"
DEBUG:	2023/01/12 22:35:48 cooldown.go:34: Stopped limiter
INFO:	2023/01/12 22:36:03 main.go:32: Shutting down server
FATAL:	2023/01/12 22:36:03 main.go:24: http: Server closed
INFO:	2023/01/12 22:36:05 main.go:16: Handling requests
[GIN-debug] [WARNING] Running in "debug" mode. Switch to "release" mode in production.
 - using env:	export GIN_MODE=release
 - using code:	gin.SetMode(gin.ReleaseMode)

[GIN-debug] GET    /                         --> github.com/asianchinaboi/backendserver/internal/api/routes/static.staticFiles (2 handlers)
[GIN-debug] POST   /api/admin/reset          --> github.com/asianchinaboi/backendserver/internal/api/routes/admin.reset (4 handlers)
[GIN-debug] POST   /api/admin/banip          --> github.com/asianchinaboi/backendserver/internal/api/routes/admin.banIP (4 handlers)
[GIN-debug] GET    /api/admin/users          --> github.com/asianchinaboi/backendserver/internal/api/routes/admin/users.Get (4 handlers)
[GIN-debug] DELETE /api/admin/users/:userId  --> github.com/asianchinaboi/backendserver/internal/api/routes/admin/users.Delete (4 handlers)
[GIN-debug] PATCH  /api/admin/users/:userId  --> github.com/asianchinaboi/backendserver/internal/api/routes/admin/users.Edit (4 handlers)
[GIN-debug] GET    /api/admin/guilds         --> github.com/asianchinaboi/backendserver/internal/api/routes/admin/guilds.Get (4 handlers)
[GIN-debug] DELETE /api/admin/guilds/:userId --> github.com/asianchinaboi/backendserver/internal/api/routes/admin/guilds.Delete (4 handlers)
[GIN-debug] PATCH  /api/admin/guilds/:userId --> github.com/asianchinaboi/backendserver/internal/api/routes/admin/guilds.Edit (4 handlers)
[GIN-debug] GET    /api/status/              --> github.com/asianchinaboi/backendserver/internal/api/routes/status.ShowStatus (3 handlers)
[GIN-debug] POST   /api/guilds/              --> github.com/asianchinaboi/backendserver/internal/api/routes/guilds.createGuild (4 handlers)
[GIN-debug] POST   /api/guilds/join          --> github.com/asianchinaboi/backendserver/internal/api/routes/guilds.joinGuild (4 handlers)
[GIN-debug] DELETE /api/guilds/:guildId      --> github.com/asianchinaboi/backendserver/internal/api/routes/guilds.deleteGuild (4 handlers)
[GIN-debug] PATCH  /api/guilds/:guildId      --> github.com/asianchinaboi/backendserver/internal/api/routes/guilds.editGuild (4 handlers)
[GIN-debug] GET    /api/guilds/:guildId/settings --> github.com/asianchinaboi/backendserver/internal/api/routes/guilds.getSettings (4 handlers)
[GIN-debug] GET    /api/guilds/:guildId/members --> github.com/asianchinaboi/backendserver/internal/api/routes/guilds/members.Get (4 handlers)
[GIN-debug] DELETE /api/guilds/:guildId/members/:userId --> github.com/asianchinaboi/backendserver/internal/api/routes/guilds/members.Kick (4 handlers)
[GIN-debug] POST   /api/guilds/:guildId/members/:userId/owner --> github.com/asianchinaboi/backendserver/internal/api/routes/guilds/members.ChangeOwner (4 handlers)
[GIN-debug] GET    /api/guilds/:guildId/msgs --> github.com/asianchinaboi/backendserver/internal/api/routes/guilds/msg.Get (4 handlers)
[GIN-debug] POST   /api/guilds/:guildId/msgs --> github.com/asianchinaboi/backendserver/internal/api/routes/guilds/msg.Send (4 handlers)
[GIN-debug] DELETE /api/guilds/:guildId/msgs/:msgId --> github.com/asianchinaboi/backendserver/internal/api/routes/guilds/msg.Delete (4 handlers)
[GIN-debug] PATCH  /api/guilds/:guildId/msgs/:msgId --> github.com/asianchinaboi/backendserver/internal/api/routes/guilds/msg.Edit (4 handlers)
[GIN-debug] DELETE /api/guilds/:guildId/msgs/clear --> github.com/asianchinaboi/backendserver/internal/api/routes/guilds/msg.Clear (4 handlers)
[GIN-debug] POST   /api/guilds/:guildId/msgs/typing --> github.com/asianchinaboi/backendserver/internal/api/routes/guilds/msg.Typing (4 handlers)
[GIN-debug] POST   /api/guilds/:guildId/msgs/read --> github.com/asianchinaboi/backendserver/internal/api/routes/guilds/msg.Read (4 handlers)
[GIN-debug] GET    /api/guilds/:guildId/bans --> github.com/asianchinaboi/backendserver/internal/api/routes/guilds/bans.Get (4 handlers)
[GIN-debug] POST   /api/guilds/:guildId/bans/:userId --> github.com/asianchinaboi/backendserver/internal/api/routes/guilds/bans.Ban (4 handlers)
[GIN-debug] DELETE /api/guilds/:guildId/bans/:userId --> github.com/asianchinaboi/backendserver/internal/api/routes/guilds/bans.Unban (4 handlers)
[GIN-debug] GET    /api/guilds/:guildId/invites --> github.com/asianchinaboi/backendserver/internal/api/routes/guilds/invites.Get (4 handlers)
[GIN-debug] POST   /api/guilds/:guildId/invites --> github.com/asianchinaboi/backendserver/internal/api/routes/guilds/invites.Create (4 handlers)
[GIN-debug] DELETE /api/guilds/:guildId/invites/:invite --> github.com/asianchinaboi/backendserver/internal/api/routes/guilds/invites.Delete (4 handlers)
[GIN-debug] POST   /api/users/               --> github.com/asianchinaboi/backendserver/internal/api/routes/users.userCreate (3 handlers)
[GIN-debug] DELETE /api/users/               --> github.com/asianchinaboi/backendserver/internal/api/routes/users.userDelete (3 handlers)
[GIN-debug] DELETE /api/users/msgs           --> github.com/asianchinaboi/backendserver/internal/api/routes/users.clearUserMsg (3 handlers)
[GIN-debug] POST   /api/users/auth           --> github.com/asianchinaboi/backendserver/internal/api/routes/users.userAuth (3 handlers)
[GIN-debug] PATCH  /api/users/@me            --> github.com/asianchinaboi/backendserver/internal/api/routes/users.editSelf (3 handlers)
[GIN-debug] GET    /api/users/@me            --> github.com/asianchinaboi/backendserver/internal/api/routes/users.getSelfInfo (4 handlers)
[GIN-debug] GET    /api/users/guilds         --> github.com/asianchinaboi/backendserver/internal/api/routes/users.getSelfGuilds (5 handlers)
[GIN-debug] DELETE /api/users/guilds/:guildId --> github.com/asianchinaboi/backendserver/internal/api/routes/users.leaveGuild (6 handlers)
[GIN-debug] GET    /api/ws/                  --> github.com/asianchinaboi/backendserver/internal/api/routes/ws.webSocket (3 handlers)
DEBUG:	2023/01/12 22:36:08 cooldown.go:65: Created new limiter
DEBUG:	2023/01/12 22:36:08 cooldown.go:72: before send chan
DEBUG:	2023/01/12 22:36:08 cooldown.go:37: Started limiter
DEBUG:	2023/01/12 22:36:08 cooldown.go:41: received a msg to add
DEBUG:	2023/01/12 22:36:08 cooldown.go:74: after send chan
DEBUG:	2023/01/12 22:36:08 cooldown.go:15: [::1]:51198
DEBUG:	2023/01/12 22:36:08 get.go:75: null 0
ERROR:	2023/01/12 22:36:08 get.go:78: pq: invalid input syntax for type bigint: "null"
DEBUG:	2023/01/12 22:37:08 cooldown.go:34: Stopped limiter
