INFO:	2023/01/21 11:14:57 main.go:16: Handling requests
[GIN-debug] [WARNING] Running in "debug" mode. Switch to "release" mode in production.
 - using env:	export GIN_MODE=release
 - using code:	gin.SetMode(gin.ReleaseMode)

[GIN-debug] GET    /                         --> github.com/asianchinaboi/backendserver/internal/api/routes/static.staticFiles (2 handlers)
[GIN-debug] POST   /api/admin/reset          --> github.com/asianchinaboi/backendserver/internal/api/routes/admin.reset (4 handlers)
[GIN-debug] POST   /api/admin/banip          --> github.com/asianchinaboi/backendserver/internal/api/routes/admin.banIP (4 handlers)
[GIN-debug] GET    /api/admin/users          --> github.com/asianchinaboi/backendserver/internal/api/routes/admin/users.Get (4 handlers)
[GIN-debug] DELETE /api/admin/users/:userId  --> github.com/asianchinaboi/backendserver/internal/api/routes/admin/users.Delete (4 handlers)
[GIN-debug] PATCH  /api/admin/users/:userId  --> github.com/asianchinaboi/backendserver/internal/api/routes/admin/users.Edit (4 handlers)
[GIN-debug] GET    /api/admin/guilds         --> github.com/asianchinaboi/backendserver/internal/api/routes/admin/guilds.Get (4 handlers)
[GIN-debug] DELETE /api/admin/guilds/:userId --> github.com/asianchinaboi/backendserver/internal/api/routes/admin/guilds.Delete (4 handlers)
[GIN-debug] PATCH  /api/admin/guilds/:userId --> github.com/asianchinaboi/backendserver/internal/api/routes/admin/guilds.Edit (4 handlers)
[GIN-debug] GET    /api/status/              --> github.com/asianchinaboi/backendserver/internal/api/routes/status.ShowStatus (3 handlers)
[GIN-debug] POST   /api/guilds/              --> github.com/asianchinaboi/backendserver/internal/api/routes/guilds.createGuild (4 handlers)
[GIN-debug] POST   /api/guilds/join          --> github.com/asianchinaboi/backendserver/internal/api/routes/guilds.joinGuild (4 handlers)
[GIN-debug] DELETE /api/guilds/:guildId      --> github.com/asianchinaboi/backendserver/internal/api/routes/guilds.deleteGuild (4 handlers)
[GIN-debug] PATCH  /api/guilds/:guildId      --> github.com/asianchinaboi/backendserver/internal/api/routes/guilds.editGuild (4 handlers)
[GIN-debug] GET    /api/guilds/:guildId/settings --> github.com/asianchinaboi/backendserver/internal/api/routes/guilds.getSettings (4 handlers)
[GIN-debug] GET    /api/guilds/:guildId/members --> github.com/asianchinaboi/backendserver/internal/api/routes/guilds/members.Get (4 handlers)
[GIN-debug] DELETE /api/guilds/:guildId/members/:userId --> github.com/asianchinaboi/backendserver/internal/api/routes/guilds/members.Kick (4 handlers)
[GIN-debug] POST   /api/guilds/:guildId/members/:userId/owner --> github.com/asianchinaboi/backendserver/internal/api/routes/guilds/members.ChangeOwner (4 handlers)
[GIN-debug] GET    /api/guilds/:guildId/msgs --> github.com/asianchinaboi/backendserver/internal/api/routes/guilds/msg.Get (4 handlers)
[GIN-debug] POST   /api/guilds/:guildId/msgs --> github.com/asianchinaboi/backendserver/internal/api/routes/guilds/msg.Send (4 handlers)
[GIN-debug] DELETE /api/guilds/:guildId/msgs/:msgId --> github.com/asianchinaboi/backendserver/internal/api/routes/guilds/msg.Delete (4 handlers)
[GIN-debug] PATCH  /api/guilds/:guildId/msgs/:msgId --> github.com/asianchinaboi/backendserver/internal/api/routes/guilds/msg.Edit (4 handlers)
[GIN-debug] DELETE /api/guilds/:guildId/msgs/clear --> github.com/asianchinaboi/backendserver/internal/api/routes/guilds/msg.Clear (4 handlers)
[GIN-debug] POST   /api/guilds/:guildId/msgs/typing --> github.com/asianchinaboi/backendserver/internal/api/routes/guilds/msg.Typing (4 handlers)
[GIN-debug] POST   /api/guilds/:guildId/msgs/read --> github.com/asianchinaboi/backendserver/internal/api/routes/guilds/msg.Read (4 handlers)
[GIN-debug] GET    /api/guilds/:guildId/bans --> github.com/asianchinaboi/backendserver/internal/api/routes/guilds/bans.Get (4 handlers)
[GIN-debug] POST   /api/guilds/:guildId/bans/:userId --> github.com/asianchinaboi/backendserver/internal/api/routes/guilds/bans.Ban (4 handlers)
[GIN-debug] DELETE /api/guilds/:guildId/bans/:userId --> github.com/asianchinaboi/backendserver/internal/api/routes/guilds/bans.Unban (4 handlers)
[GIN-debug] GET    /api/guilds/:guildId/invites --> github.com/asianchinaboi/backendserver/internal/api/routes/guilds/invites.Get (4 handlers)
[GIN-debug] POST   /api/guilds/:guildId/invites --> github.com/asianchinaboi/backendserver/internal/api/routes/guilds/invites.Create (4 handlers)
[GIN-debug] DELETE /api/guilds/:guildId/invites/:invite --> github.com/asianchinaboi/backendserver/internal/api/routes/guilds/invites.Delete (4 handlers)
[GIN-debug] POST   /api/users/               --> github.com/asianchinaboi/backendserver/internal/api/routes/users.userCreate (3 handlers)
[GIN-debug] DELETE /api/users/               --> github.com/asianchinaboi/backendserver/internal/api/routes/users.userDelete (3 handlers)
[GIN-debug] DELETE /api/users/msgs           --> github.com/asianchinaboi/backendserver/internal/api/routes/users.clearUserMsg (3 handlers)
[GIN-debug] POST   /api/users/auth           --> github.com/asianchinaboi/backendserver/internal/api/routes/users.userAuth (3 handlers)
[GIN-debug] PATCH  /api/users/@me            --> github.com/asianchinaboi/backendserver/internal/api/routes/users.editSelf (3 handlers)
[GIN-debug] GET    /api/users/@me            --> github.com/asianchinaboi/backendserver/internal/api/routes/users.getSelfInfo (4 handlers)
[GIN-debug] GET    /api/users/guilds         --> github.com/asianchinaboi/backendserver/internal/api/routes/users.getSelfGuilds (5 handlers)
[GIN-debug] DELETE /api/users/guilds/:guildId --> github.com/asianchinaboi/backendserver/internal/api/routes/users.leaveGuild (6 handlers)
[GIN-debug] GET    /api/ws/                  --> github.com/asianchinaboi/backendserver/internal/api/routes/ws.webSocket (3 handlers)
ERROR:	2023/01/21 11:16:16 checkIP.go:16: pq: relation "bannedips" does not exist
ERROR:	2023/01/21 11:16:17 checkIP.go:16: pq: relation "bannedips" does not exist
INFO:	2023/01/21 11:16:31 main.go:32: Shutting down server
FATAL:	2023/01/21 11:16:31 main.go:24: http: Server closed
