INFO:	2023/06/28 22:43:29 main.go:19: Handling requests
[GIN-debug] [WARNING] Running in "debug" mode. Switch to "release" mode in production.
 - using env:	export GIN_MODE=release
 - using code:	gin.SetMode(gin.ReleaseMode)

[GIN-debug] GET    /                         --> github.com/asianchinaboi/backendserver/internal/api/routes/static.staticFiles (2 handlers)
[GIN-debug] POST   /api/admin/reset          --> github.com/asianchinaboi/backendserver/internal/api/routes/admin.reset (4 handlers)
[GIN-debug] POST   /api/admin/sql            --> github.com/asianchinaboi/backendserver/internal/api/routes/admin.runSqlQuery (4 handlers)
[GIN-debug] POST   /api/admin/banip          --> github.com/asianchinaboi/backendserver/internal/api/routes/admin.banIP (4 handlers)
[GIN-debug] GET    /api/admin/users          --> github.com/asianchinaboi/backendserver/internal/api/routes/admin/users.Get (4 handlers)
[GIN-debug] DELETE /api/admin/users/:userId  --> github.com/asianchinaboi/backendserver/internal/api/routes/admin/users.Delete (4 handlers)
[GIN-debug] PATCH  /api/admin/users/:userId  --> github.com/asianchinaboi/backendserver/internal/api/routes/admin/users.Edit (4 handlers)
[GIN-debug] GET    /api/admin/guilds         --> github.com/asianchinaboi/backendserver/internal/api/routes/admin/guilds.Get (4 handlers)
[GIN-debug] DELETE /api/admin/guilds/:guildId --> github.com/asianchinaboi/backendserver/internal/api/routes/admin/guilds.Delete (4 handlers)
[GIN-debug] PATCH  /api/admin/guilds/:guildId --> github.com/asianchinaboi/backendserver/internal/api/routes/admin/guilds.Edit (4 handlers)
[GIN-debug] GET    /api/admin/guilds/:guildId/members --> github.com/asianchinaboi/backendserver/internal/api/routes/admin/guilds/members.Get (4 handlers)
[GIN-debug] DELETE /api/admin/guilds/:guildId/members/:userId --> github.com/asianchinaboi/backendserver/internal/api/routes/admin/guilds/members.Kick (4 handlers)
[GIN-debug] GET    /api/admin/guilds/:guildId/bans --> github.com/asianchinaboi/backendserver/internal/api/routes/admin/guilds/bans.Get (4 handlers)
[GIN-debug] PUT    /api/admin/guilds/:guildId/bans/:userId --> github.com/asianchinaboi/backendserver/internal/api/routes/admin/guilds/bans.Ban (4 handlers)
[GIN-debug] DELETE /api/admin/guilds/:guildId/bans/:userId --> github.com/asianchinaboi/backendserver/internal/api/routes/admin/guilds/bans.Unban (4 handlers)
[GIN-debug] GET    /api/status/              --> github.com/asianchinaboi/backendserver/internal/api/routes/status.ShowStatus (3 handlers)
[GIN-debug] POST   /api/guilds/              --> github.com/asianchinaboi/backendserver/internal/api/routes/guilds.createGuild (4 handlers)
[GIN-debug] POST   /api/guilds/join          --> github.com/asianchinaboi/backendserver/internal/api/routes/guilds.joinGuild (4 handlers)
[GIN-debug] DELETE /api/guilds/:guildId      --> github.com/asianchinaboi/backendserver/internal/api/routes/guilds.deleteGuild (4 handlers)
[GIN-debug] PATCH  /api/guilds/:guildId      --> github.com/asianchinaboi/backendserver/internal/api/routes/guilds.editGuild (4 handlers)
[GIN-debug] GET    /api/guilds/:guildId      --> github.com/asianchinaboi/backendserver/internal/api/routes/guilds.getGuild (4 handlers)
[GIN-debug] GET    /api/guilds/:guildId/members --> github.com/asianchinaboi/backendserver/internal/api/routes/guilds/members.Get (4 handlers)
[GIN-debug] DELETE /api/guilds/:guildId/members/:userId --> github.com/asianchinaboi/backendserver/internal/api/routes/guilds/members.Kick (4 handlers)
[GIN-debug] PUT    /api/guilds/:guildId/admins/:userId --> github.com/asianchinaboi/backendserver/internal/api/routes/guilds/admins.Create (4 handlers)
[GIN-debug] DELETE /api/guilds/:guildId/admins/:userId --> github.com/asianchinaboi/backendserver/internal/api/routes/guilds/admins.Delete (4 handlers)
[GIN-debug] GET    /api/guilds/:guildId/admins --> github.com/asianchinaboi/backendserver/internal/api/routes/guilds/admins.Get (4 handlers)
[GIN-debug] GET    /api/guilds/:guildId/msgs --> github.com/asianchinaboi/backendserver/internal/api/routes/guilds/msgs.Get (4 handlers)
[GIN-debug] POST   /api/guilds/:guildId/msgs --> github.com/asianchinaboi/backendserver/internal/api/routes/guilds/msgs.Send (4 handlers)
[GIN-debug] DELETE /api/guilds/:guildId/msgs/:msgId --> github.com/asianchinaboi/backendserver/internal/api/routes/guilds/msgs.Delete (4 handlers)
[GIN-debug] PATCH  /api/guilds/:guildId/msgs/:msgId --> github.com/asianchinaboi/backendserver/internal/api/routes/guilds/msgs.Edit (4 handlers)
[GIN-debug] DELETE /api/guilds/:guildId/msgs/clear --> github.com/asianchinaboi/backendserver/internal/api/routes/guilds/msgs.Clear (4 handlers)
[GIN-debug] POST   /api/guilds/:guildId/msgs/typing --> github.com/asianchinaboi/backendserver/internal/api/routes/guilds/msgs.Typing (4 handlers)
[GIN-debug] POST   /api/guilds/:guildId/msgs/read --> github.com/asianchinaboi/backendserver/internal/api/routes/guilds/msgs.Read (4 handlers)
[GIN-debug] GET    /api/guilds/:guildId/bans --> github.com/asianchinaboi/backendserver/internal/api/routes/guilds/bans.Get (4 handlers)
[GIN-debug] PUT    /api/guilds/:guildId/bans/:userId --> github.com/asianchinaboi/backendserver/internal/api/routes/guilds/bans.Ban (4 handlers)
[GIN-debug] DELETE /api/guilds/:guildId/bans/:userId --> github.com/asianchinaboi/backendserver/internal/api/routes/guilds/bans.Unban (4 handlers)
[GIN-debug] GET    /api/guilds/:guildId/invites --> github.com/asianchinaboi/backendserver/internal/api/routes/guilds/invites.Get (4 handlers)
[GIN-debug] POST   /api/guilds/:guildId/invites --> github.com/asianchinaboi/backendserver/internal/api/routes/guilds/invites.Create (4 handlers)
[GIN-debug] DELETE /api/guilds/:guildId/invites/:invite --> github.com/asianchinaboi/backendserver/internal/api/routes/guilds/invites.Delete (4 handlers)
[GIN-debug] POST   /api/users/               --> github.com/asianchinaboi/backendserver/internal/api/routes/users.userCreate (3 handlers)
[GIN-debug] GET    /api/users/:userId        --> github.com/asianchinaboi/backendserver/internal/api/routes/users.getUserInfo (4 handlers)
[GIN-debug] POST   /api/users/auth           --> github.com/asianchinaboi/backendserver/internal/api/routes/users.userAuth (3 handlers)
[GIN-debug] PATCH  /api/users/@me/           --> github.com/asianchinaboi/backendserver/internal/api/routes/users.editSelf (4 handlers)
[GIN-debug] DELETE /api/users/@me/           --> github.com/asianchinaboi/backendserver/internal/api/routes/users.userDelete (4 handlers)
[GIN-debug] GET    /api/users/@me/           --> github.com/asianchinaboi/backendserver/internal/api/routes/users.getSelfInfo (4 handlers)
[GIN-debug] POST   /api/users/@me/dms        --> github.com/asianchinaboi/backendserver/internal/api/routes/users/directmsgs.Create (4 handlers)
[GIN-debug] DELETE /api/users/@me/dms/:dmId  --> github.com/asianchinaboi/backendserver/internal/api/routes/users/directmsgs.Delete (4 handlers)
[GIN-debug] PUT    /api/users/@me/friends/:userId --> github.com/asianchinaboi/backendserver/internal/api/routes/users/friends.Create (4 handlers)
[GIN-debug] GET    /api/users/@me/friends    --> github.com/asianchinaboi/backendserver/internal/api/routes/users/friends.Get (4 handlers)
[GIN-debug] DELETE /api/users/@me/friends/:userId --> github.com/asianchinaboi/backendserver/internal/api/routes/users/friends.Delete (4 handlers)
[GIN-debug] POST   /api/users/@me/requests/:userId/accept --> github.com/asianchinaboi/backendserver/internal/api/routes/users/requests.Accept (4 handlers)
[GIN-debug] POST   /api/users/@me/requests/:userId/decline --> github.com/asianchinaboi/backendserver/internal/api/routes/users/requests.Decline (4 handlers)
[GIN-debug] GET    /api/users/@me/requests   --> github.com/asianchinaboi/backendserver/internal/api/routes/users/requests.Get (4 handlers)
[GIN-debug] PUT    /api/users/@me/blocked/:userId --> github.com/asianchinaboi/backendserver/internal/api/routes/users/blocked.Create (4 handlers)
[GIN-debug] GET    /api/users/@me/blocked    --> github.com/asianchinaboi/backendserver/internal/api/routes/users/blocked.Get (4 handlers)
[GIN-debug] DELETE /api/users/@me/blocked/:userId --> github.com/asianchinaboi/backendserver/internal/api/routes/users/blocked.Delete (4 handlers)
[GIN-debug] GET    /api/users/@me/guilds     --> github.com/asianchinaboi/backendserver/internal/api/routes/users.getSelfGuilds (4 handlers)
[GIN-debug] DELETE /api/users/@me/guilds/:guildId --> github.com/asianchinaboi/backendserver/internal/api/routes/users.leaveGuild (4 handlers)
[GIN-debug] DELETE /api/users/@me/msgs       --> github.com/asianchinaboi/backendserver/internal/api/routes/users.clearUserMsg (4 handlers)
[GIN-debug] GET    /api/ws/                  --> github.com/asianchinaboi/backendserver/internal/api/routes/ws.webSocket (3 handlers)
[GIN-debug] GET    /api/files/:entityType/:fileId --> github.com/asianchinaboi/backendserver/internal/api/routes/files.get (3 handlers)
DEBUG:	2023/06/28 22:43:30 cooldown.go:15: ::1
ERROR:	2023/06/28 22:43:30 cooldown.go:17: cooldown: cooldown is active
DEBUG:	2023/06/28 22:43:36 cooldown.go:15: ::1
ERROR:	2023/06/28 22:43:36 cooldown.go:17: cooldown: cooldown is active
DEBUG:	2023/06/28 22:43:41 cooldown.go:15: ::1
ERROR:	2023/06/28 22:43:41 cooldown.go:17: cooldown: cooldown is active
INFO:	2023/06/28 22:43:45 main.go:48: Shutting down server
FATAL:	2023/06/28 22:43:45 main.go:40: http: Server closed
